<?xml version="1.0" encoding="UTF-8"?>
<robot generator="Robot 7.1 (Python 3.12.10 on win32)" generated="2026-06-02T17:17:03.125161" rpa="false" schemaversion="5">
<suite id="s1" name="Api" source="C:\Users\Dione\Desktop\Mentoria-QA\teste2\tests\funcional\api">
<suite id="s1-s1" name="Auth" source="C:\Users\Dione\Desktop\Mentoria-QA\teste2\tests\funcional\api\auth">
<suite id="s1-s1-s1" name="Auth Suites" source="C:\Users\Dione\Desktop\Mentoria-QA\teste2\tests\funcional\api\auth\auth_suites.robot">
<kw name="Criar Sessão API" owner="api_keywords" type="SETUP">
<kw name="Create Session" owner="RequestsLibrary">
<msg time="2026-06-02T17:17:03.344439" level="INFO">Creating Session using : alias=api, url=https://restful-booker.herokuapp.com, headers={},                     cookies={}, auth=None, timeout=30, proxies=None, verify=False,                     debug=0 </msg>
<arg>api</arg>
<arg>${BASE_URL}</arg>
<arg>timeout=${TIMEOUT}</arg>
<arg>verify=False</arg>
<doc>Create Session: create a HTTP session to a server</doc>
<status status="PASS" start="2026-06-02T17:17:03.344439" elapsed="0.000408"/>
</kw>
<status status="PASS" start="2026-06-02T17:17:03.343564" elapsed="0.001283"/>
</kw>
<test id="s1-s1-s1-t1" name="Cenario 1: Autenticação com credenciais válidas deve retornar token" line="13">
<kw name="Dado que o endpoint de autenticação está disponível" owner="api_keywords">
<kw name="Criar Sessão API" owner="api_keywords">
<kw name="Create Session" owner="RequestsLibrary">
<msg time="2026-06-02T17:17:03.344847" level="INFO">Creating Session using : alias=api, url=https://restful-booker.herokuapp.com, headers={},                     cookies={}, auth=None, timeout=30, proxies=None, verify=False,                     debug=0 </msg>
<arg>api</arg>
<arg>${BASE_URL}</arg>
<arg>timeout=${TIMEOUT}</arg>
<arg>verify=False</arg>
<doc>Create Session: create a HTTP session to a server</doc>
<status status="PASS" start="2026-06-02T17:17:03.344847" elapsed="0.000000"/>
</kw>
<status status="PASS" start="2026-06-02T17:17:03.344847" elapsed="0.000000"/>
</kw>
<status status="PASS" start="2026-06-02T17:17:03.344847" elapsed="0.000000"/>
</kw>
<kw name="Quando eu realizo o POST /auth com username admin e password password123" owner="api_keywords" source_name="Quando eu realizo o POST /auth com username ${username} e password ${password}">
<kw name="Create Dictionary" owner="BuiltIn">
<msg time="2026-06-02T17:17:03.344847" level="INFO">${payload} = {'username': 'admin', 'password': 'password123'}</msg>
<var>${payload}</var>
<arg>username=${username}</arg>
<arg>password=${password}</arg>
<doc>Creates and returns a dictionary based on the given ``items``.</doc>
<status status="PASS" start="2026-06-02T17:17:03.344847" elapsed="0.000000"/>
</kw>
<kw name="POST On Session" owner="RequestsLibrary">
<msg time="2026-06-02T17:17:04.019546" level="INFO">POST Request : url=https://restful-booker.herokuapp.com/auth 
 path_url=/auth 
 headers={'User-Agent': 'python-requests/2.34.2', 'Accept-Encoding': 'gzip, deflate', 'Accept': '*/*', 'Connection': 'keep-alive', 'Content-Length': '48', 'Content-Type': 'application/json'} 
 body=b'{"username": "admin", "password": "password123"}' 
 </msg>
<msg time="2026-06-02T17:17:04.019546" level="INFO">POST Response : url=https://restful-booker.herokuapp.com/auth 
 status=200, reason=OK 
 headers={'Content-Length': '27', 'Content-Type': 'application/json; charset=utf-8', 'Date': 'Tue, 02 Jun 2026 20:17:04 GMT', 'Etag': 'W/"1b-1TAv1uFrt+iNcNjqi39a5piO2wk"', 'Nel': '{"report_to":"heroku-nel","response_headers":["Via"],"max_age":3600,"success_fraction":0.01,"failure_fraction":0.1}', 'Report-To': '{"group":"heroku-nel","endpoints":[{"url":"https://nel.heroku.com/reports?s=xweCb8vbx829TZOwIDhVKXn0E8mG0zRA8P3h57Fkx%2BY%3D\\u0026sid=c46efe9b-d3d2-4a0c-8c76-bfafa16c5add\\u0026ts=1780431424"}],"max_age":3600}', 'Reporting-Endpoints': 'heroku-nel="https://nel.heroku.com/reports?s=xweCb8vbx829TZOwIDhVKXn0E8mG0zRA8P3h57Fkx%2BY%3D&amp;sid=c46efe9b-d3d2-4a0c-8c76-bfafa16c5add&amp;ts=1780431424"', 'Server': 'Heroku', 'Via': '1.1 heroku-router', 'X-Powered-By': 'Express'} 
 body={"token":"d76246ce4d3f5f8"} 
 </msg>
<msg time="2026-06-02T17:17:04.019546" level="INFO">C:\Users\Dione\AppData\Local\Programs\Python\Python312\Lib\site-packages\urllib3\connectionpool.py:1097: InsecureRequestWarning: Unverified HTTPS request is being made to host 'restful-booker.herokuapp.com'. Adding certificate verification is strongly advised. See: https://urllib3.readthedocs.io/en/latest/advanced-usage.html#tls-warnings
  warnings.warn(</msg>
<msg time="2026-06-02T17:17:04.019546" level="INFO">${response} = &lt;Response [200]&gt;</msg>
<var>${response}</var>
<arg>api</arg>
<arg>${AUTH_ENDPOINT}</arg>
<arg>json=${payload}</arg>
<doc>Sends a POST request on a previously created HTTP Session.</doc>
<status status="PASS" start="2026-06-02T17:17:03.344847" elapsed="0.674699"/>
</kw>
<kw name="Set Suite Variable" owner="BuiltIn">
<msg time="2026-06-02T17:17:04.019546" level="INFO">${LAST_RESPONSE} = &lt;Response [200]&gt;</msg>
<arg>${LAST_RESPONSE}</arg>
<arg>${response}</arg>
<doc>Makes a variable available everywhere within the scope of the current suite.</doc>
<status status="PASS" start="2026-06-02T17:17:04.019546" elapsed="0.000000"/>
</kw>
<status status="PASS" start="2026-06-02T17:17:03.344847" elapsed="0.674699"/>
</kw>
<kw name="Então o status da resposta deve ser 200" owner="api_keywords" source_name="Então o status da resposta deve ser ${status}">
<kw name="E o status da resposta deve ser ${status}" owner="api_keywords" source_name="E o status da resposta deve ser ${status}">
<kw name="Should Be Equal As Integers" owner="BuiltIn">
<msg time="2026-06-02T17:17:04.026815" level="INFO">Argument types are:
&lt;class 'int'&gt;
&lt;class 'str'&gt;</msg>
<arg>${LAST_RESPONSE.status_code}</arg>
<arg>${status}</arg>
<doc>Fails if objects are unequal after converting them to integers.</doc>
<status status="PASS" start="2026-06-02T17:17:04.025818" elapsed="0.001432"/>
</kw>
<status status="PASS" start="2026-06-02T17:17:04.024787" elapsed="0.002463"/>
</kw>
<status status="PASS" start="2026-06-02T17:17:04.019546" elapsed="0.007704"/>
</kw>
<kw name="E o corpo da resposta deve conter o campo token" owner="api_keywords">
<kw name="Convert String To Json" owner="JSONLibrary">
<msg time="2026-06-02T17:17:04.028810" level="INFO">${body} = {'token': 'd76246ce4d3f5f8'}</msg>
<var>${body}</var>
<arg>${LAST_RESPONSE.text}</arg>
<doc>Convert String to JSON object</doc>
<status status="PASS" start="2026-06-02T17:17:04.027761" elapsed="0.001049"/>
</kw>
<kw name="Extrair valor JSON" owner="api_keywords">
<kw name="Get Value From Json" owner="JSONLibrary">
<msg time="2026-06-02T17:17:04.057597" level="INFO">${values} = ['d76246ce4d3f5f8']</msg>
<var>${values}</var>
<arg>${json_object}</arg>
<arg>${path}</arg>
<doc>Get Value From JSON using JSONPath</doc>
<status status="PASS" start="2026-06-02T17:17:04.029912" elapsed="0.027685"/>
</kw>
<kw name="Get From List" owner="Collections">
<msg time="2026-06-02T17:17:04.058690" level="INFO">${value} = d76246ce4d3f5f8</msg>
<var>${value}</var>
<arg>${values}</arg>
<arg>0</arg>
<doc>Returns the value specified with an ``index`` from ``list``.</doc>
<status status="PASS" start="2026-06-02T17:17:04.057597" elapsed="0.001093"/>
</kw>
<return>
<value>${value}</value>
<status status="PASS" start="2026-06-02T17:17:04.058690" elapsed="0.000000"/>
</return>
<msg time="2026-06-02T17:17:04.058690" level="INFO">${value} = d76246ce4d3f5f8</msg>
<var>${value}</var>
<arg>${body}</arg>
<arg>token</arg>
<status status="PASS" start="2026-06-02T17:17:04.028810" elapsed="0.029880"/>
</kw>
<kw name="Should Not Be Empty" owner="BuiltIn">
<msg time="2026-06-02T17:17:04.058690" level="INFO">Length is 15.</msg>
<arg>${value}</arg>
<doc>Verifies that the given item is not empty.</doc>
<status status="PASS" start="2026-06-02T17:17:04.058690" elapsed="0.000000"/>
</kw>
<status status="PASS" start="2026-06-02T17:17:04.027761" elapsed="0.030929"/>
</kw>
<kw name="E o token retornado não deve estar vazio" owner="api_keywords">
<kw name="E o corpo da resposta deve conter o campo token" owner="api_keywords">
<kw name="Convert String To Json" owner="JSONLibrary">
<msg time="2026-06-02T17:17:04.059614" level="INFO">${body} = {'token': 'd76246ce4d3f5f8'}</msg>
<var>${body}</var>
<arg>${LAST_RESPONSE.text}</arg>
<doc>Convert String to JSON object</doc>
<status status="PASS" start="2026-06-02T17:17:04.059614" elapsed="0.000000"/>
</kw>
<kw name="Extrair valor JSON" owner="api_keywords">
<kw name="Get Value From Json" owner="JSONLibrary">
<msg time="2026-06-02T17:17:04.073720" level="INFO">${values} = ['d76246ce4d3f5f8']</msg>
<var>${values}</var>
<arg>${json_object}</arg>
<arg>${path}</arg>
<doc>Get Value From JSON using JSONPath</doc>
<status status="PASS" start="2026-06-02T17:17:04.060691" elapsed="0.013029"/>
</kw>
<kw name="Get From List" owner="Collections">
<msg time="2026-06-02T17:17:04.073720" level="INFO">${value} = d76246ce4d3f5f8</msg>
<var>${value}</var>
<arg>${values}</arg>
<arg>0</arg>
<doc>Returns the value specified with an ``index`` from ``list``.</doc>
<status status="PASS" start="2026-06-02T17:17:04.073720" elapsed="0.000000"/>
</kw>
<return>
<value>${value}</value>
<status status="PASS" start="2026-06-02T17:17:04.073720" elapsed="0.000000"/>
</return>
<msg time="2026-06-02T17:17:04.075036" level="INFO">${value} = d76246ce4d3f5f8</msg>
<var>${value}</var>
<arg>${body}</arg>
<arg>token</arg>
<status status="PASS" start="2026-06-02T17:17:04.059614" elapsed="0.015422"/>
</kw>
<kw name="Should Not Be Empty" owner="BuiltIn">
<msg time="2026-06-02T17:17:04.075036" level="INFO">Length is 15.</msg>
<arg>${value}</arg>
<doc>Verifies that the given item is not empty.</doc>
<status status="PASS" start="2026-06-02T17:17:04.075036" elapsed="0.000000"/>
</kw>
<status status="PASS" start="2026-06-02T17:17:04.059614" elapsed="0.015422"/>
</kw>
<status status="PASS" start="2026-06-02T17:17:04.059614" elapsed="0.015422"/>
</kw>
<kw name="Capturar Resultado do Teste" owner="api_keywords" type="TEARDOWN">
<kw name="Run Keyword And Ignore Error" owner="BuiltIn">
<kw name="Capturar Screenshot da Resposta" owner="api_keywords">
<kw name="Get Current Date" owner="DateTime">
<msg time="2026-06-02T17:17:04.075036" level="INFO">${timestamp} = 20260602_171704_075036</msg>
<var>${timestamp}</var>
<arg>result_format=%Y%m%d_%H%M%S_%f</arg>
<doc>Returns current local or UTC time with an optional increment.</doc>
<status status="PASS" start="2026-06-02T17:17:04.075036" elapsed="0.000000"/>
</kw>
<kw name="Set Variable" owner="BuiltIn">
<msg time="2026-06-02T17:17:04.075036" level="INFO">${response_text} = {"token":"d76246ce4d3f5f8"}</msg>
<var>${response_text}</var>
<arg>${LAST_RESPONSE.text}</arg>
<doc>Returns the given values which can then be assigned to a variables.</doc>
<status status="PASS" start="2026-06-02T17:17:04.075036" elapsed="0.000000"/>
</kw>
<kw name="Set Variable" owner="BuiltIn">
<msg time="2026-06-02T17:17:04.075036" level="INFO">${response_status} = 200</msg>
<var>${response_status}</var>
<arg>${LAST_RESPONSE.status_code}</arg>
<doc>Returns the given values which can then be assigned to a variables.</doc>
<status status="PASS" start="2026-06-02T17:17:04.075036" elapsed="0.000000"/>
</kw>
<kw name="Set Variable" owner="BuiltIn">
<msg time="2026-06-02T17:17:04.075036" level="INFO">${screenshot_dir} = results/screenshots</msg>
<var>${screenshot_dir}</var>
<arg>results/screenshots</arg>
<doc>Returns the given values which can then be assigned to a variables.</doc>
<status status="PASS" start="2026-06-02T17:17:04.075036" elapsed="0.000000"/>
</kw>
<kw name="Create Directory" owner="OperatingSystem">
<msg time="2026-06-02T17:17:04.075036" level="INFO" html="true">Directory '&lt;a href="file://C:\Users\Dione\Desktop\Mentoria-QA\teste2\results\screenshots"&gt;C:\Users\Dione\Desktop\Mentoria-QA\teste2\results\screenshots&lt;/a&gt;' already exists.</msg>
<arg>${screenshot_dir}</arg>
<doc>Creates the specified directory.</doc>
<status status="PASS" start="2026-06-02T17:17:04.075036" elapsed="0.000000"/>
</kw>
<kw name="Set Variable" owner="BuiltIn">
<msg time="2026-06-02T17:17:04.075036" level="INFO">${filename} = results/screenshots/response_20260602_171704_075036_200.json</msg>
<var>${filename}</var>
<arg>${screenshot_dir}/response_${timestamp}_${response_status}.json</arg>
<doc>Returns the given values which can then be assigned to a variables.</doc>
<status status="PASS" start="2026-06-02T17:17:04.075036" elapsed="0.000000"/>
</kw>
<kw name="Create File" owner="OperatingSystem">
<msg time="2026-06-02T17:17:04.075036" level="INFO" html="true">Created file '&lt;a href="file://C:\Users\Dione\Desktop\Mentoria-QA\teste2\results\screenshots\response_20260602_171704_075036_200.json"&gt;C:\Users\Dione\Desktop\Mentoria-QA\teste2\results\screenshots\response_20260602_171704_075036_200.json&lt;/a&gt;'.</msg>
<arg>${filename}</arg>
<arg>${response_text}</arg>
<doc>Creates a file with the given content and encoding.</doc>
<status status="PASS" start="2026-06-02T17:17:04.075036" elapsed="0.000000"/>
</kw>
<doc>Salva a resposta da API como arquivo JSON para visualização</doc>
<status status="PASS" start="2026-06-02T17:17:04.075036" elapsed="0.000000"/>
</kw>
<arg>Capturar Screenshot da Resposta</arg>
<doc>Runs the given keyword with the given arguments and ignores possible error.</doc>
<status status="PASS" start="2026-06-02T17:17:04.075036" elapsed="0.000000"/>
</kw>
<doc>Captura screenshot de sucesso ou erro baseado no resultado do teste</doc>
<status status="PASS" start="2026-06-02T17:17:04.075036" elapsed="0.000000"/>
</kw>
<doc>Valida que POST /auth com credenciais válidas retorna token válido.</doc>
<tag>autenticacao</tag>
<tag>positivo</tag>
<status status="PASS" start="2026-06-02T17:17:03.344847" elapsed="0.730189"/>
</test>
<test id="s1-s1-s1-t2" name="Cenario 2: Autenticação com senha incorreta deve retornar mensagem de erro" line="22">
<kw name="Dado que o endpoint de autenticação está disponível" owner="api_keywords">
<kw name="Criar Sessão API" owner="api_keywords">
<kw name="Create Session" owner="RequestsLibrary">
<msg time="2026-06-02T17:17:04.075036" level="INFO">Creating Session using : alias=api, url=https://restful-booker.herokuapp.com, headers={},                     cookies={}, auth=None, timeout=30, proxies=None, verify=False,                     debug=0 </msg>
<arg>api</arg>
<arg>${BASE_URL}</arg>
<arg>timeout=${TIMEOUT}</arg>
<arg>verify=False</arg>
<doc>Create Session: create a HTTP session to a server</doc>
<status status="PASS" start="2026-06-02T17:17:04.075036" elapsed="0.000000"/>
</kw>
<status status="PASS" start="2026-06-02T17:17:04.075036" elapsed="0.000000"/>
</kw>
<status status="PASS" start="2026-06-02T17:17:04.075036" elapsed="0.000000"/>
</kw>
<kw name="Quando eu realizo o POST /auth com username admin e password senha_errada" owner="api_keywords" source_name="Quando eu realizo o POST /auth com username ${username} e password ${password}">
<kw name="Create Dictionary" owner="BuiltIn">
<msg time="2026-06-02T17:17:04.075036" level="INFO">${payload} = {'username': 'admin', 'password': 'senha_errada'}</msg>
<var>${payload}</var>
<arg>username=${username}</arg>
<arg>password=${password}</arg>
<doc>Creates and returns a dictionary based on the given ``items``.</doc>
<status status="PASS" start="2026-06-02T17:17:04.075036" elapsed="0.000000"/>
</kw>
<kw name="POST On Session" owner="RequestsLibrary">
<msg time="2026-06-02T17:17:04.568010" level="INFO">POST Request : url=https://restful-booker.herokuapp.com/auth 
 path_url=/auth 
 headers={'User-Agent': 'python-requests/2.34.2', 'Accept-Encoding': 'gzip, deflate', 'Accept': '*/*', 'Connection': 'keep-alive', 'Content-Length': '49', 'Content-Type': 'application/json'} 
 body=b'{"username": "admin", "password": "senha_errada"}' 
 </msg>
<msg time="2026-06-02T17:17:04.568010" level="INFO">POST Response : url=https://restful-booker.herokuapp.com/auth 
 status=200, reason=OK 
 headers={'Content-Length': '28', 'Content-Type': 'application/json; charset=utf-8', 'Date': 'Tue, 02 Jun 2026 20:17:04 GMT', 'Etag': 'W/"1c-J3EiwfZwVQjKTKvpvazUfTni8fI"', 'Nel': '{"report_to":"heroku-nel","response_headers":["Via"],"max_age":3600,"success_fraction":0.01,"failure_fraction":0.1}', 'Report-To': '{"group":"heroku-nel","endpoints":[{"url":"https://nel.heroku.com/reports?s=xweCb8vbx829TZOwIDhVKXn0E8mG0zRA8P3h57Fkx%2BY%3D\\u0026sid=c46efe9b-d3d2-4a0c-8c76-bfafa16c5add\\u0026ts=1780431424"}],"max_age":3600}', 'Reporting-Endpoints': 'heroku-nel="https://nel.heroku.com/reports?s=xweCb8vbx829TZOwIDhVKXn0E8mG0zRA8P3h57Fkx%2BY%3D&amp;sid=c46efe9b-d3d2-4a0c-8c76-bfafa16c5add&amp;ts=1780431424"', 'Server': 'Heroku', 'Via': '1.1 heroku-router', 'X-Powered-By': 'Express'} 
 body={"reason":"Bad credentials"} 
 </msg>
<msg time="2026-06-02T17:17:04.568010" level="INFO">C:\Users\Dione\AppData\Local\Programs\Python\Python312\Lib\site-packages\urllib3\connectionpool.py:1097: InsecureRequestWarning: Unverified HTTPS request is being made to host 'restful-booker.herokuapp.com'. Adding certificate verification is strongly advised. See: https://urllib3.readthedocs.io/en/latest/advanced-usage.html#tls-warnings
  warnings.warn(</msg>
<msg time="2026-06-02T17:17:04.568010" level="INFO">${response} = &lt;Response [200]&gt;</msg>
<var>${response}</var>
<arg>api</arg>
<arg>${AUTH_ENDPOINT}</arg>
<arg>json=${payload}</arg>
<doc>Sends a POST request on a previously created HTTP Session.</doc>
<status status="PASS" start="2026-06-02T17:17:04.075036" elapsed="0.492974"/>
</kw>
<kw name="Set Suite Variable" owner="BuiltIn">
<msg time="2026-06-02T17:17:04.568010" level="INFO">${LAST_RESPONSE} = &lt;Response [200]&gt;</msg>
<arg>${LAST_RESPONSE}</arg>
<arg>${response}</arg>
<doc>Makes a variable available everywhere within the scope of the current suite.</doc>
<status status="PASS" start="2026-06-02T17:17:04.568010" elapsed="0.000000"/>
</kw>
<status status="PASS" start="2026-06-02T17:17:04.075036" elapsed="0.492974"/>
</kw>
<kw name="Então o status da resposta deve ser 200" owner="api_keywords" source_name="Então o status da resposta deve ser ${status}">
<kw name="E o status da resposta deve ser ${status}" owner="api_keywords" source_name="E o status da resposta deve ser ${status}">
<kw name="Should Be Equal As Integers" owner="BuiltIn">
<msg time="2026-06-02T17:17:04.580971" level="INFO">Argument types are:
&lt;class 'int'&gt;
&lt;class 'str'&gt;</msg>
<arg>${LAST_RESPONSE.status_code}</arg>
<arg>${status}</arg>
<doc>Fails if objects are unequal after converting them to integers.</doc>
<status status="PASS" start="2026-06-02T17:17:04.568010" elapsed="0.012961"/>
</kw>
<status status="PASS" start="2026-06-02T17:17:04.568010" elapsed="0.012961"/>
</kw>
<status status="PASS" start="2026-06-02T17:17:04.568010" elapsed="0.012961"/>
</kw>
<kw name="Capturar Resultado do Teste" owner="api_keywords" type="TEARDOWN">
<kw name="Run Keyword And Ignore Error" owner="BuiltIn">
<kw name="Capturar Screenshot da Resposta" owner="api_keywords">
<kw name="Get Current Date" owner="DateTime">
<msg time="2026-06-02T17:17:04.580971" level="INFO">${timestamp} = 20260602_171704_580971</msg>
<var>${timestamp}</var>
<arg>result_format=%Y%m%d_%H%M%S_%f</arg>
<doc>Returns current local or UTC time with an optional increment.</doc>
<status status="PASS" start="2026-06-02T17:17:04.580971" elapsed="0.000000"/>
</kw>
<kw name="Set Variable" owner="BuiltIn">
<msg time="2026-06-02T17:17:04.580971" level="INFO">${response_text} = {"reason":"Bad credentials"}</msg>
<var>${response_text}</var>
<arg>${LAST_RESPONSE.text}</arg>
<doc>Returns the given values which can then be assigned to a variables.</doc>
<status status="PASS" start="2026-06-02T17:17:04.580971" elapsed="0.000000"/>
</kw>
<kw name="Set Variable" owner="BuiltIn">
<msg time="2026-06-02T17:17:04.580971" level="INFO">${response_status} = 200</msg>
<var>${response_status}</var>
<arg>${LAST_RESPONSE.status_code}</arg>
<doc>Returns the given values which can then be assigned to a variables.</doc>
<status status="PASS" start="2026-06-02T17:17:04.580971" elapsed="0.000000"/>
</kw>
<kw name="Set Variable" owner="BuiltIn">
<msg time="2026-06-02T17:17:04.580971" level="INFO">${screenshot_dir} = results/screenshots</msg>
<var>${screenshot_dir}</var>
<arg>results/screenshots</arg>
<doc>Returns the given values which can then be assigned to a variables.</doc>
<status status="PASS" start="2026-06-02T17:17:04.580971" elapsed="0.000000"/>
</kw>
<kw name="Create Directory" owner="OperatingSystem">
<msg time="2026-06-02T17:17:04.580971" level="INFO" html="true">Directory '&lt;a href="file://C:\Users\Dione\Desktop\Mentoria-QA\teste2\results\screenshots"&gt;C:\Users\Dione\Desktop\Mentoria-QA\teste2\results\screenshots&lt;/a&gt;' already exists.</msg>
<arg>${screenshot_dir}</arg>
<doc>Creates the specified directory.</doc>
<status status="PASS" start="2026-06-02T17:17:04.580971" elapsed="0.000000"/>
</kw>
<kw name="Set Variable" owner="BuiltIn">
<msg time="2026-06-02T17:17:04.580971" level="INFO">${filename} = results/screenshots/response_20260602_171704_580971_200.json</msg>
<var>${filename}</var>
<arg>${screenshot_dir}/response_${timestamp}_${response_status}.json</arg>
<doc>Returns the given values which can then be assigned to a variables.</doc>
<status status="PASS" start="2026-06-02T17:17:04.580971" elapsed="0.000000"/>
</kw>
<kw name="Create File" owner="OperatingSystem">
<msg time="2026-06-02T17:17:04.580971" level="INFO" html="true">Created file '&lt;a href="file://C:\Users\Dione\Desktop\Mentoria-QA\teste2\results\screenshots\response_20260602_171704_580971_200.json"&gt;C:\Users\Dione\Desktop\Mentoria-QA\teste2\results\screenshots\response_20260602_171704_580971_200.json&lt;/a&gt;'.</msg>
<arg>${filename}</arg>
<arg>${response_text}</arg>
<doc>Creates a file with the given content and encoding.</doc>
<status status="PASS" start="2026-06-02T17:17:04.580971" elapsed="0.000000"/>
</kw>
<doc>Salva a resposta da API como arquivo JSON para visualização</doc>
<status status="PASS" start="2026-06-02T17:17:04.580971" elapsed="0.000000"/>
</kw>
<arg>Capturar Screenshot da Resposta</arg>
<doc>Runs the given keyword with the given arguments and ignores possible error.</doc>
<status status="PASS" start="2026-06-02T17:17:04.580971" elapsed="0.000000"/>
</kw>
<doc>Captura screenshot de sucesso ou erro baseado no resultado do teste</doc>
<status status="PASS" start="2026-06-02T17:17:04.580971" elapsed="0.000000"/>
</kw>
<doc>Valida que credenciais inválidas não gerem token de acesso.</doc>
<tag>campos-invalidos</tag>
<status status="PASS" start="2026-06-02T17:17:04.075036" elapsed="0.505935"/>
</test>
<kw name="Deleta sessão API" owner="api_keywords" type="TEARDOWN">
<kw name="Delete All Sessions" owner="RequestsLibrary">
<msg time="2026-06-02T17:17:04.587047" level="INFO">Deleting All Sessions</msg>
<doc>Removes all the session objects</doc>
<status status="PASS" start="2026-06-02T17:17:04.580971" elapsed="0.006076"/>
</kw>
<status status="PASS" start="2026-06-02T17:17:04.580971" elapsed="0.006076"/>
</kw>
<doc>Testes de autenticação básica da API Restful Booker.
Valida geração de token, rejeição de credenciais inválidas
e comportamentos com dados ausentes.</doc>
<status status="PASS" start="2026-06-02T17:17:03.156718" elapsed="1.430329"/>
</suite>
<status status="PASS" start="2026-06-02T17:17:03.140995" elapsed="1.446052"/>
</suite>
<suite id="s1-s2" name="Booking" source="C:\Users\Dione\Desktop\Mentoria-QA\teste2\tests\funcional\api\booking">
<suite id="s1-s2-s1" name="Booking Suites" source="C:\Users\Dione\Desktop\Mentoria-QA\teste2\tests\funcional\api\booking\booking_suites.robot">
<kw name="Criar Sessão API" owner="api_keywords" type="SETUP">
<kw name="Create Session" owner="RequestsLibrary">
<msg time="2026-06-02T17:17:04.593186" level="INFO">Creating Session using : alias=api, url=https://restful-booker.herokuapp.com, headers={},                     cookies={}, auth=None, timeout=30, proxies=None, verify=False,                     debug=0 </msg>
<arg>api</arg>
<arg>${BASE_URL}</arg>
<arg>timeout=${TIMEOUT}</arg>
<arg>verify=False</arg>
<doc>Create Session: create a HTTP session to a server</doc>
<status status="PASS" start="2026-06-02T17:17:04.593186" elapsed="0.000000"/>
</kw>
<status status="PASS" start="2026-06-02T17:17:04.593186" elapsed="0.000000"/>
</kw>
<test id="s1-s2-s1-t1" name="Criar reserva com payload válido" line="10">
<kw name="Dado que o endpoint de booking está disponível" owner="api_keywords">
<kw name="Criar Sessão API" owner="api_keywords">
<kw name="Create Session" owner="RequestsLibrary">
<msg time="2026-06-02T17:17:04.594184" level="INFO">Creating Session using : alias=api, url=https://restful-booker.herokuapp.com, headers={},                     cookies={}, auth=None, timeout=30, proxies=None, verify=False,                     debug=0 </msg>
<arg>api</arg>
<arg>${BASE_URL}</arg>
<arg>timeout=${TIMEOUT}</arg>
<arg>verify=False</arg>
<doc>Create Session: create a HTTP session to a server</doc>
<status status="PASS" start="2026-06-02T17:17:04.594184" elapsed="0.000000"/>
</kw>
<status status="PASS" start="2026-06-02T17:17:04.594184" elapsed="0.000000"/>
</kw>
<status status="PASS" start="2026-06-02T17:17:04.594184" elapsed="0.000000"/>
</kw>
<kw name="Quando eu crio a reserva válida" owner="api_keywords">
<kw name="Create Dictionary" owner="BuiltIn">
<msg time="2026-06-02T17:17:04.595274" level="INFO">${bookingdates} = {'checkin': '2025-01-01', 'checkout': '2025-01-05'}</msg>
<var>${bookingdates}</var>
<arg>checkin=2025-01-01</arg>
<arg>checkout=2025-01-05</arg>
<doc>Creates and returns a dictionary based on the given ``items``.</doc>
<status status="PASS" start="2026-06-02T17:17:04.595274" elapsed="0.000000"/>
</kw>
<kw name="Create Dictionary" owner="BuiltIn">
<msg time="2026-06-02T17:17:04.595274" level="INFO">${payload} = {'firstname': 'John', 'lastname': 'Doe', 'totalprice': '123', 'depositpaid': 'True', 'bookingdates': {'checkin': '2025-01-01', 'checkout': '2025-01-05'}, 'additionalneeds': 'Breakfast'}</msg>
<var>${payload}</var>
<arg>firstname=John</arg>
<arg>lastname=Doe</arg>
<arg>totalprice=123</arg>
<arg>depositpaid=True</arg>
<arg>bookingdates=${bookingdates}</arg>
<arg>additionalneeds=Breakfast</arg>
<doc>Creates and returns a dictionary based on the given ``items``.</doc>
<status status="PASS" start="2026-06-02T17:17:04.595274" elapsed="0.000000"/>
</kw>
<kw name="POST On Session" owner="RequestsLibrary">
<msg time="2026-06-02T17:17:05.092677" level="INFO">POST Request : url=https://restful-booker.herokuapp.com/booking 
 path_url=/booking 
 headers={'User-Agent': 'python-requests/2.34.2', 'Accept-Encoding': 'gzip, deflate', 'Accept': '*/*', 'Connection': 'keep-alive', 'Content-Length': '185', 'Content-Type': 'application/json'} 
 body=b'{"firstname": "John", "lastname": "Doe", "totalprice": "123", "depositpaid": "True", "bookingdates": {"checkin": "2025-01-01", "checkout": "2025-01-05"}, "additionalneeds": "Breakfast"}' 
 </msg>
<msg time="2026-06-02T17:17:05.092677" level="INFO">POST Response : url=https://restful-booker.herokuapp.com/booking 
 status=200, reason=OK 
 headers={'Content-Length': '196', 'Content-Type': 'application/json; charset=utf-8', 'Date': 'Tue, 02 Jun 2026 20:17:05 GMT', 'Etag': 'W/"c4-Z4sFwt/QX8ZCtMMlt2YtmtYXY/0"', 'Nel': '{"report_to":"heroku-nel","response_headers":["Via"],"max_age":3600,"success_fraction":0.01,"failure_fraction":0.1}', 'Report-To': '{"group":"heroku-nel","endpoints":[{"url":"https://nel.heroku.com/reports?s=9xZZM07k7pHOryD2weMPsyd5VblM6WRwcYcdRzqJG2M%3D\\u0026sid=c46efe9b-d3d2-4a0c-8c76-bfafa16c5add\\u0026ts=1780431425"}],"max_age":3600}', 'Reporting-Endpoints': 'heroku-nel="https://nel.heroku.com/reports?s=9xZZM07k7pHOryD2weMPsyd5VblM6WRwcYcdRzqJG2M%3D&amp;sid=c46efe9b-d3d2-4a0c-8c76-bfafa16c5add&amp;ts=1780431425"', 'Server': 'Heroku', 'Via': '1.1 heroku-router', 'X-Powered-By': 'Express'} 
 body={"bookingid":3141,"booking":{"firstname":"John","lastname":"Doe","totalprice":123,"depositpaid":true,"bookingdates":{"checkin":"2025-01-01","checkout":"2025-01-05"},"additionalneeds":"Breakfast"}} 
 </msg>
<msg time="2026-06-02T17:17:05.092677" level="INFO">C:\Users\Dione\AppData\Local\Programs\Python\Python312\Lib\site-packages\urllib3\connectionpool.py:1097: InsecureRequestWarning: Unverified HTTPS request is being made to host 'restful-booker.herokuapp.com'. Adding certificate verification is strongly advised. See: https://urllib3.readthedocs.io/en/latest/advanced-usage.html#tls-warnings
  warnings.warn(</msg>
<msg time="2026-06-02T17:17:05.092677" level="INFO">${response} = &lt;Response [200]&gt;</msg>
<var>${response}</var>
<arg>api</arg>
<arg>${AUTH_BOOKING}</arg>
<arg>json=${payload}</arg>
<doc>Sends a POST request on a previously created HTTP Session.</doc>
<status status="PASS" start="2026-06-02T17:17:04.595274" elapsed="0.497403"/>
</kw>
<kw name="Set Suite Variable" owner="BuiltIn">
<msg time="2026-06-02T17:17:05.092677" level="INFO">${LAST_RESPONSE} = &lt;Response [200]&gt;</msg>
<arg>${LAST_RESPONSE}</arg>
<arg>${response}</arg>
<doc>Makes a variable available everywhere within the scope of the current suite.</doc>
<status status="PASS" start="2026-06-02T17:17:05.092677" elapsed="0.000000"/>
</kw>
<kw name="Convert String To Json" owner="JSONLibrary">
<msg time="2026-06-02T17:17:05.092677" level="INFO">${body} = {'bookingid': 3141, 'booking': {'firstname': 'John', 'lastname': 'Doe', 'totalprice': 123, 'depositpaid': True, 'bookingdates': {'checkin': '2025-01-01', 'checkout': '2025-01-05'}, 'additionalneeds': ...</msg>
<var>${body}</var>
<arg>${LAST_RESPONSE.text}</arg>
<doc>Convert String to JSON object</doc>
<status status="PASS" start="2026-06-02T17:17:05.092677" elapsed="0.000000"/>
</kw>
<kw name="Extrair valor JSON" owner="api_keywords">
<kw name="Get Value From Json" owner="JSONLibrary">
<msg time="2026-06-02T17:17:05.115117" level="INFO">${values} = [3141]</msg>
<var>${values}</var>
<arg>${json_object}</arg>
<arg>${path}</arg>
<doc>Get Value From JSON using JSONPath</doc>
<status status="PASS" start="2026-06-02T17:17:05.092677" elapsed="0.022440"/>
</kw>
<kw name="Get From List" owner="Collections">
<msg time="2026-06-02T17:17:05.115117" level="INFO">${value} = 3141</msg>
<var>${value}</var>
<arg>${values}</arg>
<arg>0</arg>
<doc>Returns the value specified with an ``index`` from ``list``.</doc>
<status status="PASS" start="2026-06-02T17:17:05.115117" elapsed="0.000000"/>
</kw>
<return>
<value>${value}</value>
<status status="PASS" start="2026-06-02T17:17:05.115117" elapsed="0.000000"/>
</return>
<msg time="2026-06-02T17:17:05.115117" level="INFO">${bookingid} = 3141</msg>
<var>${bookingid}</var>
<arg>${body}</arg>
<arg>bookingid</arg>
<status status="PASS" start="2026-06-02T17:17:05.092677" elapsed="0.022440"/>
</kw>
<kw name="Set Suite Variable" owner="BuiltIn">
<msg time="2026-06-02T17:17:05.115117" level="INFO">${BOOKING_ID} = 3141</msg>
<arg>${BOOKING_ID}</arg>
<arg>${bookingid}</arg>
<doc>Makes a variable available everywhere within the scope of the current suite.</doc>
<status status="PASS" start="2026-06-02T17:17:05.115117" elapsed="0.000000"/>
</kw>
<status status="PASS" start="2026-06-02T17:17:04.595274" elapsed="0.519843"/>
</kw>
<kw name="Então o status da resposta deve ser 200" owner="api_keywords" source_name="Então o status da resposta deve ser ${status}">
<kw name="E o status da resposta deve ser ${status}" owner="api_keywords" source_name="E o status da resposta deve ser ${status}">
<kw name="Should Be Equal As Integers" owner="BuiltIn">
<msg time="2026-06-02T17:17:05.116117" level="INFO">Argument types are:
&lt;class 'int'&gt;
&lt;class 'str'&gt;</msg>
<arg>${LAST_RESPONSE.status_code}</arg>
<arg>${status}</arg>
<doc>Fails if objects are unequal after converting them to integers.</doc>
<status status="PASS" start="2026-06-02T17:17:05.116117" elapsed="0.000000"/>
</kw>
<status status="PASS" start="2026-06-02T17:17:05.116117" elapsed="0.000000"/>
</kw>
<status status="PASS" start="2026-06-02T17:17:05.116117" elapsed="0.000000"/>
</kw>
<kw name="E a reserva criada deve conter firstname John e lastname Doe" owner="api_keywords" source_name="E a reserva criada deve conter firstname ${firstname} e lastname ${lastname}">
<kw name="Convert String To Json" owner="JSONLibrary">
<msg time="2026-06-02T17:17:05.117117" level="INFO">${body} = {'bookingid': 3141, 'booking': {'firstname': 'John', 'lastname': 'Doe', 'totalprice': 123, 'depositpaid': True, 'bookingdates': {'checkin': '2025-01-01', 'checkout': '2025-01-05'}, 'additionalneeds': ...</msg>
<var>${body}</var>
<arg>${LAST_RESPONSE.text}</arg>
<doc>Convert String to JSON object</doc>
<status status="PASS" start="2026-06-02T17:17:05.117117" elapsed="0.000000"/>
</kw>
<kw name="Extrair valor JSON" owner="api_keywords">
<kw name="Get Value From Json" owner="JSONLibrary">
<msg time="2026-06-02T17:17:05.129383" level="INFO">${values} = [{'firstname': 'John', 'lastname': 'Doe', 'totalprice': 123, 'depositpaid': True, 'bookingdates': {'checkin': '2025-01-01', 'checkout': '2025-01-05'}, 'additionalneeds': 'Breakfast'}]</msg>
<var>${values}</var>
<arg>${json_object}</arg>
<arg>${path}</arg>
<doc>Get Value From JSON using JSONPath</doc>
<status status="PASS" start="2026-06-02T17:17:05.118118" elapsed="0.011265"/>
</kw>
<kw name="Get From List" owner="Collections">
<msg time="2026-06-02T17:17:05.129383" level="INFO">${value} = {'firstname': 'John', 'lastname': 'Doe', 'totalprice': 123, 'depositpaid': True, 'bookingdates': {'checkin': '2025-01-01', 'checkout': '2025-01-05'}, 'additionalneeds': 'Breakfast'}</msg>
<var>${value}</var>
<arg>${values}</arg>
<arg>0</arg>
<doc>Returns the value specified with an ``index`` from ``list``.</doc>
<status status="PASS" start="2026-06-02T17:17:05.129383" elapsed="0.000000"/>
</kw>
<return>
<value>${value}</value>
<status status="PASS" start="2026-06-02T17:17:05.129383" elapsed="0.000000"/>
</return>
<msg time="2026-06-02T17:17:05.129383" level="INFO">${booking} = {'firstname': 'John', 'lastname': 'Doe', 'totalprice': 123, 'depositpaid': True, 'bookingdates': {'checkin': '2025-01-01', 'checkout': '2025-01-05'}, 'additionalneeds': 'Breakfast'}</msg>
<var>${booking}</var>
<arg>${body}</arg>
<arg>booking</arg>
<status status="PASS" start="2026-06-02T17:17:05.117117" elapsed="0.012266"/>
</kw>
<kw name="Extrair valor JSON" owner="api_keywords">
<kw name="Get Value From Json" owner="JSONLibrary">
<msg time="2026-06-02T17:17:05.141228" level="INFO">${values} = ['John']</msg>
<var>${values}</var>
<arg>${json_object}</arg>
<arg>${path}</arg>
<doc>Get Value From JSON using JSONPath</doc>
<status status="PASS" start="2026-06-02T17:17:05.130383" elapsed="0.010845"/>
</kw>
<kw name="Get From List" owner="Collections">
<msg time="2026-06-02T17:17:05.141228" level="INFO">${value} = John</msg>
<var>${value}</var>
<arg>${values}</arg>
<arg>0</arg>
<doc>Returns the value specified with an ``index`` from ``list``.</doc>
<status status="PASS" start="2026-06-02T17:17:05.141228" elapsed="0.000000"/>
</kw>
<return>
<value>${value}</value>
<status status="PASS" start="2026-06-02T17:17:05.141228" elapsed="0.000000"/>
</return>
<msg time="2026-06-02T17:17:05.142214" level="INFO">${first} = John</msg>
<var>${first}</var>
<arg>${booking}</arg>
<arg>firstname</arg>
<status status="PASS" start="2026-06-02T17:17:05.129383" elapsed="0.012831"/>
</kw>
<kw name="Extrair valor JSON" owner="api_keywords">
<kw name="Get Value From Json" owner="JSONLibrary">
<msg time="2026-06-02T17:17:05.152083" level="INFO">${values} = ['Doe']</msg>
<var>${values}</var>
<arg>${json_object}</arg>
<arg>${path}</arg>
<doc>Get Value From JSON using JSONPath</doc>
<status status="PASS" start="2026-06-02T17:17:05.142214" elapsed="0.009869"/>
</kw>
<kw name="Get From List" owner="Collections">
<msg time="2026-06-02T17:17:05.153219" level="INFO">${value} = Doe</msg>
<var>${value}</var>
<arg>${values}</arg>
<arg>0</arg>
<doc>Returns the value specified with an ``index`` from ``list``.</doc>
<status status="PASS" start="2026-06-02T17:17:05.152083" elapsed="0.001136"/>
</kw>
<return>
<value>${value}</value>
<status status="PASS" start="2026-06-02T17:17:05.153219" elapsed="0.000000"/>
</return>
<msg time="2026-06-02T17:17:05.153219" level="INFO">${last} = Doe</msg>
<var>${last}</var>
<arg>${booking}</arg>
<arg>lastname</arg>
<status status="PASS" start="2026-06-02T17:17:05.142214" elapsed="0.011005"/>
</kw>
<kw name="Should Be Equal" owner="BuiltIn">
<arg>${first}</arg>
<arg>${firstname}</arg>
<doc>Fails if the given objects are unequal.</doc>
<status status="PASS" start="2026-06-02T17:17:05.153219" elapsed="0.000000"/>
</kw>
<kw name="Should Be Equal" owner="BuiltIn">
<arg>${last}</arg>
<arg>${lastname}</arg>
<doc>Fails if the given objects are unequal.</doc>
<status status="PASS" start="2026-06-02T17:17:05.153219" elapsed="0.000000"/>
</kw>
<status status="PASS" start="2026-06-02T17:17:05.117117" elapsed="0.036102"/>
</kw>
<kw name="Capturar Resultado do Teste" owner="api_keywords" type="TEARDOWN">
<kw name="Run Keyword And Ignore Error" owner="BuiltIn">
<kw name="Capturar Screenshot da Resposta" owner="api_keywords">
<kw name="Get Current Date" owner="DateTime">
<msg time="2026-06-02T17:17:05.154218" level="INFO">${timestamp} = 20260602_171705_154218</msg>
<var>${timestamp}</var>
<arg>result_format=%Y%m%d_%H%M%S_%f</arg>
<doc>Returns current local or UTC time with an optional increment.</doc>
<status status="PASS" start="2026-06-02T17:17:05.154218" elapsed="0.000000"/>
</kw>
<kw name="Set Variable" owner="BuiltIn">
<msg time="2026-06-02T17:17:05.154218" level="INFO">${response_text} = {"bookingid":3141,"booking":{"firstname":"John","lastname":"Doe","totalprice":123,"depositpaid":true,"bookingdates":{"checkin":"2025-01-01","checkout":"2025-01-05"},"additionalneeds":"Breakfast"}}</msg>
<var>${response_text}</var>
<arg>${LAST_RESPONSE.text}</arg>
<doc>Returns the given values which can then be assigned to a variables.</doc>
<status status="PASS" start="2026-06-02T17:17:05.154218" elapsed="0.000000"/>
</kw>
<kw name="Set Variable" owner="BuiltIn">
<msg time="2026-06-02T17:17:05.155218" level="INFO">${response_status} = 200</msg>
<var>${response_status}</var>
<arg>${LAST_RESPONSE.status_code}</arg>
<doc>Returns the given values which can then be assigned to a variables.</doc>
<status status="PASS" start="2026-06-02T17:17:05.154218" elapsed="0.001000"/>
</kw>
<kw name="Set Variable" owner="BuiltIn">
<msg time="2026-06-02T17:17:05.155218" level="INFO">${screenshot_dir} = results/screenshots</msg>
<var>${screenshot_dir}</var>
<arg>results/screenshots</arg>
<doc>Returns the given values which can then be assigned to a variables.</doc>
<status status="PASS" start="2026-06-02T17:17:05.155218" elapsed="0.000000"/>
</kw>
<kw name="Create Directory" owner="OperatingSystem">
<msg time="2026-06-02T17:17:05.155218" level="INFO" html="true">Directory '&lt;a href="file://C:\Users\Dione\Desktop\Mentoria-QA\teste2\results\screenshots"&gt;C:\Users\Dione\Desktop\Mentoria-QA\teste2\results\screenshots&lt;/a&gt;' already exists.</msg>
<arg>${screenshot_dir}</arg>
<doc>Creates the specified directory.</doc>
<status status="PASS" start="2026-06-02T17:17:05.155218" elapsed="0.000000"/>
</kw>
<kw name="Set Variable" owner="BuiltIn">
<msg time="2026-06-02T17:17:05.155218" level="INFO">${filename} = results/screenshots/response_20260602_171705_154218_200.json</msg>
<var>${filename}</var>
<arg>${screenshot_dir}/response_${timestamp}_${response_status}.json</arg>
<doc>Returns the given values which can then be assigned to a variables.</doc>
<status status="PASS" start="2026-06-02T17:17:05.155218" elapsed="0.000000"/>
</kw>
<kw name="Create File" owner="OperatingSystem">
<msg time="2026-06-02T17:17:05.156216" level="INFO" html="true">Created file '&lt;a href="file://C:\Users\Dione\Desktop\Mentoria-QA\teste2\results\screenshots\response_20260602_171705_154218_200.json"&gt;C:\Users\Dione\Desktop\Mentoria-QA\teste2\results\screenshots\response_20260602_171705_154218_200.json&lt;/a&gt;'.</msg>
<arg>${filename}</arg>
<arg>${response_text}</arg>
<doc>Creates a file with the given content and encoding.</doc>
<status status="PASS" start="2026-06-02T17:17:05.155218" elapsed="0.000998"/>
</kw>
<doc>Salva a resposta da API como arquivo JSON para visualização</doc>
<status status="PASS" start="2026-06-02T17:17:05.154218" elapsed="0.001998"/>
</kw>
<arg>Capturar Screenshot da Resposta</arg>
<doc>Runs the given keyword with the given arguments and ignores possible error.</doc>
<status status="PASS" start="2026-06-02T17:17:05.154218" elapsed="0.001998"/>
</kw>
<doc>Captura screenshot de sucesso ou erro baseado no resultado do teste</doc>
<status status="PASS" start="2026-06-02T17:17:05.153219" elapsed="0.002997"/>
</kw>
<doc>Cria uma reserva válida e valida o retorno de booking.</doc>
<tag>booking</tag>
<tag>positivo</tag>
<status status="PASS" start="2026-06-02T17:17:04.594184" elapsed="0.562032"/>
</test>
<test id="s1-s2-s1-t2" name="Obter reserva existente" line="18">
<kw name="Dado que o endpoint de booking está disponível" owner="api_keywords">
<kw name="Criar Sessão API" owner="api_keywords">
<kw name="Create Session" owner="RequestsLibrary">
<msg time="2026-06-02T17:17:05.157958" level="INFO">Creating Session using : alias=api, url=https://restful-booker.herokuapp.com, headers={},                     cookies={}, auth=None, timeout=30, proxies=None, verify=False,                     debug=0 </msg>
<arg>api</arg>
<arg>${BASE_URL}</arg>
<arg>timeout=${TIMEOUT}</arg>
<arg>verify=False</arg>
<doc>Create Session: create a HTTP session to a server</doc>
<status status="PASS" start="2026-06-02T17:17:05.157958" elapsed="0.000000"/>
</kw>
<status status="PASS" start="2026-06-02T17:17:05.157958" elapsed="0.000000"/>
</kw>
<status status="PASS" start="2026-06-02T17:17:05.157958" elapsed="0.001154"/>
</kw>
<kw name="Quando eu crio a reserva válida" owner="api_keywords">
<kw name="Create Dictionary" owner="BuiltIn">
<msg time="2026-06-02T17:17:05.159112" level="INFO">${bookingdates} = {'checkin': '2025-01-01', 'checkout': '2025-01-05'}</msg>
<var>${bookingdates}</var>
<arg>checkin=2025-01-01</arg>
<arg>checkout=2025-01-05</arg>
<doc>Creates and returns a dictionary based on the given ``items``.</doc>
<status status="PASS" start="2026-06-02T17:17:05.159112" elapsed="0.000000"/>
</kw>
<kw name="Create Dictionary" owner="BuiltIn">
<msg time="2026-06-02T17:17:05.159112" level="INFO">${payload} = {'firstname': 'John', 'lastname': 'Doe', 'totalprice': '123', 'depositpaid': 'True', 'bookingdates': {'checkin': '2025-01-01', 'checkout': '2025-01-05'}, 'additionalneeds': 'Breakfast'}</msg>
<var>${payload}</var>
<arg>firstname=John</arg>
<arg>lastname=Doe</arg>
<arg>totalprice=123</arg>
<arg>depositpaid=True</arg>
<arg>bookingdates=${bookingdates}</arg>
<arg>additionalneeds=Breakfast</arg>
<doc>Creates and returns a dictionary based on the given ``items``.</doc>
<status status="PASS" start="2026-06-02T17:17:05.159112" elapsed="0.001063"/>
</kw>
<kw name="POST On Session" owner="RequestsLibrary">
<msg time="2026-06-02T17:17:05.654252" level="INFO">POST Request : url=https://restful-booker.herokuapp.com/booking 
 path_url=/booking 
 headers={'User-Agent': 'python-requests/2.34.2', 'Accept-Encoding': 'gzip, deflate', 'Accept': '*/*', 'Connection': 'keep-alive', 'Content-Length': '185', 'Content-Type': 'application/json'} 
 body=b'{"firstname": "John", "lastname": "Doe", "totalprice": "123", "depositpaid": "True", "bookingdates": {"checkin": "2025-01-01", "checkout": "2025-01-05"}, "additionalneeds": "Breakfast"}' 
 </msg>
<msg time="2026-06-02T17:17:05.654252" level="INFO">POST Response : url=https://restful-booker.herokuapp.com/booking 
 status=200, reason=OK 
 headers={'Content-Length': '196', 'Content-Type': 'application/json; charset=utf-8', 'Date': 'Tue, 02 Jun 2026 20:17:05 GMT', 'Etag': 'W/"c4-Iyl2MYDMZyvs3wDNOBCh5CxwcKQ"', 'Nel': '{"report_to":"heroku-nel","response_headers":["Via"],"max_age":3600,"success_fraction":0.01,"failure_fraction":0.1}', 'Report-To': '{"group":"heroku-nel","endpoints":[{"url":"https://nel.heroku.com/reports?s=9xZZM07k7pHOryD2weMPsyd5VblM6WRwcYcdRzqJG2M%3D\\u0026sid=c46efe9b-d3d2-4a0c-8c76-bfafa16c5add\\u0026ts=1780431425"}],"max_age":3600}', 'Reporting-Endpoints': 'heroku-nel="https://nel.heroku.com/reports?s=9xZZM07k7pHOryD2weMPsyd5VblM6WRwcYcdRzqJG2M%3D&amp;sid=c46efe9b-d3d2-4a0c-8c76-bfafa16c5add&amp;ts=1780431425"', 'Server': 'Heroku', 'Via': '1.1 heroku-router', 'X-Powered-By': 'Express'} 
 body={"bookingid":3148,"booking":{"firstname":"John","lastname":"Doe","totalprice":123,"depositpaid":true,"bookingdates":{"checkin":"2025-01-01","checkout":"2025-01-05"},"additionalneeds":"Breakfast"}} 
 </msg>
<msg time="2026-06-02T17:17:05.654252" level="INFO">C:\Users\Dione\AppData\Local\Programs\Python\Python312\Lib\site-packages\urllib3\connectionpool.py:1097: InsecureRequestWarning: Unverified HTTPS request is being made to host 'restful-booker.herokuapp.com'. Adding certificate verification is strongly advised. See: https://urllib3.readthedocs.io/en/latest/advanced-usage.html#tls-warnings
  warnings.warn(</msg>
<msg time="2026-06-02T17:17:05.654252" level="INFO">${response} = &lt;Response [200]&gt;</msg>
<var>${response}</var>
<arg>api</arg>
<arg>${AUTH_BOOKING}</arg>
<arg>json=${payload}</arg>
<doc>Sends a POST request on a previously created HTTP Session.</doc>
<status status="PASS" start="2026-06-02T17:17:05.160175" elapsed="0.495070"/>
</kw>
<kw name="Set Suite Variable" owner="BuiltIn">
<msg time="2026-06-02T17:17:05.655245" level="INFO">${LAST_RESPONSE} = &lt;Response [200]&gt;</msg>
<arg>${LAST_RESPONSE}</arg>
<arg>${response}</arg>
<doc>Makes a variable available everywhere within the scope of the current suite.</doc>
<status status="PASS" start="2026-06-02T17:17:05.655245" elapsed="0.000000"/>
</kw>
<kw name="Convert String To Json" owner="JSONLibrary">
<msg time="2026-06-02T17:17:05.657245" level="INFO">${body} = {'bookingid': 3148, 'booking': {'firstname': 'John', 'lastname': 'Doe', 'totalprice': 123, 'depositpaid': True, 'bookingdates': {'checkin': '2025-01-01', 'checkout': '2025-01-05'}, 'additionalneeds': ...</msg>
<var>${body}</var>
<arg>${LAST_RESPONSE.text}</arg>
<doc>Convert String to JSON object</doc>
<status status="PASS" start="2026-06-02T17:17:05.656245" elapsed="0.001000"/>
</kw>
<kw name="Extrair valor JSON" owner="api_keywords">
<kw name="Get Value From Json" owner="JSONLibrary">
<msg time="2026-06-02T17:17:05.672241" level="INFO">${values} = [3148]</msg>
<var>${values}</var>
<arg>${json_object}</arg>
<arg>${path}</arg>
<doc>Get Value From JSON using JSONPath</doc>
<status status="PASS" start="2026-06-02T17:17:05.657245" elapsed="0.014996"/>
</kw>
<kw name="Get From List" owner="Collections">
<msg time="2026-06-02T17:17:05.673240" level="INFO">${value} = 3148</msg>
<var>${value}</var>
<arg>${values}</arg>
<arg>0</arg>
<doc>Returns the value specified with an ``index`` from ``list``.</doc>
<status status="PASS" start="2026-06-02T17:17:05.672241" elapsed="0.000999"/>
</kw>
<return>
<value>${value}</value>
<status status="PASS" start="2026-06-02T17:17:05.673240" elapsed="0.000000"/>
</return>
<msg time="2026-06-02T17:17:05.673240" level="INFO">${bookingid} = 3148</msg>
<var>${bookingid}</var>
<arg>${body}</arg>
<arg>bookingid</arg>
<status status="PASS" start="2026-06-02T17:17:05.657245" elapsed="0.015995"/>
</kw>
<kw name="Set Suite Variable" owner="BuiltIn">
<msg time="2026-06-02T17:17:05.673240" level="INFO">${BOOKING_ID} = 3148</msg>
<arg>${BOOKING_ID}</arg>
<arg>${bookingid}</arg>
<doc>Makes a variable available everywhere within the scope of the current suite.</doc>
<status status="PASS" start="2026-06-02T17:17:05.673240" elapsed="0.000000"/>
</kw>
<status status="PASS" start="2026-06-02T17:17:05.159112" elapsed="0.514128"/>
</kw>
<kw name="Quando eu recupero a reserva usando o id" owner="api_keywords">
<kw name="GET On Session" owner="RequestsLibrary">
<msg time="2026-06-02T17:17:05.795730" level="INFO">GET Request : url=https://restful-booker.herokuapp.com/booking/3148 
 path_url=/booking/3148 
 headers={'User-Agent': 'python-requests/2.34.2', 'Accept-Encoding': 'gzip, deflate', 'Accept': '*/*', 'Connection': 'keep-alive'} 
 body=None 
 </msg>
<msg time="2026-06-02T17:17:05.795730" level="INFO">GET Response : url=https://restful-booker.herokuapp.com/booking/3148 
 status=200, reason=OK 
 headers={'Content-Length': '167', 'Content-Type': 'application/json; charset=utf-8', 'Date': 'Tue, 02 Jun 2026 20:17:05 GMT', 'Etag': 'W/"a7-UDyiOL9mWfldjgO/AP/k5dBHspU"', 'Nel': '{"report_to":"heroku-nel","response_headers":["Via"],"max_age":3600,"success_fraction":0.01,"failure_fraction":0.1}', 'Report-To': '{"group":"heroku-nel","endpoints":[{"url":"https://nel.heroku.com/reports?s=9xZZM07k7pHOryD2weMPsyd5VblM6WRwcYcdRzqJG2M%3D\\u0026sid=c46efe9b-d3d2-4a0c-8c76-bfafa16c5add\\u0026ts=1780431425"}],"max_age":3600}', 'Reporting-Endpoints': 'heroku-nel="https://nel.heroku.com/reports?s=9xZZM07k7pHOryD2weMPsyd5VblM6WRwcYcdRzqJG2M%3D&amp;sid=c46efe9b-d3d2-4a0c-8c76-bfafa16c5add&amp;ts=1780431425"', 'Server': 'Heroku', 'Via': '1.1 heroku-router', 'X-Powered-By': 'Express'} 
 body={"firstname":"John","lastname":"Doe","totalprice":123,"depositpaid":true,"bookingdates":{"checkin":"2025-01-01","checkout":"2025-01-05"},"additionalneeds":"Breakfast"} 
 </msg>
<msg time="2026-06-02T17:17:05.795730" level="INFO">C:\Users\Dione\AppData\Local\Programs\Python\Python312\Lib\site-packages\urllib3\connectionpool.py:1097: InsecureRequestWarning: Unverified HTTPS request is being made to host 'restful-booker.herokuapp.com'. Adding certificate verification is strongly advised. See: https://urllib3.readthedocs.io/en/latest/advanced-usage.html#tls-warnings
  warnings.warn(</msg>
<msg time="2026-06-02T17:17:05.795730" level="INFO">${response} = &lt;Response [200]&gt;</msg>
<var>${response}</var>
<arg>api</arg>
<arg>${AUTH_BOOKING}/${BOOKING_ID}</arg>
<doc>Sends a GET request on a previously created HTTP Session.</doc>
<status status="PASS" start="2026-06-02T17:17:05.674241" elapsed="0.121489"/>
</kw>
<kw name="Set Suite Variable" owner="BuiltIn">
<msg time="2026-06-02T17:17:05.796739" level="INFO">${LAST_RESPONSE} = &lt;Response [200]&gt;</msg>
<arg>${LAST_RESPONSE}</arg>
<arg>${response}</arg>
<doc>Makes a variable available everywhere within the scope of the current suite.</doc>
<status status="PASS" start="2026-06-02T17:17:05.796739" elapsed="0.000000"/>
</kw>
<status status="PASS" start="2026-06-02T17:17:05.673240" elapsed="0.123499"/>
</kw>
<kw name="Então o status da resposta deve ser 200" owner="api_keywords" source_name="Então o status da resposta deve ser ${status}">
<kw name="E o status da resposta deve ser ${status}" owner="api_keywords" source_name="E o status da resposta deve ser ${status}">
<kw name="Should Be Equal As Integers" owner="BuiltIn">
<msg time="2026-06-02T17:17:05.797824" level="INFO">Argument types are:
&lt;class 'int'&gt;
&lt;class 'str'&gt;</msg>
<arg>${LAST_RESPONSE.status_code}</arg>
<arg>${status}</arg>
<doc>Fails if objects are unequal after converting them to integers.</doc>
<status status="PASS" start="2026-06-02T17:17:05.796739" elapsed="0.001085"/>
</kw>
<status status="PASS" start="2026-06-02T17:17:05.796739" elapsed="0.001085"/>
</kw>
<status status="PASS" start="2026-06-02T17:17:05.796739" elapsed="0.001085"/>
</kw>
<kw name="E a resposta deve conter firstname John e lastname Doe" owner="api_keywords" source_name="E a resposta deve conter firstname ${firstname} e lastname ${lastname}">
<kw name="Convert String To Json" owner="JSONLibrary">
<msg time="2026-06-02T17:17:05.797824" level="INFO">${body} = {'firstname': 'John', 'lastname': 'Doe', 'totalprice': 123, 'depositpaid': True, 'bookingdates': {'checkin': '2025-01-01', 'checkout': '2025-01-05'}, 'additionalneeds': 'Breakfast'}</msg>
<var>${body}</var>
<arg>${LAST_RESPONSE.text}</arg>
<doc>Convert String to JSON object</doc>
<status status="PASS" start="2026-06-02T17:17:05.797824" elapsed="0.000000"/>
</kw>
<kw name="Extrair valor JSON" owner="api_keywords">
<kw name="Get Value From Json" owner="JSONLibrary">
<msg time="2026-06-02T17:17:05.808739" level="INFO">${values} = ['John']</msg>
<var>${values}</var>
<arg>${json_object}</arg>
<arg>${path}</arg>
<doc>Get Value From JSON using JSONPath</doc>
<status status="PASS" start="2026-06-02T17:17:05.798818" elapsed="0.009921"/>
</kw>
<kw name="Get From List" owner="Collections">
<msg time="2026-06-02T17:17:05.809833" level="INFO">${value} = John</msg>
<var>${value}</var>
<arg>${values}</arg>
<arg>0</arg>
<doc>Returns the value specified with an ``index`` from ``list``.</doc>
<status status="PASS" start="2026-06-02T17:17:05.809833" elapsed="0.000000"/>
</kw>
<return>
<value>${value}</value>
<status status="PASS" start="2026-06-02T17:17:05.809833" elapsed="0.000000"/>
</return>
<msg time="2026-06-02T17:17:05.809833" level="INFO">${first} = John</msg>
<var>${first}</var>
<arg>${body}</arg>
<arg>firstname</arg>
<status status="PASS" start="2026-06-02T17:17:05.797824" elapsed="0.012009"/>
</kw>
<kw name="Extrair valor JSON" owner="api_keywords">
<kw name="Get Value From Json" owner="JSONLibrary">
<msg time="2026-06-02T17:17:05.819827" level="INFO">${values} = ['Doe']</msg>
<var>${values}</var>
<arg>${json_object}</arg>
<arg>${path}</arg>
<doc>Get Value From JSON using JSONPath</doc>
<status status="PASS" start="2026-06-02T17:17:05.809833" elapsed="0.009994"/>
</kw>
<kw name="Get From List" owner="Collections">
<msg time="2026-06-02T17:17:05.819827" level="INFO">${value} = Doe</msg>
<var>${value}</var>
<arg>${values}</arg>
<arg>0</arg>
<doc>Returns the value specified with an ``index`` from ``list``.</doc>
<status status="PASS" start="2026-06-02T17:17:05.819827" elapsed="0.000000"/>
</kw>
<return>
<value>${value}</value>
<status status="PASS" start="2026-06-02T17:17:05.820827" elapsed="0.000000"/>
</return>
<msg time="2026-06-02T17:17:05.820827" level="INFO">${last} = Doe</msg>
<var>${last}</var>
<arg>${body}</arg>
<arg>lastname</arg>
<status status="PASS" start="2026-06-02T17:17:05.809833" elapsed="0.010994"/>
</kw>
<kw name="Should Be Equal" owner="BuiltIn">
<arg>${first}</arg>
<arg>${firstname}</arg>
<doc>Fails if the given objects are unequal.</doc>
<status status="PASS" start="2026-06-02T17:17:05.820827" elapsed="0.000000"/>
</kw>
<kw name="Should Be Equal" owner="BuiltIn">
<arg>${last}</arg>
<arg>${lastname}</arg>
<doc>Fails if the given objects are unequal.</doc>
<status status="PASS" start="2026-06-02T17:17:05.820827" elapsed="0.000000"/>
</kw>
<status status="PASS" start="2026-06-02T17:17:05.797824" elapsed="0.023003"/>
</kw>
<kw name="Capturar Resultado do Teste" owner="api_keywords" type="TEARDOWN">
<kw name="Run Keyword And Ignore Error" owner="BuiltIn">
<kw name="Capturar Screenshot da Resposta" owner="api_keywords">
<kw name="Get Current Date" owner="DateTime">
<msg time="2026-06-02T17:17:05.821742" level="INFO">${timestamp} = 20260602_171705_821742</msg>
<var>${timestamp}</var>
<arg>result_format=%Y%m%d_%H%M%S_%f</arg>
<doc>Returns current local or UTC time with an optional increment.</doc>
<status status="PASS" start="2026-06-02T17:17:05.821742" elapsed="0.000000"/>
</kw>
<kw name="Set Variable" owner="BuiltIn">
<msg time="2026-06-02T17:17:05.822740" level="INFO">${response_text} = {"firstname":"John","lastname":"Doe","totalprice":123,"depositpaid":true,"bookingdates":{"checkin":"2025-01-01","checkout":"2025-01-05"},"additionalneeds":"Breakfast"}</msg>
<var>${response_text}</var>
<arg>${LAST_RESPONSE.text}</arg>
<doc>Returns the given values which can then be assigned to a variables.</doc>
<status status="PASS" start="2026-06-02T17:17:05.821742" elapsed="0.000998"/>
</kw>
<kw name="Set Variable" owner="BuiltIn">
<msg time="2026-06-02T17:17:05.822740" level="INFO">${response_status} = 200</msg>
<var>${response_status}</var>
<arg>${LAST_RESPONSE.status_code}</arg>
<doc>Returns the given values which can then be assigned to a variables.</doc>
<status status="PASS" start="2026-06-02T17:17:05.822740" elapsed="0.000000"/>
</kw>
<kw name="Set Variable" owner="BuiltIn">
<msg time="2026-06-02T17:17:05.822740" level="INFO">${screenshot_dir} = results/screenshots</msg>
<var>${screenshot_dir}</var>
<arg>results/screenshots</arg>
<doc>Returns the given values which can then be assigned to a variables.</doc>
<status status="PASS" start="2026-06-02T17:17:05.822740" elapsed="0.000000"/>
</kw>
<kw name="Create Directory" owner="OperatingSystem">
<msg time="2026-06-02T17:17:05.822740" level="INFO" html="true">Directory '&lt;a href="file://C:\Users\Dione\Desktop\Mentoria-QA\teste2\results\screenshots"&gt;C:\Users\Dione\Desktop\Mentoria-QA\teste2\results\screenshots&lt;/a&gt;' already exists.</msg>
<arg>${screenshot_dir}</arg>
<doc>Creates the specified directory.</doc>
<status status="PASS" start="2026-06-02T17:17:05.822740" elapsed="0.000000"/>
</kw>
<kw name="Set Variable" owner="BuiltIn">
<msg time="2026-06-02T17:17:05.823741" level="INFO">${filename} = results/screenshots/response_20260602_171705_821742_200.json</msg>
<var>${filename}</var>
<arg>${screenshot_dir}/response_${timestamp}_${response_status}.json</arg>
<doc>Returns the given values which can then be assigned to a variables.</doc>
<status status="PASS" start="2026-06-02T17:17:05.823741" elapsed="0.000000"/>
</kw>
<kw name="Create File" owner="OperatingSystem">
<msg time="2026-06-02T17:17:05.824736" level="INFO" html="true">Created file '&lt;a href="file://C:\Users\Dione\Desktop\Mentoria-QA\teste2\results\screenshots\response_20260602_171705_821742_200.json"&gt;C:\Users\Dione\Desktop\Mentoria-QA\teste2\results\screenshots\response_20260602_171705_821742_200.json&lt;/a&gt;'.</msg>
<arg>${filename}</arg>
<arg>${response_text}</arg>
<doc>Creates a file with the given content and encoding.</doc>
<status status="PASS" start="2026-06-02T17:17:05.823741" elapsed="0.000995"/>
</kw>
<doc>Salva a resposta da API como arquivo JSON para visualização</doc>
<status status="PASS" start="2026-06-02T17:17:05.821742" elapsed="0.002994"/>
</kw>
<arg>Capturar Screenshot da Resposta</arg>
<doc>Runs the given keyword with the given arguments and ignores possible error.</doc>
<status status="PASS" start="2026-06-02T17:17:05.821742" elapsed="0.002994"/>
</kw>
<doc>Captura screenshot de sucesso ou erro baseado no resultado do teste</doc>
<status status="PASS" start="2026-06-02T17:17:05.821742" elapsed="0.002994"/>
</kw>
<doc>Cria e recupera uma reserva por ID, validando os dados retornados.</doc>
<tag>booking</tag>
<tag>leitura</tag>
<status status="PASS" start="2026-06-02T17:17:05.157217" elapsed="0.667519"/>
</test>
<test id="s1-s2-s1-t3" name="Atualizar reserva existente" line="27">
<kw name="Dado que o endpoint de booking está disponível" owner="api_keywords">
<kw name="Criar Sessão API" owner="api_keywords">
<kw name="Create Session" owner="RequestsLibrary">
<msg time="2026-06-02T17:17:05.826750" level="INFO">Creating Session using : alias=api, url=https://restful-booker.herokuapp.com, headers={},                     cookies={}, auth=None, timeout=30, proxies=None, verify=False,                     debug=0 </msg>
<arg>api</arg>
<arg>${BASE_URL}</arg>
<arg>timeout=${TIMEOUT}</arg>
<arg>verify=False</arg>
<doc>Create Session: create a HTTP session to a server</doc>
<status status="PASS" start="2026-06-02T17:17:05.826750" elapsed="0.000000"/>
</kw>
<status status="PASS" start="2026-06-02T17:17:05.826750" elapsed="0.000000"/>
</kw>
<status status="PASS" start="2026-06-02T17:17:05.825738" elapsed="0.001012"/>
</kw>
<kw name="Quando eu crio a reserva válida" owner="api_keywords">
<kw name="Create Dictionary" owner="BuiltIn">
<msg time="2026-06-02T17:17:05.827741" level="INFO">${bookingdates} = {'checkin': '2025-01-01', 'checkout': '2025-01-05'}</msg>
<var>${bookingdates}</var>
<arg>checkin=2025-01-01</arg>
<arg>checkout=2025-01-05</arg>
<doc>Creates and returns a dictionary based on the given ``items``.</doc>
<status status="PASS" start="2026-06-02T17:17:05.827741" elapsed="0.000000"/>
</kw>
<kw name="Create Dictionary" owner="BuiltIn">
<msg time="2026-06-02T17:17:05.827741" level="INFO">${payload} = {'firstname': 'John', 'lastname': 'Doe', 'totalprice': '123', 'depositpaid': 'True', 'bookingdates': {'checkin': '2025-01-01', 'checkout': '2025-01-05'}, 'additionalneeds': 'Breakfast'}</msg>
<var>${payload}</var>
<arg>firstname=John</arg>
<arg>lastname=Doe</arg>
<arg>totalprice=123</arg>
<arg>depositpaid=True</arg>
<arg>bookingdates=${bookingdates}</arg>
<arg>additionalneeds=Breakfast</arg>
<doc>Creates and returns a dictionary based on the given ``items``.</doc>
<status status="PASS" start="2026-06-02T17:17:05.827741" elapsed="0.000000"/>
</kw>
<kw name="POST On Session" owner="RequestsLibrary">
<msg time="2026-06-02T17:17:06.345908" level="INFO">POST Request : url=https://restful-booker.herokuapp.com/booking 
 path_url=/booking 
 headers={'User-Agent': 'python-requests/2.34.2', 'Accept-Encoding': 'gzip, deflate', 'Accept': '*/*', 'Connection': 'keep-alive', 'Content-Length': '185', 'Content-Type': 'application/json'} 
 body=b'{"firstname": "John", "lastname": "Doe", "totalprice": "123", "depositpaid": "True", "bookingdates": {"checkin": "2025-01-01", "checkout": "2025-01-05"}, "additionalneeds": "Breakfast"}' 
 </msg>
<msg time="2026-06-02T17:17:06.345908" level="INFO">POST Response : url=https://restful-booker.herokuapp.com/booking 
 status=200, reason=OK 
 headers={'Content-Length': '196', 'Content-Type': 'application/json; charset=utf-8', 'Date': 'Tue, 02 Jun 2026 20:17:06 GMT', 'Etag': 'W/"c4-Du2SUJ+95H//I6JtLZQHHrfdI1I"', 'Nel': '{"report_to":"heroku-nel","response_headers":["Via"],"max_age":3600,"success_fraction":0.01,"failure_fraction":0.1}', 'Report-To': '{"group":"heroku-nel","endpoints":[{"url":"https://nel.heroku.com/reports?s=hweHFthgRR8Budvqyc5DN2b5gapzfZNi486TQtzP2kk%3D\\u0026sid=c46efe9b-d3d2-4a0c-8c76-bfafa16c5add\\u0026ts=1780431426"}],"max_age":3600}', 'Reporting-Endpoints': 'heroku-nel="https://nel.heroku.com/reports?s=hweHFthgRR8Budvqyc5DN2b5gapzfZNi486TQtzP2kk%3D&amp;sid=c46efe9b-d3d2-4a0c-8c76-bfafa16c5add&amp;ts=1780431426"', 'Server': 'Heroku', 'Via': '1.1 heroku-router', 'X-Powered-By': 'Express'} 
 body={"bookingid":3155,"booking":{"firstname":"John","lastname":"Doe","totalprice":123,"depositpaid":true,"bookingdates":{"checkin":"2025-01-01","checkout":"2025-01-05"},"additionalneeds":"Breakfast"}} 
 </msg>
<msg time="2026-06-02T17:17:06.345908" level="INFO">C:\Users\Dione\AppData\Local\Programs\Python\Python312\Lib\site-packages\urllib3\connectionpool.py:1097: InsecureRequestWarning: Unverified HTTPS request is being made to host 'restful-booker.herokuapp.com'. Adding certificate verification is strongly advised. See: https://urllib3.readthedocs.io/en/latest/advanced-usage.html#tls-warnings
  warnings.warn(</msg>
<msg time="2026-06-02T17:17:06.345908" level="INFO">${response} = &lt;Response [200]&gt;</msg>
<var>${response}</var>
<arg>api</arg>
<arg>${AUTH_BOOKING}</arg>
<arg>json=${payload}</arg>
<doc>Sends a POST request on a previously created HTTP Session.</doc>
<status status="PASS" start="2026-06-02T17:17:05.827741" elapsed="0.518167"/>
</kw>
<kw name="Set Suite Variable" owner="BuiltIn">
<msg time="2026-06-02T17:17:06.345908" level="INFO">${LAST_RESPONSE} = &lt;Response [200]&gt;</msg>
<arg>${LAST_RESPONSE}</arg>
<arg>${response}</arg>
<doc>Makes a variable available everywhere within the scope of the current suite.</doc>
<status status="PASS" start="2026-06-02T17:17:06.345908" elapsed="0.000000"/>
</kw>
<kw name="Convert String To Json" owner="JSONLibrary">
<msg time="2026-06-02T17:17:06.345908" level="INFO">${body} = {'bookingid': 3155, 'booking': {'firstname': 'John', 'lastname': 'Doe', 'totalprice': 123, 'depositpaid': True, 'bookingdates': {'checkin': '2025-01-01', 'checkout': '2025-01-05'}, 'additionalneeds': ...</msg>
<var>${body}</var>
<arg>${LAST_RESPONSE.text}</arg>
<doc>Convert String to JSON object</doc>
<status status="PASS" start="2026-06-02T17:17:06.345908" elapsed="0.000000"/>
</kw>
<kw name="Extrair valor JSON" owner="api_keywords">
<kw name="Get Value From Json" owner="JSONLibrary">
<msg time="2026-06-02T17:17:06.366889" level="INFO">${values} = [3155]</msg>
<var>${values}</var>
<arg>${json_object}</arg>
<arg>${path}</arg>
<doc>Get Value From JSON using JSONPath</doc>
<status status="PASS" start="2026-06-02T17:17:06.345908" elapsed="0.020981"/>
</kw>
<kw name="Get From List" owner="Collections">
<msg time="2026-06-02T17:17:06.367958" level="INFO">${value} = 3155</msg>
<var>${value}</var>
<arg>${values}</arg>
<arg>0</arg>
<doc>Returns the value specified with an ``index`` from ``list``.</doc>
<status status="PASS" start="2026-06-02T17:17:06.367958" elapsed="0.000000"/>
</kw>
<return>
<value>${value}</value>
<status status="PASS" start="2026-06-02T17:17:06.367958" elapsed="0.000000"/>
</return>
<msg time="2026-06-02T17:17:06.367958" level="INFO">${bookingid} = 3155</msg>
<var>${bookingid}</var>
<arg>${body}</arg>
<arg>bookingid</arg>
<status status="PASS" start="2026-06-02T17:17:06.345908" elapsed="0.022050"/>
</kw>
<kw name="Set Suite Variable" owner="BuiltIn">
<msg time="2026-06-02T17:17:06.367958" level="INFO">${BOOKING_ID} = 3155</msg>
<arg>${BOOKING_ID}</arg>
<arg>${bookingid}</arg>
<doc>Makes a variable available everywhere within the scope of the current suite.</doc>
<status status="PASS" start="2026-06-02T17:17:06.367958" elapsed="0.000000"/>
</kw>
<status status="PASS" start="2026-06-02T17:17:05.827741" elapsed="0.540217"/>
</kw>
<kw name="Quando eu autentico como admin" owner="api_keywords">
<kw name="Quando eu realizo o POST /auth com username ${ADMIN_USERNAME} e password ${ADMIN_PASS}" owner="api_keywords" source_name="Quando eu realizo o POST /auth com username ${username} e password ${password}">
<kw name="Create Dictionary" owner="BuiltIn">
<msg time="2026-06-02T17:17:06.369795" level="INFO">${payload} = {'username': 'admin', 'password': 'password123'}</msg>
<var>${payload}</var>
<arg>username=${username}</arg>
<arg>password=${password}</arg>
<doc>Creates and returns a dictionary based on the given ``items``.</doc>
<status status="PASS" start="2026-06-02T17:17:06.368801" elapsed="0.000994"/>
</kw>
<kw name="POST On Session" owner="RequestsLibrary">
<msg time="2026-06-02T17:17:06.487960" level="INFO">POST Request : url=https://restful-booker.herokuapp.com/auth 
 path_url=/auth 
 headers={'User-Agent': 'python-requests/2.34.2', 'Accept-Encoding': 'gzip, deflate', 'Accept': '*/*', 'Connection': 'keep-alive', 'Content-Length': '48', 'Content-Type': 'application/json'} 
 body=b'{"username": "admin", "password": "password123"}' 
 </msg>
<msg time="2026-06-02T17:17:06.487960" level="INFO">POST Response : url=https://restful-booker.herokuapp.com/auth 
 status=200, reason=OK 
 headers={'Content-Length': '27', 'Content-Type': 'application/json; charset=utf-8', 'Date': 'Tue, 02 Jun 2026 20:17:06 GMT', 'Etag': 'W/"1b-2xEjYbDkuWaVMYBpHdbXJY0gzRc"', 'Nel': '{"report_to":"heroku-nel","response_headers":["Via"],"max_age":3600,"success_fraction":0.01,"failure_fraction":0.1}', 'Report-To': '{"group":"heroku-nel","endpoints":[{"url":"https://nel.heroku.com/reports?s=hweHFthgRR8Budvqyc5DN2b5gapzfZNi486TQtzP2kk%3D\\u0026sid=c46efe9b-d3d2-4a0c-8c76-bfafa16c5add\\u0026ts=1780431426"}],"max_age":3600}', 'Reporting-Endpoints': 'heroku-nel="https://nel.heroku.com/reports?s=hweHFthgRR8Budvqyc5DN2b5gapzfZNi486TQtzP2kk%3D&amp;sid=c46efe9b-d3d2-4a0c-8c76-bfafa16c5add&amp;ts=1780431426"', 'Server': 'Heroku', 'Via': '1.1 heroku-router', 'X-Powered-By': 'Express'} 
 body={"token":"0ff9d0eea225251"} 
 </msg>
<msg time="2026-06-02T17:17:06.487960" level="INFO">C:\Users\Dione\AppData\Local\Programs\Python\Python312\Lib\site-packages\urllib3\connectionpool.py:1097: InsecureRequestWarning: Unverified HTTPS request is being made to host 'restful-booker.herokuapp.com'. Adding certificate verification is strongly advised. See: https://urllib3.readthedocs.io/en/latest/advanced-usage.html#tls-warnings
  warnings.warn(</msg>
<msg time="2026-06-02T17:17:06.487960" level="INFO">${response} = &lt;Response [200]&gt;</msg>
<var>${response}</var>
<arg>api</arg>
<arg>${AUTH_ENDPOINT}</arg>
<arg>json=${payload}</arg>
<doc>Sends a POST request on a previously created HTTP Session.</doc>
<status status="PASS" start="2026-06-02T17:17:06.369795" elapsed="0.118165"/>
</kw>
<kw name="Set Suite Variable" owner="BuiltIn">
<msg time="2026-06-02T17:17:06.487960" level="INFO">${LAST_RESPONSE} = &lt;Response [200]&gt;</msg>
<arg>${LAST_RESPONSE}</arg>
<arg>${response}</arg>
<doc>Makes a variable available everywhere within the scope of the current suite.</doc>
<status status="PASS" start="2026-06-02T17:17:06.487960" elapsed="0.000000"/>
</kw>
<status status="PASS" start="2026-06-02T17:17:06.368801" elapsed="0.119159"/>
</kw>
<kw name="Convert String To Json" owner="JSONLibrary">
<msg time="2026-06-02T17:17:06.487960" level="INFO">${body} = {'token': '0ff9d0eea225251'}</msg>
<var>${body}</var>
<arg>${LAST_RESPONSE.text}</arg>
<doc>Convert String to JSON object</doc>
<status status="PASS" start="2026-06-02T17:17:06.487960" elapsed="0.000000"/>
</kw>
<kw name="Extrair valor JSON" owner="api_keywords">
<kw name="Get Value From Json" owner="JSONLibrary">
<msg time="2026-06-02T17:17:06.505533" level="INFO">${values} = ['0ff9d0eea225251']</msg>
<var>${values}</var>
<arg>${json_object}</arg>
<arg>${path}</arg>
<doc>Get Value From JSON using JSONPath</doc>
<status status="PASS" start="2026-06-02T17:17:06.491528" elapsed="0.014005"/>
</kw>
<kw name="Get From List" owner="Collections">
<msg time="2026-06-02T17:17:06.505533" level="INFO">${value} = 0ff9d0eea225251</msg>
<var>${value}</var>
<arg>${values}</arg>
<arg>0</arg>
<doc>Returns the value specified with an ``index`` from ``list``.</doc>
<status status="PASS" start="2026-06-02T17:17:06.505533" elapsed="0.000000"/>
</kw>
<return>
<value>${value}</value>
<status status="PASS" start="2026-06-02T17:17:06.506532" elapsed="0.000000"/>
</return>
<msg time="2026-06-02T17:17:06.506532" level="INFO">${token} = 0ff9d0eea225251</msg>
<var>${token}</var>
<arg>${body}</arg>
<arg>token</arg>
<status status="PASS" start="2026-06-02T17:17:06.491528" elapsed="0.015004"/>
</kw>
<kw name="Set Suite Variable" owner="BuiltIn">
<msg time="2026-06-02T17:17:06.507534" level="INFO">${AUTH_TOKEN} = 0ff9d0eea225251</msg>
<arg>${AUTH_TOKEN}</arg>
<arg>${token}</arg>
<doc>Makes a variable available everywhere within the scope of the current suite.</doc>
<status status="PASS" start="2026-06-02T17:17:06.506532" elapsed="0.001002"/>
</kw>
<status status="PASS" start="2026-06-02T17:17:06.368801" elapsed="0.138733"/>
</kw>
<kw name="Quando eu atualizo a reserva com id salvo" owner="api_keywords">
<kw name="Create Dictionary" owner="BuiltIn">
<msg time="2026-06-02T17:17:06.509535" level="INFO">${bookingdates} = {'checkin': '2025-02-01', 'checkout': '2025-02-05'}</msg>
<var>${bookingdates}</var>
<arg>checkin=2025-02-01</arg>
<arg>checkout=2025-02-05</arg>
<doc>Creates and returns a dictionary based on the given ``items``.</doc>
<status status="PASS" start="2026-06-02T17:17:06.509535" elapsed="0.000000"/>
</kw>
<kw name="Create Dictionary" owner="BuiltIn">
<msg time="2026-06-02T17:17:06.509535" level="INFO">${payload} = {'firstname': 'Jane', 'lastname': 'Doe', 'totalprice': '111', 'depositpaid': 'False', 'bookingdates': {'checkin': '2025-02-01', 'checkout': '2025-02-05'}, 'additionalneeds': 'Dinner'}</msg>
<var>${payload}</var>
<arg>firstname=Jane</arg>
<arg>lastname=Doe</arg>
<arg>totalprice=111</arg>
<arg>depositpaid=False</arg>
<arg>bookingdates=${bookingdates}</arg>
<arg>additionalneeds=Dinner</arg>
<doc>Creates and returns a dictionary based on the given ``items``.</doc>
<status status="PASS" start="2026-06-02T17:17:06.509535" elapsed="0.000000"/>
</kw>
<kw name="Create Dictionary" owner="BuiltIn">
<msg time="2026-06-02T17:17:06.510536" level="INFO">${headers} = {'Cookie': 'token=0ff9d0eea225251'}</msg>
<var>${headers}</var>
<arg>Cookie=token=${AUTH_TOKEN}</arg>
<doc>Creates and returns a dictionary based on the given ``items``.</doc>
<status status="PASS" start="2026-06-02T17:17:06.509535" elapsed="0.001001"/>
</kw>
<kw name="PUT On Session" owner="RequestsLibrary">
<msg time="2026-06-02T17:17:06.628847" level="INFO">PUT Request : url=https://restful-booker.herokuapp.com/booking/3155 
 path_url=/booking/3155 
 headers={'User-Agent': 'python-requests/2.34.2', 'Accept-Encoding': 'gzip, deflate', 'Accept': '*/*', 'Connection': 'keep-alive', 'Cookie': 'token=0ff9d0eea225251', 'Content-Length': '183', 'Content-Type': 'application/json'} 
 body=b'{"firstname": "Jane", "lastname": "Doe", "totalprice": "111", "depositpaid": "False", "bookingdates": {"checkin": "2025-02-01", "checkout": "2025-02-05"}, "additionalneeds": "Dinner"}' 
 </msg>
<msg time="2026-06-02T17:17:06.628847" level="INFO">PUT Response : url=https://restful-booker.herokuapp.com/booking/3155 
 status=200, reason=OK 
 headers={'Content-Length': '164', 'Content-Type': 'application/json; charset=utf-8', 'Date': 'Tue, 02 Jun 2026 20:17:06 GMT', 'Etag': 'W/"a4-CUyFQFw3t4gHg+tGl49seoyMfkI"', 'Nel': '{"report_to":"heroku-nel","response_headers":["Via"],"max_age":3600,"success_fraction":0.01,"failure_fraction":0.1}', 'Report-To': '{"group":"heroku-nel","endpoints":[{"url":"https://nel.heroku.com/reports?s=hweHFthgRR8Budvqyc5DN2b5gapzfZNi486TQtzP2kk%3D\\u0026sid=c46efe9b-d3d2-4a0c-8c76-bfafa16c5add\\u0026ts=1780431426"}],"max_age":3600}', 'Reporting-Endpoints': 'heroku-nel="https://nel.heroku.com/reports?s=hweHFthgRR8Budvqyc5DN2b5gapzfZNi486TQtzP2kk%3D&amp;sid=c46efe9b-d3d2-4a0c-8c76-bfafa16c5add&amp;ts=1780431426"', 'Server': 'Heroku', 'Via': '1.1 heroku-router', 'X-Powered-By': 'Express'} 
 body={"firstname":"Jane","lastname":"Doe","totalprice":111,"depositpaid":true,"bookingdates":{"checkin":"2025-02-01","checkout":"2025-02-05"},"additionalneeds":"Dinner"} 
 </msg>
<msg time="2026-06-02T17:17:06.628847" level="INFO">C:\Users\Dione\AppData\Local\Programs\Python\Python312\Lib\site-packages\urllib3\connectionpool.py:1097: InsecureRequestWarning: Unverified HTTPS request is being made to host 'restful-booker.herokuapp.com'. Adding certificate verification is strongly advised. See: https://urllib3.readthedocs.io/en/latest/advanced-usage.html#tls-warnings
  warnings.warn(</msg>
<msg time="2026-06-02T17:17:06.628847" level="INFO">${response} = &lt;Response [200]&gt;</msg>
<var>${response}</var>
<arg>api</arg>
<arg>${AUTH_BOOKING}/${BOOKING_ID}</arg>
<arg>json=${payload}</arg>
<arg>headers=${headers}</arg>
<doc>Sends a PUT request on a previously created HTTP Session.</doc>
<status status="PASS" start="2026-06-02T17:17:06.510536" elapsed="0.118311"/>
</kw>
<kw name="Set Suite Variable" owner="BuiltIn">
<msg time="2026-06-02T17:17:06.628847" level="INFO">${LAST_RESPONSE} = &lt;Response [200]&gt;</msg>
<arg>${LAST_RESPONSE}</arg>
<arg>${response}</arg>
<doc>Makes a variable available everywhere within the scope of the current suite.</doc>
<status status="PASS" start="2026-06-02T17:17:06.628847" elapsed="0.000000"/>
</kw>
<status status="PASS" start="2026-06-02T17:17:06.508534" elapsed="0.120313"/>
</kw>
<kw name="Então o status da resposta deve ser 200" owner="api_keywords" source_name="Então o status da resposta deve ser ${status}">
<kw name="E o status da resposta deve ser ${status}" owner="api_keywords" source_name="E o status da resposta deve ser ${status}">
<kw name="Should Be Equal As Integers" owner="BuiltIn">
<msg time="2026-06-02T17:17:06.628847" level="INFO">Argument types are:
&lt;class 'int'&gt;
&lt;class 'str'&gt;</msg>
<arg>${LAST_RESPONSE.status_code}</arg>
<arg>${status}</arg>
<doc>Fails if objects are unequal after converting them to integers.</doc>
<status status="PASS" start="2026-06-02T17:17:06.628847" elapsed="0.000000"/>
</kw>
<status status="PASS" start="2026-06-02T17:17:06.628847" elapsed="0.000000"/>
</kw>
<status status="PASS" start="2026-06-02T17:17:06.628847" elapsed="0.000000"/>
</kw>
<kw name="E a resposta deve conter firstname Jane e lastname Doe" owner="api_keywords" source_name="E a resposta deve conter firstname ${firstname} e lastname ${lastname}">
<kw name="Convert String To Json" owner="JSONLibrary">
<msg time="2026-06-02T17:17:06.628847" level="INFO">${body} = {'firstname': 'Jane', 'lastname': 'Doe', 'totalprice': 111, 'depositpaid': True, 'bookingdates': {'checkin': '2025-02-01', 'checkout': '2025-02-05'}, 'additionalneeds': 'Dinner'}</msg>
<var>${body}</var>
<arg>${LAST_RESPONSE.text}</arg>
<doc>Convert String to JSON object</doc>
<status status="PASS" start="2026-06-02T17:17:06.628847" elapsed="0.000000"/>
</kw>
<kw name="Extrair valor JSON" owner="api_keywords">
<kw name="Get Value From Json" owner="JSONLibrary">
<msg time="2026-06-02T17:17:06.644366" level="INFO">${values} = ['Jane']</msg>
<var>${values}</var>
<arg>${json_object}</arg>
<arg>${path}</arg>
<doc>Get Value From JSON using JSONPath</doc>
<status status="PASS" start="2026-06-02T17:17:06.628847" elapsed="0.015519"/>
</kw>
<kw name="Get From List" owner="Collections">
<msg time="2026-06-02T17:17:06.644366" level="INFO">${value} = Jane</msg>
<var>${value}</var>
<arg>${values}</arg>
<arg>0</arg>
<doc>Returns the value specified with an ``index`` from ``list``.</doc>
<status status="PASS" start="2026-06-02T17:17:06.644366" elapsed="0.000000"/>
</kw>
<return>
<value>${value}</value>
<status status="PASS" start="2026-06-02T17:17:06.644366" elapsed="0.000000"/>
</return>
<msg time="2026-06-02T17:17:06.644366" level="INFO">${first} = Jane</msg>
<var>${first}</var>
<arg>${body}</arg>
<arg>firstname</arg>
<status status="PASS" start="2026-06-02T17:17:06.628847" elapsed="0.015519"/>
</kw>
<kw name="Extrair valor JSON" owner="api_keywords">
<kw name="Get Value From Json" owner="JSONLibrary">
<msg time="2026-06-02T17:17:06.644366" level="INFO">${values} = ['Doe']</msg>
<var>${values}</var>
<arg>${json_object}</arg>
<arg>${path}</arg>
<doc>Get Value From JSON using JSONPath</doc>
<status status="PASS" start="2026-06-02T17:17:06.644366" elapsed="0.000000"/>
</kw>
<kw name="Get From List" owner="Collections">
<msg time="2026-06-02T17:17:06.644366" level="INFO">${value} = Doe</msg>
<var>${value}</var>
<arg>${values}</arg>
<arg>0</arg>
<doc>Returns the value specified with an ``index`` from ``list``.</doc>
<status status="PASS" start="2026-06-02T17:17:06.644366" elapsed="0.000000"/>
</kw>
<return>
<value>${value}</value>
<status status="PASS" start="2026-06-02T17:17:06.644366" elapsed="0.000000"/>
</return>
<msg time="2026-06-02T17:17:06.644366" level="INFO">${last} = Doe</msg>
<var>${last}</var>
<arg>${body}</arg>
<arg>lastname</arg>
<status status="PASS" start="2026-06-02T17:17:06.644366" elapsed="0.000000"/>
</kw>
<kw name="Should Be Equal" owner="BuiltIn">
<arg>${first}</arg>
<arg>${firstname}</arg>
<doc>Fails if the given objects are unequal.</doc>
<status status="PASS" start="2026-06-02T17:17:06.644366" elapsed="0.000000"/>
</kw>
<kw name="Should Be Equal" owner="BuiltIn">
<arg>${last}</arg>
<arg>${lastname}</arg>
<doc>Fails if the given objects are unequal.</doc>
<status status="PASS" start="2026-06-02T17:17:06.644366" elapsed="0.000000"/>
</kw>
<status status="PASS" start="2026-06-02T17:17:06.628847" elapsed="0.015519"/>
</kw>
<kw name="Capturar Resultado do Teste" owner="api_keywords" type="TEARDOWN">
<kw name="Run Keyword And Ignore Error" owner="BuiltIn">
<kw name="Capturar Screenshot da Resposta" owner="api_keywords">
<kw name="Get Current Date" owner="DateTime">
<msg time="2026-06-02T17:17:06.658316" level="INFO">${timestamp} = 20260602_171706_658316</msg>
<var>${timestamp}</var>
<arg>result_format=%Y%m%d_%H%M%S_%f</arg>
[...]
<kw name="DELETE On Session" owner="RequestsLibrary">
<msg time="2026-06-02T17:17:11.165313" level="INFO">DELETE Request : url=https://restful-booker.herokuapp.com/booking/3198 
 path_url=/booking/3198 
 headers={'User-Agent': 'python-requests/2.34.2', 'Accept-Encoding': 'gzip, deflate', 'Accept': '*/*', 'Connection': 'keep-alive', 'Content-Length': '0'} 
 body=None 
 </msg>
<msg time="2026-06-02T17:17:11.166395" level="INFO">DELETE Response : url=https://restful-booker.herokuapp.com/booking/3198 
 status=403, reason=Forbidden 
 headers={'Content-Length': '9', 'Content-Type': 'text/plain; charset=utf-8', 'Date': 'Tue, 02 Jun 2026 20:17:11 GMT', 'Etag': 'W/"9-PatfYBLj4Um1qTm5zrukoLhNyPU"', 'Nel': '{"report_to":"heroku-nel","response_headers":["Via"],"max_age":3600,"success_fraction":0.01,"failure_fraction":0.1}', 'Report-To': '{"group":"heroku-nel","endpoints":[{"url":"https://nel.heroku.com/reports?s=xeVkqM0CHq0%2BJy42WA9JIP9wE7Rf0miLOtVPxaNje%2BI%3D\\u0026sid=c46efe9b-d3d2-4a0c-8c76-bfafa16c5add\\u0026ts=1780431431"}],"max_age":3600}', 'Reporting-Endpoints': 'heroku-nel="https://nel.heroku.com/reports?s=xeVkqM0CHq0%2BJy42WA9JIP9wE7Rf0miLOtVPxaNje%2BI%3D&amp;sid=c46efe9b-d3d2-4a0c-8c76-bfafa16c5add&amp;ts=1780431431"', 'Server': 'Heroku', 'Via': '1.1 heroku-router', 'X-Powered-By': 'Express'} 
 body=Forbidden 
 </msg>
<msg time="2026-06-02T17:17:11.166395" level="INFO">C:\Users\Dione\AppData\Local\Programs\Python\Python312\Lib\site-packages\urllib3\connectionpool.py:1097: InsecureRequestWarning: Unverified HTTPS request is being made to host 'restful-booker.herokuapp.com'. Adding certificate verification is strongly advised. See: https://urllib3.readthedocs.io/en/latest/advanced-usage.html#tls-warnings
  warnings.warn(</msg>
<msg time="2026-06-02T17:17:11.166395" level="FAIL">HTTPError: 403 Client Error: Forbidden for url: https://restful-booker.herokuapp.com/booking/3198</msg>
<arg>api</arg>
<arg>${AUTH_BOOKING}/${BOOKING_ID}</arg>
<doc>Sends a DELETE request on a previously created HTTP Session.</doc>
<status status="FAIL" start="2026-06-02T17:17:11.043148" elapsed="0.123247">HTTPError: 403 Client Error: Forbidden for url: https://restful-booker.herokuapp.com/booking/3198</status>
</kw>
<msg time="2026-06-02T17:17:11.167302" level="INFO">${result} = ('FAIL', 'HTTPError: 403 Client Error: Forbidden for url: https://restful-booker.herokuapp.com/booking/3198')</msg>
<var>${result}</var>
<arg>DELETE On Session</arg>
<arg>api</arg>
<arg>${AUTH_BOOKING}/${BOOKING_ID}</arg>
<doc>Runs the given keyword with the given arguments and ignores possible error.</doc>
<status status="PASS" start="2026-06-02T17:17:11.043148" elapsed="0.124154"/>
</kw>
<kw name="Get From List" owner="Collections">
<msg time="2026-06-02T17:17:11.167302" level="INFO">${error_msg} = HTTPError: 403 Client Error: Forbidden for url: https://restful-booker.herokuapp.com/booking/3198</msg>
<var>${error_msg}</var>
<arg>${result}</arg>
<arg>1</arg>
<doc>Returns the value specified with an ``index`` from ``list``.</doc>
<status status="PASS" start="2026-06-02T17:17:11.167302" elapsed="0.000000"/>
</kw>
<kw name="Set Suite Variable" owner="BuiltIn">
<msg time="2026-06-02T17:17:11.167302" level="INFO">${REQUEST_ERROR} = HTTPError: 403 Client Error: Forbidden for url: https://restful-booker.herokuapp.com/booking/3198</msg>
<arg>${REQUEST_ERROR}</arg>
<arg>${error_msg}</arg>
<doc>Makes a variable available everywhere within the scope of the current suite.</doc>
<status status="PASS" start="2026-06-02T17:17:11.167302" elapsed="0.000000"/>
</kw>
<status status="PASS" start="2026-06-02T17:17:11.042239" elapsed="0.125063"/>
</kw>
<kw name="Então o status da resposta deve ser 401 ou 403" owner="api_keywords">
<kw name="Should Contain Any" owner="BuiltIn">
<arg>${REQUEST_ERROR}</arg>
<arg>403</arg>
<arg>401</arg>
<doc>Fails if ``container`` does not contain any of the ``*items``.</doc>
<status status="PASS" start="2026-06-02T17:17:11.168611" elapsed="0.000000"/>
</kw>
<status status="PASS" start="2026-06-02T17:17:11.168304" elapsed="0.000307"/>
</kw>
<kw name="Capturar Resultado do Teste" owner="api_keywords" type="TEARDOWN">
<kw name="Run Keyword And Ignore Error" owner="BuiltIn">
<kw name="Capturar Screenshot da Resposta" owner="api_keywords">
<kw name="Get Current Date" owner="DateTime">
<msg time="2026-06-02T17:17:11.169618" level="INFO">${timestamp} = 20260602_171711_169618</msg>
<var>${timestamp}</var>
<arg>result_format=%Y%m%d_%H%M%S_%f</arg>
<doc>Returns current local or UTC time with an optional increment.</doc>
<status status="PASS" start="2026-06-02T17:17:11.169618" elapsed="0.000000"/>
</kw>
<kw name="Set Variable" owner="BuiltIn">
<msg time="2026-06-02T17:17:11.169618" level="INFO">${response_text} = {"bookingid":3198,"booking":{"firstname":"John","lastname":"Doe","totalprice":123,"depositpaid":true,"bookingdates":{"checkin":"2025-01-01","checkout":"2025-01-05"},"additionalneeds":"Breakfast"}}</msg>
<var>${response_text}</var>
<arg>${LAST_RESPONSE.text}</arg>
<doc>Returns the given values which can then be assigned to a variables.</doc>
<status status="PASS" start="2026-06-02T17:17:11.169618" elapsed="0.000000"/>
</kw>
<kw name="Set Variable" owner="BuiltIn">
<msg time="2026-06-02T17:17:11.170617" level="INFO">${response_status} = 200</msg>
<var>${response_status}</var>
<arg>${LAST_RESPONSE.status_code}</arg>
<doc>Returns the given values which can then be assigned to a variables.</doc>
<status status="PASS" start="2026-06-02T17:17:11.170617" elapsed="0.000000"/>
</kw>
<kw name="Set Variable" owner="BuiltIn">
<msg time="2026-06-02T17:17:11.170617" level="INFO">${screenshot_dir} = results/screenshots</msg>
<var>${screenshot_dir}</var>
<arg>results/screenshots</arg>
<doc>Returns the given values which can then be assigned to a variables.</doc>
<status status="PASS" start="2026-06-02T17:17:11.170617" elapsed="0.000000"/>
</kw>
<kw name="Create Directory" owner="OperatingSystem">
<msg time="2026-06-02T17:17:11.170617" level="INFO" html="true">Directory '&lt;a href="file://C:\Users\Dione\Desktop\Mentoria-QA\teste2\results\screenshots"&gt;C:\Users\Dione\Desktop\Mentoria-QA\teste2\results\screenshots&lt;/a&gt;' already exists.</msg>
<arg>${screenshot_dir}</arg>
<doc>Creates the specified directory.</doc>
<status status="PASS" start="2026-06-02T17:17:11.170617" elapsed="0.000000"/>
</kw>
<kw name="Set Variable" owner="BuiltIn">
<msg time="2026-06-02T17:17:11.171621" level="INFO">${filename} = results/screenshots/response_20260602_171711_169618_200.json</msg>
<var>${filename}</var>
<arg>${screenshot_dir}/response_${timestamp}_${response_status}.json</arg>
<doc>Returns the given values which can then be assigned to a variables.</doc>
<status status="PASS" start="2026-06-02T17:17:11.171621" elapsed="0.000000"/>
</kw>
<kw name="Create File" owner="OperatingSystem">
<msg time="2026-06-02T17:17:11.172613" level="INFO" html="true">Created file '&lt;a href="file://C:\Users\Dione\Desktop\Mentoria-QA\teste2\results\screenshots\response_20260602_171711_169618_200.json"&gt;C:\Users\Dione\Desktop\Mentoria-QA\teste2\results\screenshots\response_20260602_171711_169618_200.json&lt;/a&gt;'.</msg>
<arg>${filename}</arg>
<arg>${response_text}</arg>
<doc>Creates a file with the given content and encoding.</doc>
<status status="PASS" start="2026-06-02T17:17:11.171621" elapsed="0.000992"/>
</kw>
<doc>Salva a resposta da API como arquivo JSON para visualização</doc>
<status status="PASS" start="2026-06-02T17:17:11.169618" elapsed="0.002995"/>
</kw>
<arg>Capturar Screenshot da Resposta</arg>
<doc>Runs the given keyword with the given arguments and ignores possible error.</doc>
<status status="PASS" start="2026-06-02T17:17:11.168611" elapsed="0.004002"/>
</kw>
<doc>Captura screenshot de sucesso ou erro baseado no resultado do teste</doc>
<status status="PASS" start="2026-06-02T17:17:11.168611" elapsed="0.004002"/>
</kw>
<doc>Valida que não é possível excluir booking sem autenticação.</doc>
<tag>auth</tag>
<tag>seguranca</tag>
<status status="PASS" start="2026-06-02T17:17:10.518587" elapsed="0.654026"/>
</test>
<test id="s1-s4-s1-t3" name="Payload especial não deve causar erro de servidor" line="26">
<kw name="Dado que o endpoint de booking está disponível" owner="api_keywords">
<kw name="Criar Sessão API" owner="api_keywords">
<kw name="Create Session" owner="RequestsLibrary">
<msg time="2026-06-02T17:17:11.174614" level="INFO">Creating Session using : alias=api, url=https://restful-booker.herokuapp.com, headers={},                     cookies={}, auth=None, timeout=30, proxies=None, verify=False,                     debug=0 </msg>
<arg>api</arg>
<arg>${BASE_URL}</arg>
<arg>timeout=${TIMEOUT}</arg>
<arg>verify=False</arg>
<doc>Create Session: create a HTTP session to a server</doc>
<status status="PASS" start="2026-06-02T17:17:11.174614" elapsed="0.000000"/>
</kw>
<status status="PASS" start="2026-06-02T17:17:11.173615" elapsed="0.000999"/>
</kw>
<status status="PASS" start="2026-06-02T17:17:11.173615" elapsed="0.000999"/>
</kw>
<kw name="Quando eu crio a reserva com payload especial" owner="api_keywords">
<kw name="Create Dictionary" owner="BuiltIn">
<msg time="2026-06-02T17:17:11.175615" level="INFO">${bookingdates} = {'checkin': '2025-01-01', 'checkout': '2025-01-05'}</msg>
<var>${bookingdates}</var>
<arg>checkin=2025-01-01</arg>
<arg>checkout=2025-01-05</arg>
<doc>Creates and returns a dictionary based on the given ``items``.</doc>
<status status="PASS" start="2026-06-02T17:17:11.174614" elapsed="0.001001"/>
</kw>
<kw name="Evaluate" owner="BuiltIn">
<msg time="2026-06-02T17:17:11.175615" level="INFO">${payload} = {'firstname': "Robert' OR '1'='1", 'lastname': 'Doe', 'totalprice': 123, 'depositpaid': True, 'bookingdates': {'checkin': '2025-01-01', 'checkout': '2025-01-05'}, 'additionalneeds': 'Breakfast'}</msg>
<var>${payload}</var>
<arg>{'firstname': "Robert' OR '1'='1", 'lastname': 'Doe', 'totalprice': 123, 'depositpaid': True, 'bookingdates': {'checkin': '2025-01-01', 'checkout': '2025-01-05'}, 'additionalneeds': 'Breakfast'}</arg>
<doc>Evaluates the given expression in Python and returns the result.</doc>
<status status="PASS" start="2026-06-02T17:17:11.175615" elapsed="0.000000"/>
</kw>
<kw name="POST On Session" owner="RequestsLibrary">
<msg time="2026-06-02T17:17:11.683459" level="INFO">POST Request : url=https://restful-booker.herokuapp.com/booking 
 path_url=/booking 
 headers={'User-Agent': 'python-requests/2.34.2', 'Accept-Encoding': 'gzip, deflate', 'Accept': '*/*', 'Connection': 'keep-alive', 'Content-Length': '194', 'Content-Type': 'application/json'} 
 body=b'{"firstname": "Robert\' OR \'1\'=\'1", "lastname": "Doe", "totalprice": 123, "depositpaid": true, "bookingdates": {"checkin": "2025-01-01", "checkout": "2025-01-05"}, "additionalneeds": "Breakfast"}' 
 </msg>
<msg time="2026-06-02T17:17:11.683459" level="INFO">POST Response : url=https://restful-booker.herokuapp.com/booking 
 status=200, reason=OK 
 headers={'Content-Length': '209', 'Content-Type': 'application/json; charset=utf-8', 'Date': 'Tue, 02 Jun 2026 20:17:11 GMT', 'Etag': 'W/"d1-p2Mii7oWVUn/m809x0HkRkaGf8w"', 'Nel': '{"report_to":"heroku-nel","response_headers":["Via"],"max_age":3600,"success_fraction":0.01,"failure_fraction":0.1}', 'Report-To': '{"group":"heroku-nel","endpoints":[{"url":"https://nel.heroku.com/reports?s=xeVkqM0CHq0%2BJy42WA9JIP9wE7Rf0miLOtVPxaNje%2BI%3D\\u0026sid=c46efe9b-d3d2-4a0c-8c76-bfafa16c5add\\u0026ts=1780431431"}],"max_age":3600}', 'Reporting-Endpoints': 'heroku-nel="https://nel.heroku.com/reports?s=xeVkqM0CHq0%2BJy42WA9JIP9wE7Rf0miLOtVPxaNje%2BI%3D&amp;sid=c46efe9b-d3d2-4a0c-8c76-bfafa16c5add&amp;ts=1780431431"', 'Server': 'Heroku', 'Via': '1.1 heroku-router', 'X-Powered-By': 'Express'} 
 body={"bookingid":3201,"booking":{"firstname":"Robert' OR '1'='1","lastname":"Doe","totalprice":123,"depositpaid":true,"bookingdates":{"checkin":"2025-01-01","checkout":"2025-01-05"},"additionalneeds":"Breakfast"}} 
 </msg>
<msg time="2026-06-02T17:17:11.683459" level="INFO">C:\Users\Dione\AppData\Local\Programs\Python\Python312\Lib\site-packages\urllib3\connectionpool.py:1097: InsecureRequestWarning: Unverified HTTPS request is being made to host 'restful-booker.herokuapp.com'. Adding certificate verification is strongly advised. See: https://urllib3.readthedocs.io/en/latest/advanced-usage.html#tls-warnings
  warnings.warn(</msg>
<msg time="2026-06-02T17:17:11.685458" level="INFO">${response} = &lt;Response [200]&gt;</msg>
<var>${response}</var>
<arg>api</arg>
<arg>${AUTH_BOOKING}</arg>
<arg>json=${payload}</arg>
<doc>Sends a POST request on a previously created HTTP Session.</doc>
<status status="PASS" start="2026-06-02T17:17:11.175615" elapsed="0.509843"/>
</kw>
<kw name="Set Suite Variable" owner="BuiltIn">
<msg time="2026-06-02T17:17:11.686458" level="INFO">${LAST_RESPONSE} = &lt;Response [200]&gt;</msg>
<arg>${LAST_RESPONSE}</arg>
<arg>${response}</arg>
<doc>Makes a variable available everywhere within the scope of the current suite.</doc>
<status status="PASS" start="2026-06-02T17:17:11.685458" elapsed="0.001000"/>
</kw>
<status status="PASS" start="2026-06-02T17:17:11.174614" elapsed="0.511844"/>
</kw>
<kw name="Então a resposta não deve ser erro do servidor" owner="api_keywords">
<kw name="Should Be True" owner="BuiltIn">
<arg>${LAST_RESPONSE.status_code} &lt; 500</arg>
<doc>Fails if the given condition is not true.</doc>
<status status="PASS" start="2026-06-02T17:17:11.688458" elapsed="0.001000"/>
</kw>
<status status="PASS" start="2026-06-02T17:17:11.688458" elapsed="0.001000"/>
</kw>
<kw name="Capturar Resultado do Teste" owner="api_keywords" type="TEARDOWN">
<kw name="Run Keyword And Ignore Error" owner="BuiltIn">
<kw name="Capturar Screenshot da Resposta" owner="api_keywords">
<kw name="Get Current Date" owner="DateTime">
<msg time="2026-06-02T17:17:11.703174" level="INFO">${timestamp} = 20260602_171711_703174</msg>
<var>${timestamp}</var>
<arg>result_format=%Y%m%d_%H%M%S_%f</arg>
<doc>Returns current local or UTC time with an optional increment.</doc>
<status status="PASS" start="2026-06-02T17:17:11.703174" elapsed="0.000000"/>
</kw>
<kw name="Set Variable" owner="BuiltIn">
<msg time="2026-06-02T17:17:11.703174" level="INFO">${response_text} = {"bookingid":3201,"booking":{"firstname":"Robert' OR '1'='1","lastname":"Doe","totalprice":123,"depositpaid":true,"bookingdates":{"checkin":"2025-01-01","checkout":"2025-01-05"},"additionalneeds":"Bre...</msg>
<var>${response_text}</var>
<arg>${LAST_RESPONSE.text}</arg>
<doc>Returns the given values which can then be assigned to a variables.</doc>
<status status="PASS" start="2026-06-02T17:17:11.703174" elapsed="0.000000"/>
</kw>
<kw name="Set Variable" owner="BuiltIn">
<msg time="2026-06-02T17:17:11.704174" level="INFO">${response_status} = 200</msg>
<var>${response_status}</var>
<arg>${LAST_RESPONSE.status_code}</arg>
<doc>Returns the given values which can then be assigned to a variables.</doc>
<status status="PASS" start="2026-06-02T17:17:11.704174" elapsed="0.000000"/>
</kw>
<kw name="Set Variable" owner="BuiltIn">
<msg time="2026-06-02T17:17:11.704174" level="INFO">${screenshot_dir} = results/screenshots</msg>
<var>${screenshot_dir}</var>
<arg>results/screenshots</arg>
<doc>Returns the given values which can then be assigned to a variables.</doc>
<status status="PASS" start="2026-06-02T17:17:11.704174" elapsed="0.000000"/>
</kw>
<kw name="Create Directory" owner="OperatingSystem">
<msg time="2026-06-02T17:17:11.705174" level="INFO" html="true">Directory '&lt;a href="file://C:\Users\Dione\Desktop\Mentoria-QA\teste2\results\screenshots"&gt;C:\Users\Dione\Desktop\Mentoria-QA\teste2\results\screenshots&lt;/a&gt;' already exists.</msg>
<arg>${screenshot_dir}</arg>
<doc>Creates the specified directory.</doc>
<status status="PASS" start="2026-06-02T17:17:11.704174" elapsed="0.001000"/>
</kw>
<kw name="Set Variable" owner="BuiltIn">
<msg time="2026-06-02T17:17:11.705174" level="INFO">${filename} = results/screenshots/response_20260602_171711_703174_200.json</msg>
<var>${filename}</var>
<arg>${screenshot_dir}/response_${timestamp}_${response_status}.json</arg>
<doc>Returns the given values which can then be assigned to a variables.</doc>
<status status="PASS" start="2026-06-02T17:17:11.705174" elapsed="0.000000"/>
</kw>
<kw name="Create File" owner="OperatingSystem">
<msg time="2026-06-02T17:17:11.706175" level="INFO" html="true">Created file '&lt;a href="file://C:\Users\Dione\Desktop\Mentoria-QA\teste2\results\screenshots\response_20260602_171711_703174_200.json"&gt;C:\Users\Dione\Desktop\Mentoria-QA\teste2\results\screenshots\response_20260602_171711_703174_200.json&lt;/a&gt;'.</msg>
<arg>${filename}</arg>
<arg>${response_text}</arg>
<doc>Creates a file with the given content and encoding.</doc>
<status status="PASS" start="2026-06-02T17:17:11.705174" elapsed="0.001001"/>
</kw>
<doc>Salva a resposta da API como arquivo JSON para visualização</doc>
<status status="PASS" start="2026-06-02T17:17:11.702175" elapsed="0.004000"/>
</kw>
<arg>Capturar Screenshot da Resposta</arg>
<doc>Runs the given keyword with the given arguments and ignores possible error.</doc>
<status status="PASS" start="2026-06-02T17:17:11.702175" elapsed="0.004000"/>
</kw>
<doc>Captura screenshot de sucesso ou erro baseado no resultado do teste</doc>
<status status="PASS" start="2026-06-02T17:17:11.702175" elapsed="0.004000"/>
</kw>
<doc>Valida que payload com caracteres especiais não causa erro 500.</doc>
<tag>injeção</tag>
<tag>seguranca</tag>
<status status="PASS" start="2026-06-02T17:17:11.173615" elapsed="0.549559"/>
</test>
<kw name="Deleta sessão API" owner="api_keywords" type="TEARDOWN">
<kw name="Delete All Sessions" owner="RequestsLibrary">
<msg time="2026-06-02T17:17:11.735578" level="INFO">Deleting All Sessions</msg>
<doc>Removes all the session objects</doc>
<status status="PASS" start="2026-06-02T17:17:11.735578" elapsed="0.001002"/>
</kw>
<status status="PASS" start="2026-06-02T17:17:11.735578" elapsed="0.001002"/>
</kw>
<doc>Testes de segurança para a API Restful Booker.</doc>
<status status="PASS" start="2026-06-02T17:17:09.849044" elapsed="1.887536"/>
</suite>
<status status="PASS" start="2026-06-02T17:17:09.847043" elapsed="1.890538"/>
</suite>
<status status="PASS" start="2026-06-02T17:17:03.125161" elapsed="8.613417"/>
</suite>
<statistics>
<total>
<stat pass="11" fail="0" skip="0">All Tests</stat>
</total>
<tag>
<stat pass="1" fail="0" skip="0">atualizacao</stat>
<stat pass="1" fail="0" skip="0">autenticacao</stat>
<stat pass="2" fail="0" skip="0">auth</stat>
<stat pass="5" fail="0" skip="0">booking</stat>
<stat pass="1" fail="0" skip="0">campos-invalidos</stat>
<stat pass="1" fail="0" skip="0">exclusao</stat>
<stat pass="1" fail="0" skip="0">injeção</stat>
<stat pass="2" fail="0" skip="0">leitura</stat>
<stat pass="1" fail="0" skip="0">negativo</stat>
<stat pass="1" fail="0" skip="0">performance</stat>
<stat pass="2" fail="0" skip="0">positivo</stat>
<stat pass="3" fail="0" skip="0">seguranca</stat>
<stat pass="1" fail="0" skip="0">validacao</stat>
</tag>
<suite>
<stat pass="11" fail="0" skip="0" id="s1" name="Api">Api</stat>
<stat pass="2" fail="0" skip="0" id="s1-s1" name="Auth">Api.Auth</stat>
<stat pass="2" fail="0" skip="0" id="s1-s1-s1" name="Auth Suites">Api.Auth.Auth Suites</stat>
<stat pass="5" fail="0" skip="0" id="s1-s2" name="Booking">Api.Booking</stat>
<stat pass="5" fail="0" skip="0" id="s1-s2-s1" name="Booking Suites">Api.Booking.Booking Suites</stat>
<stat pass="1" fail="0" skip="0" id="s1-s3" name="Performance">Api.Performance</stat>
<stat pass="1" fail="0" skip="0" id="s1-s3-s1" name="Performance Suites">Api.Performance.Performance Suites</stat>
<stat pass="3" fail="0" skip="0" id="s1-s4" name="Security">Api.Security</stat>
<stat pass="3" fail="0" skip="0" id="s1-s4-s1" name="Security Suites">Api.Security.Security Suites</stat>
</suite>
</statistics>
<errors>
</errors>
</robot>
