<?xml version="1.0" encoding="UTF-8"?>
<robot generator="Robot 7.1 (Python 3.12.10 on win32)" generated="2026-06-02T20:10:20.135436" rpa="false" schemaversion="5">
<suite id="s1" name="Api" source="C:\Users\Dione\Desktop\Mentoria-QA\teste2\tests\funcional\api">
<suite id="s1-s1" name="Auth" source="C:\Users\Dione\Desktop\Mentoria-QA\teste2\tests\funcional\api\auth">
<suite id="s1-s1-s1" name="Auth Suites" source="C:\Users\Dione\Desktop\Mentoria-QA\teste2\tests\funcional\api\auth\auth_suites.robot">
<kw name="Criar Sessão API" owner="api_keywords" type="SETUP">
<kw name="Create Session" owner="RequestsLibrary">
<msg time="2026-06-02T20:10:20.352374" level="INFO">Creating Session using : alias=api, url=https://restful-booker.herokuapp.com, headers={},                     cookies={}, auth=None, timeout=30, proxies=None, verify=False,                     debug=0 </msg>
<arg>api</arg>
<arg>${BASE_URL}</arg>
<arg>timeout=${TIMEOUT}</arg>
<arg>verify=False</arg>
<doc>Create Session: create a HTTP session to a server</doc>
<status status="PASS" start="2026-06-02T20:10:20.352374" elapsed="0.000000"/>
</kw>
<status status="PASS" start="2026-06-02T20:10:20.352374" elapsed="0.000000"/>
</kw>
<test id="s1-s1-s1-t1" name="Cenario 1: Autenticação com credenciais válidas deve retornar token" line="13">
<kw name="Dado que o endpoint de autenticação está disponível" owner="api_keywords">
<kw name="Criar Sessão API" owner="api_keywords">
<kw name="Create Session" owner="RequestsLibrary">
<msg time="2026-06-02T20:10:20.352374" level="INFO">Creating Session using : alias=api, url=https://restful-booker.herokuapp.com, headers={},                     cookies={}, auth=None, timeout=30, proxies=None, verify=False,                     debug=0 </msg>
<arg>api</arg>
<arg>${BASE_URL}</arg>
<arg>timeout=${TIMEOUT}</arg>
<arg>verify=False</arg>
<doc>Create Session: create a HTTP session to a server</doc>
<status status="PASS" start="2026-06-02T20:10:20.352374" elapsed="0.000000"/>
</kw>
<status status="PASS" start="2026-06-02T20:10:20.352374" elapsed="0.000000"/>
</kw>
<status status="PASS" start="2026-06-02T20:10:20.352374" elapsed="0.000000"/>
</kw>
<kw name="Quando eu realizo o POST /auth com username admin e password password123" owner="api_keywords" source_name="Quando eu realizo o POST /auth com username ${username} e password ${password}">
<kw name="Create Dictionary" owner="BuiltIn">
<msg time="2026-06-02T20:10:20.352374" level="INFO">${payload} = {'username': 'admin', 'password': 'password123'}</msg>
<var>${payload}</var>
<arg>username=${username}</arg>
<arg>password=${password}</arg>
<doc>Creates and returns a dictionary based on the given ``items``.</doc>
<status status="PASS" start="2026-06-02T20:10:20.352374" elapsed="0.000000"/>
</kw>
<kw name="POST On Session" owner="RequestsLibrary">
<msg time="2026-06-02T20:10:20.949734" level="INFO">POST Request : url=https://restful-booker.herokuapp.com/auth 
 path_url=/auth 
 headers={'User-Agent': 'python-requests/2.34.2', 'Accept-Encoding': 'gzip, deflate', 'Accept': '*/*', 'Connection': 'keep-alive', 'Content-Length': '48', 'Content-Type': 'application/json'} 
 body=b'{"username": "admin", "password": "password123"}' 
 </msg>
<msg time="2026-06-02T20:10:20.949734" level="INFO">POST Response : url=https://restful-booker.herokuapp.com/auth 
 status=200, reason=OK 
 headers={'Content-Length': '27', 'Content-Type': 'application/json; charset=utf-8', 'Date': 'Tue, 02 Jun 2026 23:10:21 GMT', 'Etag': 'W/"1b-rfPFN6K0eD2Mvs+VkUB2Dyx5ofM"', 'Nel': '{"report_to":"heroku-nel","response_headers":["Via"],"max_age":3600,"success_fraction":0.01,"failure_fraction":0.1}', 'Report-To': '{"group":"heroku-nel","endpoints":[{"url":"https://nel.heroku.com/reports?s=VuWm7GxKv2HruVsk1wSEjNJQEVPGZ9OrzMvp77BTGP8%3D\\u0026sid=c46efe9b-d3d2-4a0c-8c76-bfafa16c5add\\u0026ts=1780441821"}],"max_age":3600}', 'Reporting-Endpoints': 'heroku-nel="https://nel.heroku.com/reports?s=VuWm7GxKv2HruVsk1wSEjNJQEVPGZ9OrzMvp77BTGP8%3D&amp;sid=c46efe9b-d3d2-4a0c-8c76-bfafa16c5add&amp;ts=1780441821"', 'Server': 'Heroku', 'Via': '1.1 heroku-router', 'X-Powered-By': 'Express'} 
 body={"token":"c0497df222b5d44"} 
 </msg>
<msg time="2026-06-02T20:10:20.950768" level="INFO">C:\Users\Dione\AppData\Local\Programs\Python\Python312\Lib\site-packages\urllib3\connectionpool.py:1097: InsecureRequestWarning: Unverified HTTPS request is being made to host 'restful-booker.herokuapp.com'. Adding certificate verification is strongly advised. See: https://urllib3.readthedocs.io/en/latest/advanced-usage.html#tls-warnings
  warnings.warn(</msg>
<msg time="2026-06-02T20:10:20.950768" level="INFO">${response} = &lt;Response [200]&gt;</msg>
<var>${response}</var>
<arg>api</arg>
<arg>${AUTH_ENDPOINT}</arg>
<arg>json=${payload}</arg>
<doc>Sends a POST request on a previously created HTTP Session.</doc>
<status status="PASS" start="2026-06-02T20:10:20.352374" elapsed="0.598394"/>
</kw>
<kw name="Set Suite Variable" owner="BuiltIn">
<msg time="2026-06-02T20:10:20.952804" level="INFO">${LAST_RESPONSE} = &lt;Response [200]&gt;</msg>
<arg>${LAST_RESPONSE}</arg>
<arg>${response}</arg>
<doc>Makes a variable available everywhere within the scope of the current suite.</doc>
<status status="PASS" start="2026-06-02T20:10:20.950768" elapsed="0.002036"/>
</kw>
<status status="PASS" start="2026-06-02T20:10:20.352374" elapsed="0.600430"/>
</kw>
<kw name="Então o status da resposta deve ser 200" owner="api_keywords" source_name="Então o status da resposta deve ser ${status}">
<kw name="E o status da resposta deve ser ${status}" owner="api_keywords" source_name="E o status da resposta deve ser ${status}">
<kw name="Should Be Equal As Integers" owner="BuiltIn">
<msg time="2026-06-02T20:10:20.953721" level="INFO">Argument types are:
&lt;class 'int'&gt;
&lt;class 'str'&gt;</msg>
<arg>${LAST_RESPONSE.status_code}</arg>
<arg>${status}</arg>
<doc>Fails if objects are unequal after converting them to integers.</doc>
<status status="PASS" start="2026-06-02T20:10:20.953721" elapsed="0.000000"/>
</kw>
<status status="PASS" start="2026-06-02T20:10:20.953721" elapsed="0.000000"/>
</kw>
<status status="PASS" start="2026-06-02T20:10:20.953721" elapsed="0.000000"/>
</kw>
<kw name="E o corpo da resposta deve conter o campo token" owner="api_keywords">
<kw name="Convert String To Json" owner="JSONLibrary">
<msg time="2026-06-02T20:10:20.954710" level="INFO">${body} = {'token': 'c0497df222b5d44'}</msg>
<var>${body}</var>
<arg>${LAST_RESPONSE.text}</arg>
<doc>Convert String to JSON object</doc>
<status status="PASS" start="2026-06-02T20:10:20.954710" elapsed="0.000000"/>
</kw>
<kw name="Extrair valor JSON" owner="api_keywords">
<kw name="Get Value From Json" owner="JSONLibrary">
<msg time="2026-06-02T20:10:20.970707" level="INFO">${values} = ['c0497df222b5d44']</msg>
<var>${values}</var>
<arg>${json_object}</arg>
<arg>${path}</arg>
<doc>Get Value From JSON using JSONPath</doc>
<status status="PASS" start="2026-06-02T20:10:20.954710" elapsed="0.015997"/>
</kw>
<kw name="Get From List" owner="Collections">
<msg time="2026-06-02T20:10:20.970707" level="INFO">${value} = c0497df222b5d44</msg>
<var>${value}</var>
<arg>${values}</arg>
<arg>0</arg>
<doc>Returns the value specified with an ``index`` from ``list``.</doc>
<status status="PASS" start="2026-06-02T20:10:20.970707" elapsed="0.000000"/>
</kw>
<return>
<value>${value}</value>
<status status="PASS" start="2026-06-02T20:10:20.970707" elapsed="0.000000"/>
</return>
<msg time="2026-06-02T20:10:20.970707" level="INFO">${value} = c0497df222b5d44</msg>
<var>${value}</var>
<arg>${body}</arg>
<arg>token</arg>
<status status="PASS" start="2026-06-02T20:10:20.954710" elapsed="0.015997"/>
</kw>
<kw name="Should Not Be Empty" owner="BuiltIn">
<msg time="2026-06-02T20:10:20.970707" level="INFO">Length is 15.</msg>
<arg>${value}</arg>
<doc>Verifies that the given item is not empty.</doc>
<status status="PASS" start="2026-06-02T20:10:20.970707" elapsed="0.000000"/>
</kw>
<status status="PASS" start="2026-06-02T20:10:20.953721" elapsed="0.016986"/>
</kw>
<kw name="E o token retornado não deve estar vazio" owner="api_keywords">
<kw name="E o corpo da resposta deve conter o campo token" owner="api_keywords">
<kw name="Convert String To Json" owner="JSONLibrary">
<msg time="2026-06-02T20:10:20.970707" level="INFO">${body} = {'token': 'c0497df222b5d44'}</msg>
<var>${body}</var>
<arg>${LAST_RESPONSE.text}</arg>
<doc>Convert String to JSON object</doc>
<status status="PASS" start="2026-06-02T20:10:20.970707" elapsed="0.000000"/>
</kw>
<kw name="Extrair valor JSON" owner="api_keywords">
<kw name="Get Value From Json" owner="JSONLibrary">
<msg time="2026-06-02T20:10:20.992131" level="INFO">${values} = ['c0497df222b5d44']</msg>
<var>${values}</var>
<arg>${json_object}</arg>
<arg>${path}</arg>
<doc>Get Value From JSON using JSONPath</doc>
<status status="PASS" start="2026-06-02T20:10:20.970707" elapsed="0.021424"/>
</kw>
<kw name="Get From List" owner="Collections">
<msg time="2026-06-02T20:10:20.992131" level="INFO">${value} = c0497df222b5d44</msg>
<var>${value}</var>
<arg>${values}</arg>
<arg>0</arg>
<doc>Returns the value specified with an ``index`` from ``list``.</doc>
<status status="PASS" start="2026-06-02T20:10:20.992131" elapsed="0.000000"/>
</kw>
<return>
<value>${value}</value>
<status status="PASS" start="2026-06-02T20:10:20.992131" elapsed="0.000000"/>
</return>
<msg time="2026-06-02T20:10:20.992131" level="INFO">${value} = c0497df222b5d44</msg>
<var>${value}</var>
<arg>${body}</arg>
<arg>token</arg>
<status status="PASS" start="2026-06-02T20:10:20.970707" elapsed="0.021424"/>
</kw>
<kw name="Should Not Be Empty" owner="BuiltIn">
<msg time="2026-06-02T20:10:20.993129" level="INFO">Length is 15.</msg>
<arg>${value}</arg>
<doc>Verifies that the given item is not empty.</doc>
<status status="PASS" start="2026-06-02T20:10:20.992131" elapsed="0.000998"/>
</kw>
<status status="PASS" start="2026-06-02T20:10:20.970707" elapsed="0.022422"/>
</kw>
<status status="PASS" start="2026-06-02T20:10:20.970707" elapsed="0.022422"/>
</kw>
<kw name="Capturar Resultado do Teste" owner="api_keywords" type="TEARDOWN">
<kw name="Run Keyword And Ignore Error" owner="BuiltIn">
<kw name="Capturar Screenshot da Resposta" owner="api_keywords">
<kw name="Get Current Date" owner="DateTime">
<msg time="2026-06-02T20:10:20.994129" level="INFO">${timestamp} = 20260602_201020_994129</msg>
<var>${timestamp}</var>
<arg>result_format=%Y%m%d_%H%M%S_%f</arg>
<doc>Returns current local or UTC time with an optional increment.</doc>
<status status="PASS" start="2026-06-02T20:10:20.993129" elapsed="0.001000"/>
</kw>
<kw name="Set Variable" owner="BuiltIn">
<msg time="2026-06-02T20:10:20.994129" level="INFO">${response_text} = {"token":"c0497df222b5d44"}</msg>
<var>${response_text}</var>
<arg>${LAST_RESPONSE.text}</arg>
<doc>Returns the given values which can then be assigned to a variables.</doc>
<status status="PASS" start="2026-06-02T20:10:20.994129" elapsed="0.000000"/>
</kw>
<kw name="Set Variable" owner="BuiltIn">
<msg time="2026-06-02T20:10:20.994129" level="INFO">${response_status} = 200</msg>
<var>${response_status}</var>
<arg>${LAST_RESPONSE.status_code}</arg>
<doc>Returns the given values which can then be assigned to a variables.</doc>
<status status="PASS" start="2026-06-02T20:10:20.994129" elapsed="0.000000"/>
</kw>
<kw name="Set Variable" owner="BuiltIn">
<msg time="2026-06-02T20:10:20.994129" level="INFO">${screenshot_dir} = results/screenshots</msg>
<var>${screenshot_dir}</var>
<arg>results/screenshots</arg>
<doc>Returns the given values which can then be assigned to a variables.</doc>
<status status="PASS" start="2026-06-02T20:10:20.994129" elapsed="0.000000"/>
</kw>
<kw name="Create Directory" owner="OperatingSystem">
<msg time="2026-06-02T20:10:20.995132" level="INFO" html="true">Directory '&lt;a href="file://C:\Users\Dione\Desktop\Mentoria-QA\teste2\results\screenshots"&gt;C:\Users\Dione\Desktop\Mentoria-QA\teste2\results\screenshots&lt;/a&gt;' already exists.</msg>
<arg>${screenshot_dir}</arg>
<doc>Creates the specified directory.</doc>
<status status="PASS" start="2026-06-02T20:10:20.994129" elapsed="0.001003"/>
</kw>
<kw name="Set Variable" owner="BuiltIn">
<msg time="2026-06-02T20:10:20.995132" level="INFO">${filename} = results/screenshots/response_20260602_201020_994129_200.json</msg>
<var>${filename}</var>
<arg>${screenshot_dir}/response_${timestamp}_${response_status}.json</arg>
<doc>Returns the given values which can then be assigned to a variables.</doc>
<status status="PASS" start="2026-06-02T20:10:20.995132" elapsed="0.000000"/>
</kw>
<kw name="Create File" owner="OperatingSystem">
<msg time="2026-06-02T20:10:20.996043" level="INFO" html="true">Created file '&lt;a href="file://C:\Users\Dione\Desktop\Mentoria-QA\teste2\results\screenshots\response_20260602_201020_994129_200.json"&gt;C:\Users\Dione\Desktop\Mentoria-QA\teste2\results\screenshots\response_20260602_201020_994129_200.json&lt;/a&gt;'.</msg>
<arg>${filename}</arg>
<arg>${response_text}</arg>
<doc>Creates a file with the given content and encoding.</doc>
<status status="PASS" start="2026-06-02T20:10:20.995132" elapsed="0.000911"/>
</kw>
<doc>Salva a resposta da API como arquivo JSON para visualização</doc>
<status status="PASS" start="2026-06-02T20:10:20.993129" elapsed="0.002914"/>
</kw>
<arg>Capturar Screenshot da Resposta</arg>
<doc>Runs the given keyword with the given arguments and ignores possible error.</doc>
<status status="PASS" start="2026-06-02T20:10:20.993129" elapsed="0.002914"/>
</kw>
<doc>Captura screenshot de sucesso ou erro baseado no resultado do teste</doc>
<status status="PASS" start="2026-06-02T20:10:20.993129" elapsed="0.002914"/>
</kw>
<doc>Valida que POST /auth com credenciais válidas retorna token válido.</doc>
<tag>autenticacao</tag>
<tag>positivo</tag>
<status status="PASS" start="2026-06-02T20:10:20.352374" elapsed="0.643669"/>
</test>
<test id="s1-s1-s1-t2" name="Cenario 2: Autenticação com senha incorreta deve retornar mensagem de erro" line="22">
<kw name="Dado que o endpoint de autenticação está disponível" owner="api_keywords">
<kw name="Criar Sessão API" owner="api_keywords">
<kw name="Create Session" owner="RequestsLibrary">
<msg time="2026-06-02T20:10:20.998043" level="INFO">Creating Session using : alias=api, url=https://restful-booker.herokuapp.com, headers={},                     cookies={}, auth=None, timeout=30, proxies=None, verify=False,                     debug=0 </msg>
<arg>api</arg>
<arg>${BASE_URL}</arg>
<arg>timeout=${TIMEOUT}</arg>
<arg>verify=False</arg>
<doc>Create Session: create a HTTP session to a server</doc>
<status status="PASS" start="2026-06-02T20:10:20.997044" elapsed="0.000999"/>
</kw>
<status status="PASS" start="2026-06-02T20:10:20.997044" elapsed="0.000999"/>
</kw>
<status status="PASS" start="2026-06-02T20:10:20.997044" elapsed="0.000999"/>
</kw>
<kw name="Quando eu realizo o POST /auth com username admin e password senha_errada" owner="api_keywords" source_name="Quando eu realizo o POST /auth com username ${username} e password ${password}">
<kw name="Create Dictionary" owner="BuiltIn">
<msg time="2026-06-02T20:10:20.999047" level="INFO">${payload} = {'username': 'admin', 'password': 'senha_errada'}</msg>
<var>${payload}</var>
<arg>username=${username}</arg>
<arg>password=${password}</arg>
<doc>Creates and returns a dictionary based on the given ``items``.</doc>
<status status="PASS" start="2026-06-02T20:10:20.998043" elapsed="0.001004"/>
</kw>
<kw name="POST On Session" owner="RequestsLibrary">
<msg time="2026-06-02T20:10:21.512165" level="INFO">POST Request : url=https://restful-booker.herokuapp.com/auth 
 path_url=/auth 
 headers={'User-Agent': 'python-requests/2.34.2', 'Accept-Encoding': 'gzip, deflate', 'Accept': '*/*', 'Connection': 'keep-alive', 'Content-Length': '49', 'Content-Type': 'application/json'} 
 body=b'{"username": "admin", "password": "senha_errada"}' 
 </msg>
<msg time="2026-06-02T20:10:21.512165" level="INFO">POST Response : url=https://restful-booker.herokuapp.com/auth 
 status=200, reason=OK 
 headers={'Content-Length': '28', 'Content-Type': 'application/json; charset=utf-8', 'Date': 'Tue, 02 Jun 2026 23:10:21 GMT', 'Etag': 'W/"1c-J3EiwfZwVQjKTKvpvazUfTni8fI"', 'Nel': '{"report_to":"heroku-nel","response_headers":["Via"],"max_age":3600,"success_fraction":0.01,"failure_fraction":0.1}', 'Report-To': '{"group":"heroku-nel","endpoints":[{"url":"https://nel.heroku.com/reports?s=VuWm7GxKv2HruVsk1wSEjNJQEVPGZ9OrzMvp77BTGP8%3D\\u0026sid=c46efe9b-d3d2-4a0c-8c76-bfafa16c5add\\u0026ts=1780441821"}],"max_age":3600}', 'Reporting-Endpoints': 'heroku-nel="https://nel.heroku.com/reports?s=VuWm7GxKv2HruVsk1wSEjNJQEVPGZ9OrzMvp77BTGP8%3D&amp;sid=c46efe9b-d3d2-4a0c-8c76-bfafa16c5add&amp;ts=1780441821"', 'Server': 'Heroku', 'Via': '1.1 heroku-router', 'X-Powered-By': 'Express'} 
 body={"reason":"Bad credentials"} 
 </msg>
<msg time="2026-06-02T20:10:21.512165" level="INFO">C:\Users\Dione\AppData\Local\Programs\Python\Python312\Lib\site-packages\urllib3\connectionpool.py:1097: InsecureRequestWarning: Unverified HTTPS request is being made to host 'restful-booker.herokuapp.com'. Adding certificate verification is strongly advised. See: https://urllib3.readthedocs.io/en/latest/advanced-usage.html#tls-warnings
  warnings.warn(</msg>
<msg time="2026-06-02T20:10:21.512165" level="INFO">${response} = &lt;Response [200]&gt;</msg>
<var>${response}</var>
<arg>api</arg>
<arg>${AUTH_ENDPOINT}</arg>
<arg>json=${payload}</arg>
<doc>Sends a POST request on a previously created HTTP Session.</doc>
<status status="PASS" start="2026-06-02T20:10:20.999047" elapsed="0.513118"/>
</kw>
<kw name="Set Suite Variable" owner="BuiltIn">
<msg time="2026-06-02T20:10:21.512165" level="INFO">${LAST_RESPONSE} = &lt;Response [200]&gt;</msg>
<arg>${LAST_RESPONSE}</arg>
<arg>${response}</arg>
<doc>Makes a variable available everywhere within the scope of the current suite.</doc>
<status status="PASS" start="2026-06-02T20:10:21.512165" elapsed="0.000000"/>
</kw>
<status status="PASS" start="2026-06-02T20:10:20.998043" elapsed="0.514122"/>
</kw>
<kw name="Então o status da resposta deve ser 200" owner="api_keywords" source_name="Então o status da resposta deve ser ${status}">
<kw name="E o status da resposta deve ser ${status}" owner="api_keywords" source_name="E o status da resposta deve ser ${status}">
<kw name="Should Be Equal As Integers" owner="BuiltIn">
<msg time="2026-06-02T20:10:21.516343" level="INFO">Argument types are:
&lt;class 'int'&gt;
&lt;class 'str'&gt;</msg>
<arg>${LAST_RESPONSE.status_code}</arg>
<arg>${status}</arg>
<doc>Fails if objects are unequal after converting them to integers.</doc>
<status status="PASS" start="2026-06-02T20:10:21.516343" elapsed="0.000000"/>
</kw>
<status status="PASS" start="2026-06-02T20:10:21.516343" elapsed="0.000000"/>
</kw>
<status status="PASS" start="2026-06-02T20:10:21.516343" elapsed="0.000000"/>
</kw>
<kw name="Capturar Resultado do Teste" owner="api_keywords" type="TEARDOWN">
<kw name="Run Keyword And Ignore Error" owner="BuiltIn">
<kw name="Capturar Screenshot da Resposta" owner="api_keywords">
<kw name="Get Current Date" owner="DateTime">
<msg time="2026-06-02T20:10:21.518350" level="INFO">${timestamp} = 20260602_201021_518350</msg>
<var>${timestamp}</var>
<arg>result_format=%Y%m%d_%H%M%S_%f</arg>
<doc>Returns current local or UTC time with an optional increment.</doc>
<status status="PASS" start="2026-06-02T20:10:21.518350" elapsed="0.000000"/>
</kw>
<kw name="Set Variable" owner="BuiltIn">
<msg time="2026-06-02T20:10:21.518350" level="INFO">${response_text} = {"reason":"Bad credentials"}</msg>
<var>${response_text}</var>
<arg>${LAST_RESPONSE.text}</arg>
<doc>Returns the given values which can then be assigned to a variables.</doc>
<status status="PASS" start="2026-06-02T20:10:21.518350" elapsed="0.000000"/>
</kw>
<kw name="Set Variable" owner="BuiltIn">
<msg time="2026-06-02T20:10:21.518350" level="INFO">${response_status} = 200</msg>
<var>${response_status}</var>
<arg>${LAST_RESPONSE.status_code}</arg>
<doc>Returns the given values which can then be assigned to a variables.</doc>
<status status="PASS" start="2026-06-02T20:10:21.518350" elapsed="0.000000"/>
</kw>
<kw name="Set Variable" owner="BuiltIn">
<msg time="2026-06-02T20:10:21.518350" level="INFO">${screenshot_dir} = results/screenshots</msg>
<var>${screenshot_dir}</var>
<arg>results/screenshots</arg>
<doc>Returns the given values which can then be assigned to a variables.</doc>
<status status="PASS" start="2026-06-02T20:10:21.518350" elapsed="0.000000"/>
</kw>
<kw name="Create Directory" owner="OperatingSystem">
<msg time="2026-06-02T20:10:21.518350" level="INFO" html="true">Directory '&lt;a href="file://C:\Users\Dione\Desktop\Mentoria-QA\teste2\results\screenshots"&gt;C:\Users\Dione\Desktop\Mentoria-QA\teste2\results\screenshots&lt;/a&gt;' already exists.</msg>
<arg>${screenshot_dir}</arg>
<doc>Creates the specified directory.</doc>
<status status="PASS" start="2026-06-02T20:10:21.518350" elapsed="0.000000"/>
</kw>
<kw name="Set Variable" owner="BuiltIn">
<msg time="2026-06-02T20:10:21.518350" level="INFO">${filename} = results/screenshots/response_20260602_201021_518350_200.json</msg>
<var>${filename}</var>
<arg>${screenshot_dir}/response_${timestamp}_${response_status}.json</arg>
<doc>Returns the given values which can then be assigned to a variables.</doc>
<status status="PASS" start="2026-06-02T20:10:21.518350" elapsed="0.000000"/>
</kw>
<kw name="Create File" owner="OperatingSystem">
<msg time="2026-06-02T20:10:21.520355" level="INFO" html="true">Created file '&lt;a href="file://C:\Users\Dione\Desktop\Mentoria-QA\teste2\results\screenshots\response_20260602_201021_518350_200.json"&gt;C:\Users\Dione\Desktop\Mentoria-QA\teste2\results\screenshots\response_20260602_201021_518350_200.json&lt;/a&gt;'.</msg>
<arg>${filename}</arg>
<arg>${response_text}</arg>
<doc>Creates a file with the given content and encoding.</doc>
<status status="PASS" start="2026-06-02T20:10:21.520355" elapsed="0.000000"/>
</kw>
<doc>Salva a resposta da API como arquivo JSON para visualização</doc>
<status status="PASS" start="2026-06-02T20:10:21.518350" elapsed="0.002005"/>
</kw>
<arg>Capturar Screenshot da Resposta</arg>
<doc>Runs the given keyword with the given arguments and ignores possible error.</doc>
<status status="PASS" start="2026-06-02T20:10:21.518350" elapsed="0.002005"/>
</kw>
<doc>Captura screenshot de sucesso ou erro baseado no resultado do teste</doc>
<status status="PASS" start="2026-06-02T20:10:21.518350" elapsed="0.002005"/>
</kw>
<doc>Valida que credenciais inválidas não gerem token de acesso.</doc>
<tag>campos-invalidos</tag>
<status status="PASS" start="2026-06-02T20:10:20.997044" elapsed="0.523311"/>
</test>
<kw name="Deleta sessão API" owner="api_keywords" type="TEARDOWN">
<kw name="Delete All Sessions" owner="RequestsLibrary">
<msg time="2026-06-02T20:10:21.522370" level="INFO">Deleting All Sessions</msg>
<doc>Removes all the session objects</doc>
<status status="PASS" start="2026-06-02T20:10:21.520355" elapsed="0.002015"/>
</kw>
<status status="PASS" start="2026-06-02T20:10:21.520355" elapsed="0.002015"/>
</kw>
<doc>Testes de autenticação básica da API Restful Booker.
Valida geração de token, rejeição de credenciais inválidas
e comportamentos com dados ausentes.</doc>
<status status="PASS" start="2026-06-02T20:10:20.169318" elapsed="1.353052"/>
</suite>
<status status="PASS" start="2026-06-02T20:10:20.168329" elapsed="1.355047"/>
</suite>
<suite id="s1-s2" name="Booking" source="C:\Users\Dione\Desktop\Mentoria-QA\teste2\tests\funcional\api\booking">
<suite id="s1-s2-s1" name="Booking Suites" source="C:\Users\Dione\Desktop\Mentoria-QA\teste2\tests\funcional\api\booking\booking_suites.robot">
<kw name="Criar Sessão API" owner="api_keywords" type="SETUP">
<kw name="Create Session" owner="RequestsLibrary">
<msg time="2026-06-02T20:10:21.528376" level="INFO">Creating Session using : alias=api, url=https://restful-booker.herokuapp.com, headers={},                     cookies={}, auth=None, timeout=30, proxies=None, verify=False,                     debug=0 </msg>
<arg>api</arg>
<arg>${BASE_URL}</arg>
<arg>timeout=${TIMEOUT}</arg>
<arg>verify=False</arg>
<doc>Create Session: create a HTTP session to a server</doc>
<status status="PASS" start="2026-06-02T20:10:21.528376" elapsed="0.000000"/>
</kw>
<status status="PASS" start="2026-06-02T20:10:21.528376" elapsed="0.000000"/>
</kw>
<test id="s1-s2-s1-t1" name="Criar reserva com payload válido" line="10">
<kw name="Dado que o endpoint de booking está disponível" owner="api_keywords">
<kw name="Criar Sessão API" owner="api_keywords">
<kw name="Create Session" owner="RequestsLibrary">
<msg time="2026-06-02T20:10:21.529375" level="INFO">Creating Session using : alias=api, url=https://restful-booker.herokuapp.com, headers={},                     cookies={}, auth=None, timeout=30, proxies=None, verify=False,                     debug=0 </msg>
<arg>api</arg>
<arg>${BASE_URL}</arg>
<arg>timeout=${TIMEOUT}</arg>
<arg>verify=False</arg>
<doc>Create Session: create a HTTP session to a server</doc>
<status status="PASS" start="2026-06-02T20:10:21.529375" elapsed="0.000000"/>
</kw>
<status status="PASS" start="2026-06-02T20:10:21.529375" elapsed="0.000000"/>
</kw>
<status status="PASS" start="2026-06-02T20:10:21.529375" elapsed="0.000000"/>
</kw>
<kw name="Quando eu crio a reserva válida" owner="api_keywords">
<kw name="Create Dictionary" owner="BuiltIn">
<msg time="2026-06-02T20:10:21.530375" level="INFO">${bookingdates} = {'checkin': '2025-01-01', 'checkout': '2025-01-05'}</msg>
<var>${bookingdates}</var>
<arg>checkin=2025-01-01</arg>
<arg>checkout=2025-01-05</arg>
<doc>Creates and returns a dictionary based on the given ``items``.</doc>
<status status="PASS" start="2026-06-02T20:10:21.530375" elapsed="0.000000"/>
</kw>
<kw name="Create Dictionary" owner="BuiltIn">
<msg time="2026-06-02T20:10:21.530375" level="INFO">${payload} = {'firstname': 'John', 'lastname': 'Doe', 'totalprice': '123', 'depositpaid': 'True', 'bookingdates': {'checkin': '2025-01-01', 'checkout': '2025-01-05'}, 'additionalneeds': 'Breakfast'}</msg>
<var>${payload}</var>
<arg>firstname=John</arg>
<arg>lastname=Doe</arg>
<arg>totalprice=123</arg>
<arg>depositpaid=True</arg>
<arg>bookingdates=${bookingdates}</arg>
<arg>additionalneeds=Breakfast</arg>
<doc>Creates and returns a dictionary based on the given ``items``.</doc>
<status status="PASS" start="2026-06-02T20:10:21.530375" elapsed="0.000000"/>
</kw>
<kw name="POST On Session" owner="RequestsLibrary">
<msg time="2026-06-02T20:10:22.047712" level="INFO">POST Request : url=https://restful-booker.herokuapp.com/booking 
 path_url=/booking 
 headers={'User-Agent': 'python-requests/2.34.2', 'Accept-Encoding': 'gzip, deflate', 'Accept': '*/*', 'Connection': 'keep-alive', 'Content-Length': '185', 'Content-Type': 'application/json'} 
 body=b'{"firstname": "John", "lastname": "Doe", "totalprice": "123", "depositpaid": "True", "bookingdates": {"checkin": "2025-01-01", "checkout": "2025-01-05"}, "additionalneeds": "Breakfast"}' 
 </msg>
<msg time="2026-06-02T20:10:22.047712" level="INFO">POST Response : url=https://restful-booker.herokuapp.com/booking 
 status=200, reason=OK 
 headers={'Content-Length': '196', 'Content-Type': 'application/json; charset=utf-8', 'Date': 'Tue, 02 Jun 2026 23:10:22 GMT', 'Etag': 'W/"c4-Nk5awABTsjM6iHEm6oajUEixZX0"', 'Nel': '{"report_to":"heroku-nel","response_headers":["Via"],"max_age":3600,"success_fraction":0.01,"failure_fraction":0.1}', 'Report-To': '{"group":"heroku-nel","endpoints":[{"url":"https://nel.heroku.com/reports?s=DuozBEEGJ01GsM3jnv3mpF%2BB0hYSRlf8froLbQGbUlM%3D\\u0026sid=c46efe9b-d3d2-4a0c-8c76-bfafa16c5add\\u0026ts=1780441822"}],"max_age":3600}', 'Reporting-Endpoints': 'heroku-nel="https://nel.heroku.com/reports?s=DuozBEEGJ01GsM3jnv3mpF%2BB0hYSRlf8froLbQGbUlM%3D&amp;sid=c46efe9b-d3d2-4a0c-8c76-bfafa16c5add&amp;ts=1780441822"', 'Server': 'Heroku', 'Via': '1.1 heroku-router', 'X-Powered-By': 'Express'} 
 body={"bookingid":4450,"booking":{"firstname":"John","lastname":"Doe","totalprice":123,"depositpaid":true,"bookingdates":{"checkin":"2025-01-01","checkout":"2025-01-05"},"additionalneeds":"Breakfast"}} 
 </msg>
<msg time="2026-06-02T20:10:22.047712" level="INFO">C:\Users\Dione\AppData\Local\Programs\Python\Python312\Lib\site-packages\urllib3\connectionpool.py:1097: InsecureRequestWarning: Unverified HTTPS request is being made to host 'restful-booker.herokuapp.com'. Adding certificate verification is strongly advised. See: https://urllib3.readthedocs.io/en/latest/advanced-usage.html#tls-warnings
  warnings.warn(</msg>
<msg time="2026-06-02T20:10:22.049726" level="INFO">${response} = &lt;Response [200]&gt;</msg>
<var>${response}</var>
<arg>api</arg>
<arg>${AUTH_BOOKING}</arg>
<arg>json=${payload}</arg>
<doc>Sends a POST request on a previously created HTTP Session.</doc>
<status status="PASS" start="2026-06-02T20:10:21.530375" elapsed="0.519351"/>
</kw>
<kw name="Set Suite Variable" owner="BuiltIn">
<msg time="2026-06-02T20:10:22.049726" level="INFO">${LAST_RESPONSE} = &lt;Response [200]&gt;</msg>
<arg>${LAST_RESPONSE}</arg>
<arg>${response}</arg>
<doc>Makes a variable available everywhere within the scope of the current suite.</doc>
<status status="PASS" start="2026-06-02T20:10:22.049726" elapsed="0.002015"/>
</kw>
<kw name="Convert String To Json" owner="JSONLibrary">
<msg time="2026-06-02T20:10:22.051741" level="INFO">${body} = {'bookingid': 4450, 'booking': {'firstname': 'John', 'lastname': 'Doe', 'totalprice': 123, 'depositpaid': True, 'bookingdates': {'checkin': '2025-01-01', 'checkout': '2025-01-05'}, 'additionalneeds': ...</msg>
<var>${body}</var>
<arg>${LAST_RESPONSE.text}</arg>
<doc>Convert String to JSON object</doc>
<status status="PASS" start="2026-06-02T20:10:22.051741" elapsed="0.000000"/>
</kw>
<kw name="Extrair valor JSON" owner="api_keywords">
<kw name="Get Value From Json" owner="JSONLibrary">
<msg time="2026-06-02T20:10:22.066721" level="INFO">${values} = [4450]</msg>
<var>${values}</var>
<arg>${json_object}</arg>
<arg>${path}</arg>
<doc>Get Value From JSON using JSONPath</doc>
<status status="PASS" start="2026-06-02T20:10:22.053757" elapsed="0.012964"/>
</kw>
<kw name="Get From List" owner="Collections">
<msg time="2026-06-02T20:10:22.066721" level="INFO">${value} = 4450</msg>
<var>${value}</var>
<arg>${values}</arg>
<arg>0</arg>
<doc>Returns the value specified with an ``index`` from ``list``.</doc>
<status status="PASS" start="2026-06-02T20:10:22.066721" elapsed="0.000000"/>
</kw>
<return>
<value>${value}</value>
<status status="PASS" start="2026-06-02T20:10:22.066721" elapsed="0.000000"/>
</return>
<msg time="2026-06-02T20:10:22.066721" level="INFO">${bookingid} = 4450</msg>
<var>${bookingid}</var>
<arg>${body}</arg>
<arg>bookingid</arg>
<status status="PASS" start="2026-06-02T20:10:22.051741" elapsed="0.014980"/>
</kw>
<kw name="Set Suite Variable" owner="BuiltIn">
<msg time="2026-06-02T20:10:22.067716" level="INFO">${BOOKING_ID} = 4450</msg>
<arg>${BOOKING_ID}</arg>
<arg>${bookingid}</arg>
<doc>Makes a variable available everywhere within the scope of the current suite.</doc>
<status status="PASS" start="2026-06-02T20:10:22.066721" elapsed="0.000995"/>
</kw>
<status status="PASS" start="2026-06-02T20:10:21.529375" elapsed="0.538341"/>
</kw>
<kw name="Então o status da resposta deve ser 200" owner="api_keywords" source_name="Então o status da resposta deve ser ${status}">
<kw name="E o status da resposta deve ser ${status}" owner="api_keywords" source_name="E o status da resposta deve ser ${status}">
<kw name="Should Be Equal As Integers" owner="BuiltIn">
<msg time="2026-06-02T20:10:22.068720" level="INFO">Argument types are:
&lt;class 'int'&gt;
&lt;class 'str'&gt;</msg>
<arg>${LAST_RESPONSE.status_code}</arg>
<arg>${status}</arg>
<doc>Fails if objects are unequal after converting them to integers.</doc>
<status status="PASS" start="2026-06-02T20:10:22.067716" elapsed="0.001004"/>
</kw>
<status status="PASS" start="2026-06-02T20:10:22.067716" elapsed="0.001004"/>
</kw>
<status status="PASS" start="2026-06-02T20:10:22.067716" elapsed="0.001004"/>
</kw>
<kw name="E a reserva criada deve conter firstname John e lastname Doe" owner="api_keywords" source_name="E a reserva criada deve conter firstname ${firstname} e lastname ${lastname}">
<kw name="Convert String To Json" owner="JSONLibrary">
<msg time="2026-06-02T20:10:22.069708" level="INFO">${body} = {'bookingid': 4450, 'booking': {'firstname': 'John', 'lastname': 'Doe', 'totalprice': 123, 'depositpaid': True, 'bookingdates': {'checkin': '2025-01-01', 'checkout': '2025-01-05'}, 'additionalneeds': ...</msg>
<var>${body}</var>
<arg>${LAST_RESPONSE.text}</arg>
<doc>Convert String to JSON object</doc>
<status status="PASS" start="2026-06-02T20:10:22.068720" elapsed="0.000988"/>
</kw>
<kw name="Extrair valor JSON" owner="api_keywords">
<kw name="Get Value From Json" owner="JSONLibrary">
<msg time="2026-06-02T20:10:22.079743" level="INFO">${values} = [{'firstname': 'John', 'lastname': 'Doe', 'totalprice': 123, 'depositpaid': True, 'bookingdates': {'checkin': '2025-01-01', 'checkout': '2025-01-05'}, 'additionalneeds': 'Breakfast'}]</msg>
<var>${values}</var>
<arg>${json_object}</arg>
<arg>${path}</arg>
<doc>Get Value From JSON using JSONPath</doc>
<status status="PASS" start="2026-06-02T20:10:22.069708" elapsed="0.011035"/>
</kw>
<kw name="Get From List" owner="Collections">
<msg time="2026-06-02T20:10:22.080743" level="INFO">${value} = {'firstname': 'John', 'lastname': 'Doe', 'totalprice': 123, 'depositpaid': True, 'bookingdates': {'checkin': '2025-01-01', 'checkout': '2025-01-05'}, 'additionalneeds': 'Breakfast'}</msg>
<var>${value}</var>
<arg>${values}</arg>
<arg>0</arg>
<doc>Returns the value specified with an ``index`` from ``list``.</doc>
<status status="PASS" start="2026-06-02T20:10:22.080743" elapsed="0.000000"/>
</kw>
<return>
<value>${value}</value>
<status status="PASS" start="2026-06-02T20:10:22.080743" elapsed="0.000000"/>
</return>
<msg time="2026-06-02T20:10:22.080743" level="INFO">${booking} = {'firstname': 'John', 'lastname': 'Doe', 'totalprice': 123, 'depositpaid': True, 'bookingdates': {'checkin': '2025-01-01', 'checkout': '2025-01-05'}, 'additionalneeds': 'Breakfast'}</msg>
<var>${booking}</var>
<arg>${body}</arg>
<arg>booking</arg>
<status status="PASS" start="2026-06-02T20:10:22.069708" elapsed="0.011035"/>
</kw>
<kw name="Extrair valor JSON" owner="api_keywords">
<kw name="Get Value From Json" owner="JSONLibrary">
<msg time="2026-06-02T20:10:22.091141" level="INFO">${values} = ['John']</msg>
<var>${values}</var>
<arg>${json_object}</arg>
<arg>${path}</arg>
<doc>Get Value From JSON using JSONPath</doc>
<status status="PASS" start="2026-06-02T20:10:22.080743" elapsed="0.010398"/>
</kw>
<kw name="Get From List" owner="Collections">
<msg time="2026-06-02T20:10:22.091141" level="INFO">${value} = John</msg>
<var>${value}</var>
<arg>${values}</arg>
<arg>0</arg>
<doc>Returns the value specified with an ``index`` from ``list``.</doc>
<status status="PASS" start="2026-06-02T20:10:22.091141" elapsed="0.000000"/>
</kw>
<return>
<value>${value}</value>
<status status="PASS" start="2026-06-02T20:10:22.091141" elapsed="0.000000"/>
</return>
<msg time="2026-06-02T20:10:22.091141" level="INFO">${first} = John</msg>
<var>${first}</var>
<arg>${booking}</arg>
<arg>firstname</arg>
<status status="PASS" start="2026-06-02T20:10:22.080743" elapsed="0.010398"/>
</kw>
<kw name="Extrair valor JSON" owner="api_keywords">
<kw name="Get Value From Json" owner="JSONLibrary">
<msg time="2026-06-02T20:10:22.104820" level="INFO">${values} = ['Doe']</msg>
<var>${values}</var>
<arg>${json_object}</arg>
<arg>${path}</arg>
<doc>Get Value From JSON using JSONPath</doc>
<status status="PASS" start="2026-06-02T20:10:22.091141" elapsed="0.013679"/>
</kw>
<kw name="Get From List" owner="Collections">
<msg time="2026-06-02T20:10:22.104820" level="INFO">${value} = Doe</msg>
<var>${value}</var>
<arg>${values}</arg>
<arg>0</arg>
<doc>Returns the value specified with an ``index`` from ``list``.</doc>
<status status="PASS" start="2026-06-02T20:10:22.104820" elapsed="0.000000"/>
</kw>
<return>
<value>${value}</value>
<status status="PASS" start="2026-06-02T20:10:22.104820" elapsed="0.000000"/>
</return>
<msg time="2026-06-02T20:10:22.104820" level="INFO">${last} = Doe</msg>
<var>${last}</var>
<arg>${booking}</arg>
<arg>lastname</arg>
<status status="PASS" start="2026-06-02T20:10:22.091141" elapsed="0.013679"/>
</kw>
<kw name="Should Be Equal" owner="BuiltIn">
<arg>${first}</arg>
<arg>${firstname}</arg>
<doc>Fails if the given objects are unequal.</doc>
<status status="PASS" start="2026-06-02T20:10:22.104820" elapsed="0.000000"/>
</kw>
<kw name="Should Be Equal" owner="BuiltIn">
<arg>${last}</arg>
<arg>${lastname}</arg>
<doc>Fails if the given objects are unequal.</doc>
<status status="PASS" start="2026-06-02T20:10:22.104820" elapsed="0.000000"/>
</kw>
<status status="PASS" start="2026-06-02T20:10:22.068720" elapsed="0.036100"/>
</kw>
<kw name="Capturar Resultado do Teste" owner="api_keywords" type="TEARDOWN">
<kw name="Run Keyword And Ignore Error" owner="BuiltIn">
<kw name="Capturar Screenshot da Resposta" owner="api_keywords">
<kw name="Get Current Date" owner="DateTime">
<msg time="2026-06-02T20:10:22.104820" level="INFO">${timestamp} = 20260602_201022_104820</msg>
<var>${timestamp}</var>
<arg>result_format=%Y%m%d_%H%M%S_%f</arg>
<doc>Returns current local or UTC time with an optional increment.</doc>
<status status="PASS" start="2026-06-02T20:10:22.104820" elapsed="0.000000"/>
</kw>
<kw name="Set Variable" owner="BuiltIn">
<msg time="2026-06-02T20:10:22.104820" level="INFO">${response_text} = {"bookingid":4450,"booking":{"firstname":"John","lastname":"Doe","totalprice":123,"depositpaid":true,"bookingdates":{"checkin":"2025-01-01","checkout":"2025-01-05"},"additionalneeds":"Breakfast"}}</msg>
<var>${response_text}</var>
<arg>${LAST_RESPONSE.text}</arg>
<doc>Returns the given values which can then be assigned to a variables.</doc>
<status status="PASS" start="2026-06-02T20:10:22.104820" elapsed="0.000000"/>
</kw>
<kw name="Set Variable" owner="BuiltIn">
<msg time="2026-06-02T20:10:22.104820" level="INFO">${response_status} = 200</msg>
<var>${response_status}</var>
<arg>${LAST_RESPONSE.status_code}</arg>
<doc>Returns the given values which can then be assigned to a variables.</doc>
<status status="PASS" start="2026-06-02T20:10:22.104820" elapsed="0.000000"/>
</kw>
<kw name="Set Variable" owner="BuiltIn">
<msg time="2026-06-02T20:10:22.104820" level="INFO">${screenshot_dir} = results/screenshots</msg>
<var>${screenshot_dir}</var>
<arg>results/screenshots</arg>
<doc>Returns the given values which can then be assigned to a variables.</doc>
<status status="PASS" start="2026-06-02T20:10:22.104820" elapsed="0.000000"/>
</kw>
<kw name="Create Directory" owner="OperatingSystem">
<msg time="2026-06-02T20:10:22.104820" level="INFO" html="true">Directory '&lt;a href="file://C:\Users\Dione\Desktop\Mentoria-QA\teste2\results\screenshots"&gt;C:\Users\Dione\Desktop\Mentoria-QA\teste2\results\screenshots&lt;/a&gt;' already exists.</msg>
<arg>${screenshot_dir}</arg>
<doc>Creates the specified directory.</doc>
<status status="PASS" start="2026-06-02T20:10:22.104820" elapsed="0.000000"/>
</kw>
<kw name="Set Variable" owner="BuiltIn">
<msg time="2026-06-02T20:10:22.104820" level="INFO">${filename} = results/screenshots/response_20260602_201022_104820_200.json</msg>
<var>${filename}</var>
<arg>${screenshot_dir}/response_${timestamp}_${response_status}.json</arg>
<doc>Returns the given values which can then be assigned to a variables.</doc>
<status status="PASS" start="2026-06-02T20:10:22.104820" elapsed="0.000000"/>
</kw>
<kw name="Create File" owner="OperatingSystem">
<msg time="2026-06-02T20:10:22.104820" level="INFO" html="true">Created file '&lt;a href="file://C:\Users\Dione\Desktop\Mentoria-QA\teste2\results\screenshots\response_20260602_201022_104820_200.json"&gt;C:\Users\Dione\Desktop\Mentoria-QA\teste2\results\screenshots\response_20260602_201022_104820_200.json&lt;/a&gt;'.</msg>
<arg>${filename}</arg>
<arg>${response_text}</arg>
<doc>Creates a file with the given content and encoding.</doc>
<status status="PASS" start="2026-06-02T20:10:22.104820" elapsed="0.000000"/>
</kw>
<doc>Salva a resposta da API como arquivo JSON para visualização</doc>
<status status="PASS" start="2026-06-02T20:10:22.104820" elapsed="0.000000"/>
</kw>
<arg>Capturar Screenshot da Resposta</arg>
<doc>Runs the given keyword with the given arguments and ignores possible error.</doc>
<status status="PASS" start="2026-06-02T20:10:22.104820" elapsed="0.000000"/>
</kw>
<doc>Captura screenshot de sucesso ou erro baseado no resultado do teste</doc>
<status status="PASS" start="2026-06-02T20:10:22.104820" elapsed="0.000000"/>
</kw>
<doc>Cria uma reserva válida e valida o retorno de booking.</doc>
<tag>booking</tag>
<tag>positivo</tag>
<status status="PASS" start="2026-06-02T20:10:21.528376" elapsed="0.576444"/>
</test>
<test id="s1-s2-s1-t2" name="Obter reserva existente" line="18">
<kw name="Dado que o endpoint de booking está disponível" owner="api_keywords">
<kw name="Criar Sessão API" owner="api_keywords">
<kw name="Create Session" owner="RequestsLibrary">
<msg time="2026-06-02T20:10:22.104820" level="INFO">Creating Session using : alias=api, url=https://restful-booker.herokuapp.com, headers={},                     cookies={}, auth=None, timeout=30, proxies=None, verify=False,                     debug=0 </msg>
<arg>api</arg>
<arg>${BASE_URL}</arg>
<arg>timeout=${TIMEOUT}</arg>
<arg>verify=False</arg>
<doc>Create Session: create a HTTP session to a server</doc>
<status status="PASS" start="2026-06-02T20:10:22.104820" elapsed="0.000000"/>
</kw>
<status status="PASS" start="2026-06-02T20:10:22.104820" elapsed="0.000000"/>
</kw>
<status status="PASS" start="2026-06-02T20:10:22.104820" elapsed="0.000000"/>
</kw>
<kw name="Quando eu crio a reserva válida" owner="api_keywords">
<kw name="Create Dictionary" owner="BuiltIn">
<msg time="2026-06-02T20:10:22.104820" level="INFO">${bookingdates} = {'checkin': '2025-01-01', 'checkout': '2025-01-05'}</msg>
<var>${bookingdates}</var>
<arg>checkin=2025-01-01</arg>
<arg>checkout=2025-01-05</arg>
<doc>Creates and returns a dictionary based on the given ``items``.</doc>
<status status="PASS" start="2026-06-02T20:10:22.104820" elapsed="0.000000"/>
</kw>
<kw name="Create Dictionary" owner="BuiltIn">
<msg time="2026-06-02T20:10:22.104820" level="INFO">${payload} = {'firstname': 'John', 'lastname': 'Doe', 'totalprice': '123', 'depositpaid': 'True', 'bookingdates': {'checkin': '2025-01-01', 'checkout': '2025-01-05'}, 'additionalneeds': 'Breakfast'}</msg>
<var>${payload}</var>
<arg>firstname=John</arg>
<arg>lastname=Doe</arg>
<arg>totalprice=123</arg>
<arg>depositpaid=True</arg>
<arg>bookingdates=${bookingdates}</arg>
<arg>additionalneeds=Breakfast</arg>
<doc>Creates and returns a dictionary based on the given ``items``.</doc>
<status status="PASS" start="2026-06-02T20:10:22.104820" elapsed="0.000000"/>
</kw>
<kw name="POST On Session" owner="RequestsLibrary">
<msg time="2026-06-02T20:10:22.604289" level="INFO">POST Request : url=https://restful-booker.herokuapp.com/booking 
 path_url=/booking 
 headers={'User-Agent': 'python-requests/2.34.2', 'Accept-Encoding': 'gzip, deflate', 'Accept': '*/*', 'Connection': 'keep-alive', 'Content-Length': '185', 'Content-Type': 'application/json'} 
 body=b'{"firstname": "John", "lastname": "Doe", "totalprice": "123", "depositpaid": "True", "bookingdates": {"checkin": "2025-01-01", "checkout": "2025-01-05"}, "additionalneeds": "Breakfast"}' 
 </msg>
<msg time="2026-06-02T20:10:22.604289" level="INFO">POST Response : url=https://restful-booker.herokuapp.com/booking 
 status=200, reason=OK 
 headers={'Content-Length': '196', 'Content-Type': 'application/json; charset=utf-8', 'Date': 'Tue, 02 Jun 2026 23:10:22 GMT', 'Etag': 'W/"c4-Id86l/TPzdDEq5cZmZctTNYjTMg"', 'Nel': '{"report_to":"heroku-nel","response_headers":["Via"],"max_age":3600,"success_fraction":0.01,"failure_fraction":0.1}', 'Report-To': '{"group":"heroku-nel","endpoints":[{"url":"https://nel.heroku.com/reports?s=DuozBEEGJ01GsM3jnv3mpF%2BB0hYSRlf8froLbQGbUlM%3D\\u0026sid=c46efe9b-d3d2-4a0c-8c76-bfafa16c5add\\u0026ts=1780441822"}],"max_age":3600}', 'Reporting-Endpoints': 'heroku-nel="https://nel.heroku.com/reports?s=DuozBEEGJ01GsM3jnv3mpF%2BB0hYSRlf8froLbQGbUlM%3D&amp;sid=c46efe9b-d3d2-4a0c-8c76-bfafa16c5add&amp;ts=1780441822"', 'Server': 'Heroku', 'Via': '1.1 heroku-router', 'X-Powered-By': 'Express'} 
 body={"bookingid":4452,"booking":{"firstname":"John","lastname":"Doe","totalprice":123,"depositpaid":true,"bookingdates":{"checkin":"2025-01-01","checkout":"2025-01-05"},"additionalneeds":"Breakfast"}} 
 </msg>
<msg time="2026-06-02T20:10:22.604289" level="INFO">C:\Users\Dione\AppData\Local\Programs\Python\Python312\Lib\site-packages\urllib3\connectionpool.py:1097: InsecureRequestWarning: Unverified HTTPS request is being made to host 'restful-booker.herokuapp.com'. Adding certificate verification is strongly advised. See: https://urllib3.readthedocs.io/en/latest/advanced-usage.html#tls-warnings
  warnings.warn(</msg>
<msg time="2026-06-02T20:10:22.604289" level="INFO">${response} = &lt;Response [200]&gt;</msg>
<var>${response}</var>
<arg>api</arg>
<arg>${AUTH_BOOKING}</arg>
<arg>json=${payload}</arg>
<doc>Sends a POST request on a previously created HTTP Session.</doc>
<status status="PASS" start="2026-06-02T20:10:22.104820" elapsed="0.499469"/>
</kw>
<kw name="Set Suite Variable" owner="BuiltIn">
<msg time="2026-06-02T20:10:22.604289" level="INFO">${LAST_RESPONSE} = &lt;Response [200]&gt;</msg>
<arg>${LAST_RESPONSE}</arg>
<arg>${response}</arg>
<doc>Makes a variable available everywhere within the scope of the current suite.</doc>
<status status="PASS" start="2026-06-02T20:10:22.604289" elapsed="0.000000"/>
</kw>
<kw name="Convert String To Json" owner="JSONLibrary">
<msg time="2026-06-02T20:10:22.604289" level="INFO">${body} = {'bookingid': 4452, 'booking': {'firstname': 'John', 'lastname': 'Doe', 'totalprice': 123, 'depositpaid': True, 'bookingdates': {'checkin': '2025-01-01', 'checkout': '2025-01-05'}, 'additionalneeds': ...</msg>
<var>${body}</var>
<arg>${LAST_RESPONSE.text}</arg>
<doc>Convert String to JSON object</doc>
<status status="PASS" start="2026-06-02T20:10:22.604289" elapsed="0.000000"/>
</kw>
<kw name="Extrair valor JSON" owner="api_keywords">
<kw name="Get Value From Json" owner="JSONLibrary">
<msg time="2026-06-02T20:10:22.620753" level="INFO">${values} = [4452]</msg>
<var>${values}</var>
<arg>${json_object}</arg>
<arg>${path}</arg>
<doc>Get Value From JSON using JSONPath</doc>
<status status="PASS" start="2026-06-02T20:10:22.604289" elapsed="0.016464"/>
</kw>
<kw name="Get From List" owner="Collections">
<msg time="2026-06-02T20:10:22.620753" level="INFO">${value} = 4452</msg>
<var>${value}</var>
<arg>${values}</arg>
<arg>0</arg>
<doc>Returns the value specified with an ``index`` from ``list``.</doc>
<status status="PASS" start="2026-06-02T20:10:22.620753" elapsed="0.000000"/>
</kw>
<return>
<value>${value}</value>
<status status="PASS" start="2026-06-02T20:10:22.620753" elapsed="0.000000"/>
</return>
<msg time="2026-06-02T20:10:22.620753" level="INFO">${bookingid} = 4452</msg>
<var>${bookingid}</var>
<arg>${body}</arg>
<arg>bookingid</arg>
<status status="PASS" start="2026-06-02T20:10:22.604289" elapsed="0.016464"/>
</kw>
<kw name="Set Suite Variable" owner="BuiltIn">
<msg time="2026-06-02T20:10:22.620753" level="INFO">${BOOKING_ID} = 4452</msg>
<arg>${BOOKING_ID}</arg>
<arg>${bookingid}</arg>
<doc>Makes a variable available everywhere within the scope of the current suite.</doc>
<status status="PASS" start="2026-06-02T20:10:22.620753" elapsed="0.000000"/>
</kw>
<status status="PASS" start="2026-06-02T20:10:22.104820" elapsed="0.516976"/>
</kw>
<kw name="Quando eu recupero a reserva usando o id" owner="api_keywords">
<kw name="GET On Session" owner="RequestsLibrary">
<msg time="2026-06-02T20:10:22.743302" level="INFO">GET Request : url=https://restful-booker.herokuapp.com/booking/4452 
 path_url=/booking/4452 
 headers={'User-Agent': 'python-requests/2.34.2', 'Accept-Encoding': 'gzip, deflate', 'Accept': '*/*', 'Connection': 'keep-alive'} 
 body=None 
 </msg>
<msg time="2026-06-02T20:10:22.743302" level="INFO">GET Response : url=https://restful-booker.herokuapp.com/booking/4452 
 status=200, reason=OK 
 headers={'Content-Length': '167', 'Content-Type': 'application/json; charset=utf-8', 'Date': 'Tue, 02 Jun 2026 23:10:22 GMT', 'Etag': 'W/"a7-UDyiOL9mWfldjgO/AP/k5dBHspU"', 'Nel': '{"report_to":"heroku-nel","response_headers":["Via"],"max_age":3600,"success_fraction":0.01,"failure_fraction":0.1}', 'Report-To': '{"group":"heroku-nel","endpoints":[{"url":"https://nel.heroku.com/reports?s=DuozBEEGJ01GsM3jnv3mpF%2BB0hYSRlf8froLbQGbUlM%3D\\u0026sid=c46efe9b-d3d2-4a0c-8c76-bfafa16c5add\\u0026ts=1780441822"}],"max_age":3600}', 'Reporting-Endpoints': 'heroku-nel="https://nel.heroku.com/reports?s=DuozBEEGJ01GsM3jnv3mpF%2BB0hYSRlf8froLbQGbUlM%3D&amp;sid=c46efe9b-d3d2-4a0c-8c76-bfafa16c5add&amp;ts=1780441822"', 'Server': 'Heroku', 'Via': '1.1 heroku-router', 'X-Powered-By': 'Express'} 
 body={"firstname":"John","lastname":"Doe","totalprice":123,"depositpaid":true,"bookingdates":{"checkin":"2025-01-01","checkout":"2025-01-05"},"additionalneeds":"Breakfast"} 
 </msg>
<msg time="2026-06-02T20:10:22.743302" level="INFO">C:\Users\Dione\AppData\Local\Programs\Python\Python312\Lib\site-packages\urllib3\connectionpool.py:1097: InsecureRequestWarning: Unverified HTTPS request is being made to host 'restful-booker.herokuapp.com'. Adding certificate verification is strongly advised. See: https://urllib3.readthedocs.io/en/latest/advanced-usage.html#tls-warnings
  warnings.warn(</msg>
<msg time="2026-06-02T20:10:22.743302" level="INFO">${response} = &lt;Response [200]&gt;</msg>
<var>${response}</var>
<arg>api</arg>
<arg>${AUTH_BOOKING}/${BOOKING_ID}</arg>
<doc>Sends a GET request on a previously created HTTP Session.</doc>
<status status="PASS" start="2026-06-02T20:10:22.621796" elapsed="0.121506"/>
</kw>
<kw name="Set Suite Variable" owner="BuiltIn">
<msg time="2026-06-02T20:10:22.743302" level="INFO">${LAST_RESPONSE} = &lt;Response [200]&gt;</msg>
<arg>${LAST_RESPONSE}</arg>
<arg>${response}</arg>
<doc>Makes a variable available everywhere within the scope of the current suite.</doc>
<status status="PASS" start="2026-06-02T20:10:22.743302" elapsed="0.000000"/>
</kw>
<status status="PASS" start="2026-06-02T20:10:22.621796" elapsed="0.121506"/>
</kw>
<kw name="Então o status da resposta deve ser 200" owner="api_keywords" source_name="Então o status da resposta deve ser ${status}">
<kw name="E o status da resposta deve ser ${status}" owner="api_keywords" source_name="E o status da resposta deve ser ${status}">
<kw name="Should Be Equal As Integers" owner="BuiltIn">
<msg time="2026-06-02T20:10:22.745360" level="INFO">Argument types are:
&lt;class 'int'&gt;
&lt;class 'str'&gt;</msg>
<arg>${LAST_RESPONSE.status_code}</arg>
<arg>${status}</arg>
<doc>Fails if objects are unequal after converting them to integers.</doc>
<status status="PASS" start="2026-06-02T20:10:22.745360" elapsed="0.000000"/>
</kw>
<status status="PASS" start="2026-06-02T20:10:22.745360" elapsed="0.000000"/>
</kw>
<status status="PASS" start="2026-06-02T20:10:22.743302" elapsed="0.002058"/>
</kw>
<kw name="E a resposta deve conter firstname John e lastname Doe" owner="api_keywords" source_name="E a resposta deve conter firstname ${firstname} e lastname ${lastname}">
<kw name="Convert String To Json" owner="JSONLibrary">
<msg time="2026-06-02T20:10:22.745360" level="INFO">${body} = {'firstname': 'John', 'lastname': 'Doe', 'totalprice': 123, 'depositpaid': True, 'bookingdates': {'checkin': '2025-01-01', 'checkout': '2025-01-05'}, 'additionalneeds': 'Breakfast'}</msg>
<var>${body}</var>
<arg>${LAST_RESPONSE.text}</arg>
<doc>Convert String to JSON object</doc>
<status status="PASS" start="2026-06-02T20:10:22.745360" elapsed="0.000000"/>
</kw>
<kw name="Extrair valor JSON" owner="api_keywords">
<kw name="Get Value From Json" owner="JSONLibrary">
<msg time="2026-06-02T20:10:22.758871" level="INFO">${values} = ['John']</msg>
<var>${values}</var>
<arg>${json_object}</arg>
<arg>${path}</arg>
<doc>Get Value From JSON using JSONPath</doc>
<status status="PASS" start="2026-06-02T20:10:22.745360" elapsed="0.013511"/>
</kw>
<kw name="Get From List" owner="Collections">
<msg time="2026-06-02T20:10:22.758871" level="INFO">${value} = John</msg>
<var>${value}</var>
<arg>${values}</arg>
<arg>0</arg>
<doc>Returns the value specified with an ``index`` from ``list``.</doc>
<status status="PASS" start="2026-06-02T20:10:22.758871" elapsed="0.000000"/>
</kw>
<return>
<value>${value}</value>
<status status="PASS" start="2026-06-02T20:10:22.758871" elapsed="0.000000"/>
</return>
<msg time="2026-06-02T20:10:22.758871" level="INFO">${first} = John</msg>
<var>${first}</var>
<arg>${body}</arg>
<arg>firstname</arg>
<status status="PASS" start="2026-06-02T20:10:22.745360" elapsed="0.013511"/>
</kw>
<kw name="Extrair valor JSON" owner="api_keywords">
<kw name="Get Value From Json" owner="JSONLibrary">
<msg time="2026-06-02T20:10:22.774471" level="INFO">${values} = ['Doe']</msg>
<var>${values}</var>
<arg>${json_object}</arg>
<arg>${path}</arg>
<doc>Get Value From JSON using JSONPath</doc>
<status status="PASS" start="2026-06-02T20:10:22.758871" elapsed="0.015600"/>
</kw>
<kw name="Get From List" owner="Collections">
<msg time="2026-06-02T20:10:22.774471" level="INFO">${value} = Doe</msg>
<var>${value}</var>
<arg>${values}</arg>
<arg>0</arg>
<doc>Returns the value specified with an ``index`` from ``list``.</doc>
<status status="PASS" start="2026-06-02T20:10:22.774471" elapsed="0.000000"/>
</kw>
<return>
<value>${value}</value>
<status status="PASS" start="2026-06-02T20:10:22.774471" elapsed="0.000000"/>
</return>
<msg time="2026-06-02T20:10:22.774471" level="INFO">${last} = Doe</msg>
<var>${last}</var>
<arg>${body}</arg>
<arg>lastname</arg>
<status status="PASS" start="2026-06-02T20:10:22.758871" elapsed="0.015600"/>
</kw>
<kw name="Should Be Equal" owner="BuiltIn">
<arg>${first}</arg>
<arg>${firstname}</arg>
<doc>Fails if the given objects are unequal.</doc>
<status status="PASS" start="2026-06-02T20:10:22.775473" elapsed="0.000000"/>
</kw>
<kw name="Should Be Equal" owner="BuiltIn">
<arg>${last}</arg>
<arg>${lastname}</arg>
<doc>Fails if the given objects are unequal.</doc>
<status status="PASS" start="2026-06-02T20:10:22.775473" elapsed="0.000000"/>
</kw>
<status status="PASS" start="2026-06-02T20:10:22.745360" elapsed="0.030113"/>
</kw>
<kw name="Capturar Resultado do Teste" owner="api_keywords" type="TEARDOWN">
<kw name="Run Keyword And Ignore Error" owner="BuiltIn">
<kw name="Capturar Screenshot da Resposta" owner="api_keywords">
<kw name="Get Current Date" owner="DateTime">
<msg time="2026-06-02T20:10:22.776561" level="INFO">${timestamp} = 20260602_201022_776561</msg>
<var>${timestamp}</var>
<arg>result_format=%Y%m%d_%H%M%S_%f</arg>
<doc>Returns current local or UTC time with an optional increment.</doc>
<status status="PASS" start="2026-06-02T20:10:22.776561" elapsed="0.000000"/>
</kw>
<kw name="Set Variable" owner="BuiltIn">
<msg time="2026-06-02T20:10:22.776561" level="INFO">${response_text} = {"firstname":"John","lastname":"Doe","totalprice":123,"depositpaid":true,"bookingdates":{"checkin":"2025-01-01","checkout":"2025-01-05"},"additionalneeds":"Breakfast"}</msg>
<var>${response_text}</var>
<arg>${LAST_RESPONSE.text}</arg>
<doc>Returns the given values which can then be assigned to a variables.</doc>
<status status="PASS" start="2026-06-02T20:10:22.776561" elapsed="0.000000"/>
</kw>
<kw name="Set Variable" owner="BuiltIn">
<msg time="2026-06-02T20:10:22.777476" level="INFO">${response_status} = 200</msg>
<var>${response_status}</var>
<arg>${LAST_RESPONSE.status_code}</arg>
<doc>Returns the given values which can then be assigned to a variables.</doc>
<status status="PASS" start="2026-06-02T20:10:22.776561" elapsed="0.000915"/>
</kw>
<kw name="Set Variable" owner="BuiltIn">
<msg time="2026-06-02T20:10:22.777476" level="INFO">${screenshot_dir} = results/screenshots</msg>
<var>${screenshot_dir}</var>
<arg>results/screenshots</arg>
<doc>Returns the given values which can then be assigned to a variables.</doc>
<status status="PASS" start="2026-06-02T20:10:22.777476" elapsed="0.000000"/>
</kw>
<kw name="Create Directory" owner="OperatingSystem">
<msg time="2026-06-02T20:10:22.777476" level="INFO" html="true">Directory '&lt;a href="file://C:\Users\Dione\Desktop\Mentoria-QA\teste2\results\screenshots"&gt;C:\Users\Dione\Desktop\Mentoria-QA\teste2\results\screenshots&lt;/a&gt;' already exists.</msg>
<arg>${screenshot_dir}</arg>
<doc>Creates the specified directory.</doc>
<status status="PASS" start="2026-06-02T20:10:22.777476" elapsed="0.000000"/>
</kw>
<kw name="Set Variable" owner="BuiltIn">
<msg time="2026-06-02T20:10:22.777476" level="INFO">${filename} = results/screenshots/response_20260602_201022_776561_200.json</msg>
<var>${filename}</var>
<arg>${screenshot_dir}/response_${timestamp}_${response_status}.json</arg>
<doc>Returns the given values which can then be assigned to a variables.</doc>
<status status="PASS" start="2026-06-02T20:10:22.777476" elapsed="0.000000"/>
</kw>
<kw name="Create File" owner="OperatingSystem">
<msg time="2026-06-02T20:10:22.778473" level="INFO" html="true">Created file '&lt;a href="file://C:\Users\Dione\Desktop\Mentoria-QA\teste2\results\screenshots\response_20260602_201022_776561_200.json"&gt;C:\Users\Dione\Desktop\Mentoria-QA\teste2\results\screenshots\response_20260602_201022_776561_200.json&lt;/a&gt;'.</msg>
<arg>${filename}</arg>
<arg>${response_text}</arg>
<doc>Creates a file with the given content and encoding.</doc>
<status status="PASS" start="2026-06-02T20:10:22.778473" elapsed="0.000000"/>
</kw>
<doc>Salva a resposta da API como arquivo JSON para visualização</doc>
<status status="PASS" start="2026-06-02T20:10:22.775473" elapsed="0.003000"/>
</kw>
<arg>Capturar Screenshot da Resposta</arg>
<doc>Runs the given keyword with the given arguments and ignores possible error.</doc>
<status status="PASS" start="2026-06-02T20:10:22.775473" elapsed="0.003000"/>
</kw>
<doc>Captura screenshot de sucesso ou erro baseado no resultado do teste</doc>
<status status="PASS" start="2026-06-02T20:10:22.775473" elapsed="0.004029"/>
</kw>
<doc>Cria e recupera uma reserva por ID, validando os dados retornados.</doc>
<tag>booking</tag>
<tag>leitura</tag>
<status status="PASS" start="2026-06-02T20:10:22.104820" elapsed="0.674682"/>
</test>
<test id="s1-s2-s1-t3" name="Atualizar reserva existente" line="27">
<kw name="Dado que o endpoint de booking está disponível" owner="api_keywords">
<kw name="Criar Sessão API" owner="api_keywords">
<kw name="Create Session" owner="RequestsLibrary">
<msg time="2026-06-02T20:10:22.780510" level="INFO">Creating Session using : alias=api, url=https://restful-booker.herokuapp.com, headers={},                     cookies={}, auth=None, timeout=30, proxies=None, verify=False,                     debug=0 </msg>
<arg>api</arg>
<arg>${BASE_URL}</arg>
<arg>timeout=${TIMEOUT}</arg>
<arg>verify=False</arg>
<doc>Create Session: create a HTTP session to a server</doc>
<status status="PASS" start="2026-06-02T20:10:22.780510" elapsed="0.000000"/>
</kw>
<status status="PASS" start="2026-06-02T20:10:22.780510" elapsed="0.000000"/>
</kw>
<status status="PASS" start="2026-06-02T20:10:22.780510" elapsed="0.000000"/>
</kw>
<kw name="Quando eu crio a reserva válida" owner="api_keywords">
<kw name="Create Dictionary" owner="BuiltIn">
<msg time="2026-06-02T20:10:22.781744" level="INFO">${bookingdates} = {'checkin': '2025-01-01', 'checkout': '2025-01-05'}</msg>
<var>${bookingdates}</var>
<arg>checkin=2025-01-01</arg>
<arg>checkout=2025-01-05</arg>
<doc>Creates and returns a dictionary based on the given ``items``.</doc>
<status status="PASS" start="2026-06-02T20:10:22.781744" elapsed="0.000000"/>
</kw>
<kw name="Create Dictionary" owner="BuiltIn">
<msg time="2026-06-02T20:10:22.781744" level="INFO">${payload} = {'firstname': 'John', 'lastname': 'Doe', 'totalprice': '123', 'depositpaid': 'True', 'bookingdates': {'checkin': '2025-01-01', 'checkout': '2025-01-05'}, 'additionalneeds': 'Breakfast'}</msg>
<var>${payload}</var>
<arg>firstname=John</arg>
<arg>lastname=Doe</arg>
<arg>totalprice=123</arg>
<arg>depositpaid=True</arg>
<arg>bookingdates=${bookingdates}</arg>
<arg>additionalneeds=Breakfast</arg>
<doc>Creates and returns a dictionary based on the given ``items``.</doc>
<status status="PASS" start="2026-06-02T20:10:22.781744" elapsed="0.000000"/>
</kw>
<kw name="POST On Session" owner="RequestsLibrary">
<msg time="2026-06-02T20:10:23.295077" level="INFO">POST Request : url=https://restful-booker.herokuapp.com/booking 
 path_url=/booking 
 headers={'User-Agent': 'python-requests/2.34.2', 'Accept-Encoding': 'gzip, deflate', 'Accept': '*/*', 'Connection': 'keep-alive', 'Content-Length': '185', 'Content-Type': 'application/json'} 
 body=b'{"firstname": "John", "lastname": "Doe", "totalprice": "123", "depositpaid": "True", "bookingdates": {"checkin": "2025-01-01", "checkout": "2025-01-05"}, "additionalneeds": "Breakfast"}' 
 </msg>
<msg time="2026-06-02T20:10:23.295077" level="INFO">POST Response : url=https://restful-booker.herokuapp.com/booking 
 status=200, reason=OK 
 headers={'Content-Length': '196', 'Content-Type': 'application/json; charset=utf-8', 'Date': 'Tue, 02 Jun 2026 23:10:23 GMT', 'Etag': 'W/"c4-57aL87qUb9YqBA/biuBj+M2hXLQ"', 'Nel': '{"report_to":"heroku-nel","response_headers":["Via"],"max_age":3600,"success_fraction":0.01,"failure_fraction":0.1}', 'Report-To': '{"group":"heroku-nel","endpoints":[{"url":"https://nel.heroku.com/reports?s=T%2Fv0GcqOv%2BTB9hlsW%2BHm3nVMg39GKFahP6H%2FDJ6jHVo%3D\\u0026sid=c46efe9b-d3d2-4a0c-8c76-bfafa16c5add\\u0026ts=1780441823"}],"max_age":3600}', 'Reporting-Endpoints': 'heroku-nel="https://nel.heroku.com/reports?s=T%2Fv0GcqOv%2BTB9hlsW%2BHm3nVMg39GKFahP6H%2FDJ6jHVo%3D&amp;sid=c46efe9b-d3d2-4a0c-8c76-bfafa16c5add&amp;ts=1780441823"', 'Server': 'Heroku', 'Via': '1.1 heroku-router', 'X-Powered-By': 'Express'} 
 body={"bookingid":4462,"booking":{"firstname":"John","lastname":"Doe","totalprice":123,"depositpaid":true,"bookingdates":{"checkin":"2025-01-01","checkout":"2025-01-05"},"additionalneeds":"Breakfast"}} 
 </msg>
<msg time="2026-06-02T20:10:23.295077" level="INFO">C:\Users\Dione\AppData\Local\Programs\Python\Python312\Lib\site-packages\urllib3\connectionpool.py:1097: InsecureRequestWarning: Unverified HTTPS request is being made to host 'restful-booker.herokuapp.com'. Adding certificate verification is strongly advised. See: https://urllib3.readthedocs.io/en/latest/advanced-usage.html#tls-warnings
  warnings.warn(</msg>
<msg time="2026-06-02T20:10:23.305923" level="INFO">${response} = &lt;Response [200]&gt;</msg>
<var>${response}</var>
<arg>api</arg>
<arg>${AUTH_BOOKING}</arg>
<arg>json=${payload}</arg>
<doc>Sends a POST request on a previously created HTTP Session.</doc>
<status status="PASS" start="2026-06-02T20:10:22.781744" elapsed="0.524179"/>
</kw>
<kw name="Set Suite Variable" owner="BuiltIn">
<msg time="2026-06-02T20:10:23.307205" level="INFO">${LAST_RESPONSE} = &lt;Response [200]&gt;</msg>
<arg>${LAST_RESPONSE}</arg>
<arg>${response}</arg>
<doc>Makes a variable available everywhere within the scope of the current suite.</doc>
<status status="PASS" start="2026-06-02T20:10:23.305923" elapsed="0.001282"/>
</kw>
<kw name="Convert String To Json" owner="JSONLibrary">
<msg time="2026-06-02T20:10:23.308292" level="INFO">${body} = {'bookingid': 4462, 'booking': {'firstname': 'John', 'lastname': 'Doe', 'totalprice': 123, 'depositpaid': True, 'bookingdates': {'checkin': '2025-01-01', 'checkout': '2025-01-05'}, 'additionalneeds': ...</msg>
<var>${body}</var>
<arg>${LAST_RESPONSE.text}</arg>
<doc>Convert String to JSON object</doc>
<status status="PASS" start="2026-06-02T20:10:23.307205" elapsed="0.001087"/>
</kw>
<kw name="Extrair valor JSON" owner="api_keywords">
<kw name="Get Value From Json" owner="JSONLibrary">
<msg time="2026-06-02T20:10:23.324314" level="INFO">${values} = [4462]</msg>
<var>${values}</var>
<arg>${json_object}</arg>
<arg>${path}</arg>
<doc>Get Value From JSON using JSONPath</doc>
<status status="PASS" start="2026-06-02T20:10:23.309273" elapsed="0.015041"/>
</kw>
<kw name="Get From List" owner="Collections">
<msg time="2026-06-02T20:10:23.325310" level="INFO">${value} = 4462</msg>
<var>${value}</var>
<arg>${values}</arg>
<arg>0</arg>
<doc>Returns the value specified with an ``index`` from ``list``.</doc>
<status status="PASS" start="2026-06-02T20:10:23.324314" elapsed="0.000996"/>
</kw>
<return>
<value>${value}</value>
<status status="PASS" start="2026-06-02T20:10:23.325310" elapsed="0.000000"/>
</return>
<msg time="2026-06-02T20:10:23.325310" level="INFO">${bookingid} = 4462</msg>
<var>${bookingid}</var>
<arg>${body}</arg>
<arg>bookingid</arg>
<status status="PASS" start="2026-06-02T20:10:23.308292" elapsed="0.017018"/>
</kw>
<kw name="Set Suite Variable" owner="BuiltIn">
<msg time="2026-06-02T20:10:23.325310" level="INFO">${BOOKING_ID} = 4462</msg>
<arg>${BOOKING_ID}</arg>
<arg>${bookingid}</arg>
<doc>Makes a variable available everywhere within the scope of the current suite.</doc>
<status status="PASS" start="2026-06-02T20:10:23.325310" elapsed="0.000000"/>
</kw>
<status status="PASS" start="2026-06-02T20:10:22.780510" elapsed="0.544800"/>
</kw>
<kw name="Quando eu autentico como admin" owner="api_keywords">
<kw name="Quando eu realizo o POST /auth com username ${ADMIN_USERNAME} e password ${ADMIN_PASS}" owner="api_keywords" source_name="Quando eu realizo o POST /auth com username ${username} e password ${password}">
<kw name="Create Dictionary" owner="BuiltIn">
<msg time="2026-06-02T20:10:23.326224" level="INFO">${payload} = {'username': 'admin', 'password': 'password123'}</msg>
<var>${payload}</var>
<arg>username=${username}</arg>
<arg>password=${password}</arg>
<doc>Creates and returns a dictionary based on the given ``items``.</doc>
<status status="PASS" start="2026-06-02T20:10:23.326224" elapsed="0.000000"/>
</kw>
<kw name="POST On Session" owner="RequestsLibrary">
<msg time="2026-06-02T20:10:23.438194" level="INFO">POST Request : url=https://restful-booker.herokuapp.com/auth 
 path_url=/auth 
 headers={'User-Agent': 'python-requests/2.34.2', 'Accept-Encoding': 'gzip, deflate', 'Accept': '*/*', 'Connection': 'keep-alive', 'Content-Length': '48', 'Content-Type': 'application/json'} 
 body=b'{"username": "admin", "password": "password123"}' 
 </msg>
<msg time="2026-06-02T20:10:23.438194" level="INFO">POST Response : url=https://restful-booker.herokuapp.com/auth 
 status=200, reason=OK 
 headers={'Content-Length': '27', 'Content-Type': 'application/json; charset=utf-8', 'Date': 'Tue, 02 Jun 2026 23:10:23 GMT', 'Etag': 'W/"1b-dvtMN1Ey5KORlw1STDgdtrktS1Y"', 'Nel': '{"report_to":"heroku-nel","response_headers":["Via"],"max_age":3600,"success_fraction":0.01,"failure_fraction":0.1}', 'Report-To': '{"group":"heroku-nel","endpoints":[{"url":"https://nel.heroku.com/reports?s=T%2Fv0GcqOv%2BTB9hlsW%2BHm3nVMg39GKFahP6H%2FDJ6jHVo%3D\\u0026sid=c46efe9b-d3d2-4a0c-8c76-bfafa16c5add\\u0026ts=1780441823"}],"max_age":3600}', 'Reporting-Endpoints': 'heroku-nel="https://nel.heroku.com/reports?s=T%2Fv0GcqOv%2BTB9hlsW%2BHm3nVMg39GKFahP6H%2FDJ6jHVo%3D&amp;sid=c46efe9b-d3d2-4a0c-8c76-bfafa16c5add&amp;ts=1780441823"', 'Server': 'Heroku', 'Via': '1.1 heroku-router', 'X-Powered-By': 'Express'} 
 body={"token":"6ced3ccfc84b743"} 
 </msg>
<msg time="2026-06-02T20:10:23.438194" level="INFO">C:\Users\Dione\AppData\Local\Programs\Python\Python312\Lib\site-packages\urllib3\connectionpool.py:1097: InsecureRequestWarning: Unverified HTTPS request is being made to host 'restful-booker.herokuapp.com'. Adding certificate verification is strongly advised. See: https://urllib3.readthedocs.io/en/latest/advanced-usage.html#tls-warnings
  warnings.warn(</msg>
<msg time="2026-06-02T20:10:23.438194" level="INFO">${response} = &lt;Response [200]&gt;</msg>
<var>${response}</var>
<arg>api</arg>
<arg>${AUTH_ENDPOINT}</arg>
<arg>json=${payload}</arg>
<doc>Sends a POST request on a previously created HTTP Session.</doc>
<status status="PASS" start="2026-06-02T20:10:23.326224" elapsed="0.111970"/>
</kw>
<kw name="Set Suite Variable" owner="BuiltIn">
<msg time="2026-06-02T20:10:23.453809" level="INFO">${LAST_RESPONSE} = &lt;Response [200]&gt;</msg>
<arg>${LAST_RESPONSE}</arg>
<arg>${response}</arg>
<doc>Makes a variable available everywhere within the scope of the current suite.</doc>
<status status="PASS" start="2026-06-02T20:10:23.453809" elapsed="0.000000"/>
</kw>
<status status="PASS" start="2026-06-02T20:10:23.326224" elapsed="0.127585"/>
</kw>
<kw name="Convert String To Json" owner="JSONLibrary">
<msg time="2026-06-02T20:10:23.453809" level="INFO">${body} = {'token': '6ced3ccfc84b743'}</msg>
<var>${body}</var>
<arg>${LAST_RESPONSE.text}</arg>
<doc>Convert String to JSON object</doc>
<status status="PASS" start="2026-06-02T20:10:23.453809" elapsed="0.000000"/>
</kw>
<kw name="Extrair valor JSON" owner="api_keywords">
<kw name="Get Value From Json" owner="JSONLibrary">
<msg time="2026-06-02T20:10:23.453809" level="INFO">${values} = ['6ced3ccfc84b743']</msg>
<var>${values}</var>
<arg>${json_object}</arg>
<arg>${path}</arg>
<doc>Get Value From JSON using JSONPath</doc>
<status status="PASS" start="2026-06-02T20:10:23.453809" elapsed="0.000000"/>
</kw>
<kw name="Get From List" owner="Collections">
<msg time="2026-06-02T20:10:23.453809" level="INFO">${value} = 6ced3ccfc84b743</msg>
<var>${value}</var>
<arg>${values}</arg>
<arg>0</arg>
<doc>Returns the value specified with an ``index`` from ``list``.</doc>
<status status="PASS" start="2026-06-02T20:10:23.453809" elapsed="0.000000"/>
</kw>
<return>
<value>${value}</value>
<status status="PASS" start="2026-06-02T20:10:23.453809" elapsed="0.000000"/>
</return>
<msg time="2026-06-02T20:10:23.453809" level="INFO">${token} = 6ced3ccfc84b743</msg>
<var>${token}</var>
<arg>${body}</arg>
<arg>token</arg>
<status status="PASS" start="2026-06-02T20:10:23.453809" elapsed="0.000000"/>
</kw>
<kw name="Set Suite Variable" owner="BuiltIn">
<msg time="2026-06-02T20:10:23.453809" level="INFO">${AUTH_TOKEN} = 6ced3ccfc84b743</msg>
<arg>${AUTH_TOKEN}</arg>
<arg>${token}</arg>
<doc>Makes a variable available everywhere within the scope of the current suite.</doc>
<status status="PASS" start="2026-06-02T20:10:23.453809" elapsed="0.000000"/>
</kw>
<status status="PASS" start="2026-06-02T20:10:23.325310" elapsed="0.128499"/>
</kw>
<kw name="Quando eu atualizo a reserva com id salvo" owner="api_keywords">
<kw name="Create Dictionary" owner="BuiltIn">
<msg time="2026-06-02T20:10:23.453809" level="INFO">${bookingdates} = {'checkin': '2025-02-01', 'checkout': '2025-02-05'}</msg>
<var>${bookingdates}</var>
<arg>checkin=2025-02-01</arg>
<arg>checkout=2025-02-05</arg>
<doc>Creates and returns a dictionary based on the given ``items``.</doc>
<status status="PASS" start="2026-06-02T20:10:23.453809" elapsed="0.000000"/>
</kw>
<kw name="Create Dictionary" owner="BuiltIn">
<msg time="2026-06-02T20:10:23.453809" level="INFO">${payload} = {'firstname': 'Jane', 'lastname': 'Doe', 'totalprice': '111', 'depositpaid': 'False', 'bookingdates': {'checkin': '2025-02-01', 'checkout': '2025-02-05'}, 'additionalneeds': 'Dinner'}</msg>
<var>${payload}</var>
<arg>firstname=Jane</arg>
<arg>lastname=Doe</arg>
<arg>totalprice=111</arg>
<arg>depositpaid=False</arg>
<arg>bookingdates=${bookingdates}</arg>
<arg>additionalneeds=Dinner</arg>
<doc>Creates and returns a dictionary based on the given ``items``.</doc>
<status status="PASS" start="2026-06-02T20:10:23.453809" elapsed="0.000000"/>
</kw>
<kw name="Create Dictionary" owner="BuiltIn">
<msg time="2026-06-02T20:10:23.453809" level="INFO">${headers} = {'Cookie': 'token=6ced3ccfc84b743'}</msg>
<var>${headers}</var>
<arg>Cookie=token=${AUTH_TOKEN}</arg>
<doc>Creates and returns a dictionary based on the given ``items``.</doc>
<status status="PASS" start="2026-06-02T20:10:23.453809" elapsed="0.000000"/>
</kw>
<kw name="PUT On Session" owner="RequestsLibrary">
<msg time="2026-06-02T20:10:23.595131" level="INFO">PUT Request : url=https://restful-booker.herokuapp.com/booking/4462 
 path_url=/booking/4462 
 headers={'User-Agent': 'python-requests/2.34.2', 'Accept-Encoding': 'gzip, deflate', 'Accept': '*/*', 'Connection': 'keep-alive', 'Cookie': 'token=6ced3ccfc84b743', 'Content-Length': '183', 'Content-Type': 'application/json'} 
 body=b'{"firstname": "Jane", "lastname": "Doe", "totalprice": "111", "depositpaid": "False", "bookingdates": {"checkin": "2025-02-01", "checkout": "2025-02-05"}, "additionalneeds": "Dinner"}' 
 </msg>
<msg time="2026-06-02T20:10:23.595131" level="INFO">PUT Response : url=https://restful-booker.herokuapp.com/booking/4462 
 status=200, reason=OK 
 headers={'Content-Length': '164', 'Content-Type': 'application/json; charset=utf-8', 'Date': 'Tue, 02 Jun 2026 23:10:23 GMT', 'Etag': 'W/"a4-CUyFQFw3t4gHg+tGl49seoyMfkI"', 'Nel': '{"report_to":"heroku-nel","response_headers":["Via"],"max_age":3600,"success_fraction":0.01,"failure_fraction":0.1}', 'Report-To': '{"group":"heroku-nel","endpoints":[{"url":"https://nel.heroku.com/reports?s=T%2Fv0GcqOv%2BTB9hlsW%2BHm3nVMg39GKFahP6H%2FDJ6jHVo%3D\\u0026sid=c46efe9b-d3d2-4a0c-8c76-bfafa16c5add\\u0026ts=1780441823"}],"max_age":3600}', 'Reporting-Endpoints': 'heroku-nel="https://nel.heroku.com/reports?s=T%2Fv0GcqOv%2BTB9hlsW%2BHm3nVMg39GKFahP6H%2FDJ6jHVo%3D&amp;sid=c46efe9b-d3d2-4a0c-8c76-bfafa16c5add&amp;ts=1780441823"', 'Server': 'Heroku', 'Via': '1.1 heroku-router', 'X-Powered-By': 'Express'} 
 body={"firstname":"Jane","lastname":"Doe","totalprice":111,"depositpaid":true,"bookingdates":{"checkin":"2025-02-01","checkout":"2025-02-05"},"additionalneeds":"Dinner"} 
 </msg>
<msg time="2026-06-02T20:10:23.595131" level="INFO">C:\Users\Dione\AppData\Local\Programs\Python\Python312\Lib\site-packages\urllib3\connectionpool.py:1097: InsecureRequestWarning: Unverified HTTPS request is being made to host 'restful-booker.herokuapp.com'. Adding certificate verification is strongly advised. See: https://urllib3.readthedocs.io/en/latest/advanced-usage.html#tls-warnings
  warnings.warn(</msg>
<msg time="2026-06-02T20:10:23.595131" level="INFO">${response} = &lt;Response [200]&gt;</msg>
<var>${response}</var>
<arg>api</arg>
<arg>${AUTH_BOOKING}/${BOOKING_ID}</arg>
<arg>json=${payload}</arg>
<arg>headers=${headers}</arg>
<doc>Sends a PUT request on a previously created HTTP Session.</doc>
<status status="PASS" start="2026-06-02T20:10:23.453809" elapsed="0.141322"/>
</kw>
<kw name="Set Suite Variable" owner="BuiltIn">
<msg time="2026-06-02T20:10:23.595131" level="INFO">${LAST_RESPONSE} = &lt;Response [200]&gt;</msg>
<arg>${LAST_RESPONSE}</arg>
<arg>${response}</arg>
<doc>Makes a variable available everywhere within the scope of the current suite.</doc>
<status status="PASS" start="2026-06-02T20:10:23.595131" elapsed="0.000000"/>
</kw>
<status status="PASS" start="2026-06-02T20:10:23.453809" elapsed="0.141322"/>
</kw>
<kw name="Então o status da resposta deve ser 200" owner="api_keywords" source_name="Então o status da resposta deve ser ${status}">
<kw name="E o status da resposta deve ser ${status}" owner="api_keywords" source_name="E o status da resposta deve ser ${status}">
<kw name="Should Be Equal As Integers" owner="BuiltIn">
<msg time="2026-06-02T20:10:23.596037" level="INFO">Argument types are:
&lt;class 'int'&gt;
&lt;class 'str'&gt;</msg>
<arg>${LAST_RESPONSE.status_code}</arg>
<arg>${status}</arg>
<doc>Fails if objects are unequal after converting them to integers.</doc>
<status status="PASS" start="2026-06-02T20:10:23.596037" elapsed="0.001001"/>
</kw>
<status status="PASS" start="2026-06-02T20:10:23.596037" elapsed="0.001001"/>
</kw>
<status status="PASS" start="2026-06-02T20:10:23.596037" elapsed="0.001001"/>
</kw>
<kw name="E a resposta deve conter firstname Jane e lastname Doe" owner="api_keywords" source_name="E a resposta deve conter firstname ${firstname} e lastname ${lastname}">
<kw name="Convert String To Json" owner="JSONLibrary">
<msg time="2026-06-02T20:10:23.597038" level="INFO">${body} = {'firstname': 'Jane', 'lastname': 'Doe', 'totalprice': 111, 'depositpaid': True, 'bookingdates': {'checkin': '2025-02-01', 'checkout': '2025-02-05'}, 'additionalneeds': 'Dinner'}</msg>
<var>${body}</var>
<arg>${LAST_RESPONSE.text}</arg>
<doc>Convert String to JSON object</doc>
<status status="PASS" start="2026-06-02T20:10:23.597038" elapsed="0.000000"/>
</kw>
<kw name="Extrair valor JSON" owner="api_keywords">
<kw name="Get Value From Json" owner="JSONLibrary">
<msg time="2026-06-02T20:10:23.611021" level="INFO">${values} = ['Jane']</msg>
<var>${values}</var>
<arg>${json_object}</arg>
<arg>${path}</arg>
<doc>Get Value From JSON using JSONPath</doc>
<status status="PASS" start="2026-06-02T20:10:23.598024" elapsed="0.012997"/>
</kw>
<kw name="Get From List" owner="Collections">
<msg time="2026-06-02T20:10:23.611021" level="INFO">${value} = Jane</msg>
<var>${value}</var>
<arg>${values}</arg>
<arg>0</arg>
<doc>Returns the value specified with an ``index`` from ``list``.</doc>
<status status="PASS" start="2026-06-02T20:10:23.611021" elapsed="0.000000"/>
</kw>
<return>
<value>${value}</value>
<status status="PASS" start="2026-06-02T20:10:23.611021" elapsed="0.000000"/>
</return>
<msg time="2026-06-02T20:10:23.611021" level="INFO">${first} = Jane</msg>
<var>${first}</var>
<arg>${body}</arg>
<arg>firstname</arg>
<status status="PASS" start="2026-06-02T20:10:23.598024" elapsed="0.012997"/>
</kw>
<kw name="Extrair valor JSON" owner="api_keywords">
<kw name="Get Value From Json" owner="JSONLibrary">
<msg time="2026-06-02T20:10:23.622019" level="INFO">${values} = ['Doe']</msg>
<var>${values}</var>
<arg>${json_object}</arg>
<arg>${path}</arg>
<doc>Get Value From JSON using JSONPath</doc>
<status status="PASS" start="2026-06-02T20:10:23.611021" elapsed="0.010998"/>
</kw>
<kw name="Get From List" owner="Collections">
<msg time="2026-06-02T20:10:23.623022" level="INFO">${value} = Doe</msg>
<var>${value}</var>
<arg>${values}</arg>
<arg>0</arg>
<doc>Returns the value specified with an ``index`` from ``list``.</doc>
<status status="PASS" start="2026-06-02T20:10:23.622019" elapsed="0.001003"/>
</kw>
<return>
<value>${value}</value>
<status status="PASS" start="2026-06-02T20:10:23.623022" elapsed="0.000000"/>
</return>
<msg time="2026-06-02T20:10:23.623022" level="INFO">${last} = Doe</msg>
<var>${last}</var>
<arg>${body}</arg>
<arg>lastname</arg>
<status status="PASS" start="2026-06-02T20:10:23.611021" elapsed="0.012001"/>
</kw>
<kw name="Should Be Equal" owner="BuiltIn">
<arg>${first}</arg>
<arg>${firstname}</arg>
<doc>Fails if the given objects are unequal.</doc>
<status status="PASS" start="2026-06-02T20:10:23.623022" elapsed="0.000000"/>
</kw>
<kw name="Should Be Equal" owner="BuiltIn">
<arg>${last}</arg>
<arg>${lastname}</arg>
<doc>Fails if the given objects are unequal.</doc>
<status status="PASS" start="2026-06-02T20:10:23.623022" elapsed="0.000000"/>
</kw>
<status status="PASS" start="2026-06-02T20:10:23.597038" elapsed="0.025984"/>
</kw>
<kw name="Capturar Resultado do Teste" owner="api_keywords" type="TEARDOWN">
<kw name="Run Keyword And Ignore Error" owner="BuiltIn">
<kw name="Capturar Screenshot da Resposta" owner="api_keywords">
<kw name="Get Current Date" owner="DateTime">
<msg time="2026-06-02T20:10:23.624021" level="INFO">${timestamp} = 20260602_201023_624021</msg>
<var>${timestamp}</var>
<arg>result_format=%Y%m%d_%H%M%S_%f</arg>
[...]
</kw>
<kw name="Run Keyword And Ignore Error" owner="BuiltIn">
<kw name="DELETE On Session" owner="RequestsLibrary">
<msg time="2026-06-02T20:10:28.141618" level="INFO">DELETE Request : url=https://restful-booker.herokuapp.com/booking/4511 
 path_url=/booking/4511 
 headers={'User-Agent': 'python-requests/2.34.2', 'Accept-Encoding': 'gzip, deflate', 'Accept': '*/*', 'Connection': 'keep-alive', 'Content-Length': '0'} 
 body=None 
 </msg>
<msg time="2026-06-02T20:10:28.141618" level="INFO">DELETE Response : url=https://restful-booker.herokuapp.com/booking/4511 
 status=403, reason=Forbidden 
 headers={'Content-Length': '9', 'Content-Type': 'text/plain; charset=utf-8', 'Date': 'Tue, 02 Jun 2026 23:10:28 GMT', 'Etag': 'W/"9-PatfYBLj4Um1qTm5zrukoLhNyPU"', 'Nel': '{"report_to":"heroku-nel","response_headers":["Via"],"max_age":3600,"success_fraction":0.01,"failure_fraction":0.1}', 'Report-To': '{"group":"heroku-nel","endpoints":[{"url":"https://nel.heroku.com/reports?s=LMiXjGogoUkmESckPjxnBZ3WMPXvO32XDkpeluSSasY%3D\\u0026sid=c46efe9b-d3d2-4a0c-8c76-bfafa16c5add\\u0026ts=1780441828"}],"max_age":3600}', 'Reporting-Endpoints': 'heroku-nel="https://nel.heroku.com/reports?s=LMiXjGogoUkmESckPjxnBZ3WMPXvO32XDkpeluSSasY%3D&amp;sid=c46efe9b-d3d2-4a0c-8c76-bfafa16c5add&amp;ts=1780441828"', 'Server': 'Heroku', 'Via': '1.1 heroku-router', 'X-Powered-By': 'Express'} 
 body=Forbidden 
 </msg>
<msg time="2026-06-02T20:10:28.141618" level="INFO">C:\Users\Dione\AppData\Local\Programs\Python\Python312\Lib\site-packages\urllib3\connectionpool.py:1097: InsecureRequestWarning: Unverified HTTPS request is being made to host 'restful-booker.herokuapp.com'. Adding certificate verification is strongly advised. See: https://urllib3.readthedocs.io/en/latest/advanced-usage.html#tls-warnings
  warnings.warn(</msg>
<msg time="2026-06-02T20:10:28.141618" level="FAIL">HTTPError: 403 Client Error: Forbidden for url: https://restful-booker.herokuapp.com/booking/4511</msg>
<arg>api</arg>
<arg>${AUTH_BOOKING}/${BOOKING_ID}</arg>
<doc>Sends a DELETE request on a previously created HTTP Session.</doc>
<status status="FAIL" start="2026-06-02T20:10:28.027636" elapsed="0.113982">HTTPError: 403 Client Error: Forbidden for url: https://restful-booker.herokuapp.com/booking/4511</status>
</kw>
<msg time="2026-06-02T20:10:28.141618" level="INFO">${result} = ('FAIL', 'HTTPError: 403 Client Error: Forbidden for url: https://restful-booker.herokuapp.com/booking/4511')</msg>
<var>${result}</var>
<arg>DELETE On Session</arg>
<arg>api</arg>
<arg>${AUTH_BOOKING}/${BOOKING_ID}</arg>
<doc>Runs the given keyword with the given arguments and ignores possible error.</doc>
<status status="PASS" start="2026-06-02T20:10:28.027636" elapsed="0.113982"/>
</kw>
<kw name="Get From List" owner="Collections">
<msg time="2026-06-02T20:10:28.141618" level="INFO">${error_msg} = HTTPError: 403 Client Error: Forbidden for url: https://restful-booker.herokuapp.com/booking/4511</msg>
<var>${error_msg}</var>
<arg>${result}</arg>
<arg>1</arg>
<doc>Returns the value specified with an ``index`` from ``list``.</doc>
<status status="PASS" start="2026-06-02T20:10:28.141618" elapsed="0.000000"/>
</kw>
<kw name="Set Suite Variable" owner="BuiltIn">
<msg time="2026-06-02T20:10:28.141618" level="INFO">${REQUEST_ERROR} = HTTPError: 403 Client Error: Forbidden for url: https://restful-booker.herokuapp.com/booking/4511</msg>
<arg>${REQUEST_ERROR}</arg>
<arg>${error_msg}</arg>
<doc>Makes a variable available everywhere within the scope of the current suite.</doc>
<status status="PASS" start="2026-06-02T20:10:28.141618" elapsed="0.000000"/>
</kw>
<status status="PASS" start="2026-06-02T20:10:28.026729" elapsed="0.114889"/>
</kw>
<kw name="Então o status da resposta deve ser 401 ou 403" owner="api_keywords">
<kw name="Should Contain Any" owner="BuiltIn">
<arg>${REQUEST_ERROR}</arg>
<arg>403</arg>
<arg>401</arg>
<doc>Fails if ``container`` does not contain any of the ``*items``.</doc>
<status status="PASS" start="2026-06-02T20:10:28.141618" elapsed="0.000000"/>
</kw>
<status status="PASS" start="2026-06-02T20:10:28.141618" elapsed="0.000000"/>
</kw>
<kw name="Capturar Resultado do Teste" owner="api_keywords" type="TEARDOWN">
<kw name="Run Keyword And Ignore Error" owner="BuiltIn">
<kw name="Capturar Screenshot da Resposta" owner="api_keywords">
<kw name="Get Current Date" owner="DateTime">
<msg time="2026-06-02T20:10:28.141618" level="INFO">${timestamp} = 20260602_201028_141618</msg>
<var>${timestamp}</var>
<arg>result_format=%Y%m%d_%H%M%S_%f</arg>
<doc>Returns current local or UTC time with an optional increment.</doc>
<status status="PASS" start="2026-06-02T20:10:28.141618" elapsed="0.000000"/>
</kw>
<kw name="Set Variable" owner="BuiltIn">
<msg time="2026-06-02T20:10:28.141618" level="INFO">${response_text} = {"bookingid":4511,"booking":{"firstname":"John","lastname":"Doe","totalprice":123,"depositpaid":true,"bookingdates":{"checkin":"2025-01-01","checkout":"2025-01-05"},"additionalneeds":"Breakfast"}}</msg>
<var>${response_text}</var>
<arg>${LAST_RESPONSE.text}</arg>
<doc>Returns the given values which can then be assigned to a variables.</doc>
<status status="PASS" start="2026-06-02T20:10:28.141618" elapsed="0.000000"/>
</kw>
<kw name="Set Variable" owner="BuiltIn">
<msg time="2026-06-02T20:10:28.141618" level="INFO">${response_status} = 200</msg>
<var>${response_status}</var>
<arg>${LAST_RESPONSE.status_code}</arg>
<doc>Returns the given values which can then be assigned to a variables.</doc>
<status status="PASS" start="2026-06-02T20:10:28.141618" elapsed="0.000000"/>
</kw>
<kw name="Set Variable" owner="BuiltIn">
<msg time="2026-06-02T20:10:28.141618" level="INFO">${screenshot_dir} = results/screenshots</msg>
<var>${screenshot_dir}</var>
<arg>results/screenshots</arg>
<doc>Returns the given values which can then be assigned to a variables.</doc>
<status status="PASS" start="2026-06-02T20:10:28.141618" elapsed="0.000000"/>
</kw>
<kw name="Create Directory" owner="OperatingSystem">
<msg time="2026-06-02T20:10:28.141618" level="INFO" html="true">Directory '&lt;a href="file://C:\Users\Dione\Desktop\Mentoria-QA\teste2\results\screenshots"&gt;C:\Users\Dione\Desktop\Mentoria-QA\teste2\results\screenshots&lt;/a&gt;' already exists.</msg>
<arg>${screenshot_dir}</arg>
<doc>Creates the specified directory.</doc>
<status status="PASS" start="2026-06-02T20:10:28.141618" elapsed="0.000000"/>
</kw>
<kw name="Set Variable" owner="BuiltIn">
<msg time="2026-06-02T20:10:28.141618" level="INFO">${filename} = results/screenshots/response_20260602_201028_141618_200.json</msg>
<var>${filename}</var>
<arg>${screenshot_dir}/response_${timestamp}_${response_status}.json</arg>
<doc>Returns the given values which can then be assigned to a variables.</doc>
<status status="PASS" start="2026-06-02T20:10:28.141618" elapsed="0.000000"/>
</kw>
<kw name="Create File" owner="OperatingSystem">
<msg time="2026-06-02T20:10:28.141618" level="INFO" html="true">Created file '&lt;a href="file://C:\Users\Dione\Desktop\Mentoria-QA\teste2\results\screenshots\response_20260602_201028_141618_200.json"&gt;C:\Users\Dione\Desktop\Mentoria-QA\teste2\results\screenshots\response_20260602_201028_141618_200.json&lt;/a&gt;'.</msg>
<arg>${filename}</arg>
<arg>${response_text}</arg>
<doc>Creates a file with the given content and encoding.</doc>
<status status="PASS" start="2026-06-02T20:10:28.141618" elapsed="0.000000"/>
</kw>
<doc>Salva a resposta da API como arquivo JSON para visualização</doc>
<status status="PASS" start="2026-06-02T20:10:28.141618" elapsed="0.000000"/>
</kw>
<arg>Capturar Screenshot da Resposta</arg>
<doc>Runs the given keyword with the given arguments and ignores possible error.</doc>
<status status="PASS" start="2026-06-02T20:10:28.141618" elapsed="0.000000"/>
</kw>
<doc>Captura screenshot de sucesso ou erro baseado no resultado do teste</doc>
<status status="PASS" start="2026-06-02T20:10:28.141618" elapsed="0.000000"/>
</kw>
<doc>Valida que não é possível excluir booking sem autenticação.</doc>
<tag>auth</tag>
<tag>seguranca</tag>
<status status="PASS" start="2026-06-02T20:10:27.514518" elapsed="0.627100"/>
</test>
<test id="s1-s4-s1-t3" name="Payload especial não deve causar erro de servidor" line="26">
<kw name="Dado que o endpoint de booking está disponível" owner="api_keywords">
<kw name="Criar Sessão API" owner="api_keywords">
<kw name="Create Session" owner="RequestsLibrary">
<msg time="2026-06-02T20:10:28.154219" level="INFO">Creating Session using : alias=api, url=https://restful-booker.herokuapp.com, headers={},                     cookies={}, auth=None, timeout=30, proxies=None, verify=False,                     debug=0 </msg>
<arg>api</arg>
<arg>${BASE_URL}</arg>
<arg>timeout=${TIMEOUT}</arg>
<arg>verify=False</arg>
<doc>Create Session: create a HTTP session to a server</doc>
<status status="PASS" start="2026-06-02T20:10:28.154219" elapsed="0.000000"/>
</kw>
<status status="PASS" start="2026-06-02T20:10:28.154219" elapsed="0.000000"/>
</kw>
<status status="PASS" start="2026-06-02T20:10:28.154219" elapsed="0.000000"/>
</kw>
<kw name="Quando eu crio a reserva com payload especial" owner="api_keywords">
<kw name="Create Dictionary" owner="BuiltIn">
<msg time="2026-06-02T20:10:28.154219" level="INFO">${bookingdates} = {'checkin': '2025-01-01', 'checkout': '2025-01-05'}</msg>
<var>${bookingdates}</var>
<arg>checkin=2025-01-01</arg>
<arg>checkout=2025-01-05</arg>
<doc>Creates and returns a dictionary based on the given ``items``.</doc>
<status status="PASS" start="2026-06-02T20:10:28.154219" elapsed="0.000000"/>
</kw>
<kw name="Evaluate" owner="BuiltIn">
<msg time="2026-06-02T20:10:28.154219" level="INFO">${payload} = {'firstname': "Robert' OR '1'='1", 'lastname': 'Doe', 'totalprice': 123, 'depositpaid': True, 'bookingdates': {'checkin': '2025-01-01', 'checkout': '2025-01-05'}, 'additionalneeds': 'Breakfast'}</msg>
<var>${payload}</var>
<arg>{'firstname': "Robert' OR '1'='1", 'lastname': 'Doe', 'totalprice': 123, 'depositpaid': True, 'bookingdates': {'checkin': '2025-01-01', 'checkout': '2025-01-05'}, 'additionalneeds': 'Breakfast'}</arg>
<doc>Evaluates the given expression in Python and returns the result.</doc>
<status status="PASS" start="2026-06-02T20:10:28.154219" elapsed="0.000000"/>
</kw>
<kw name="POST On Session" owner="RequestsLibrary">
<msg time="2026-06-02T20:10:28.675236" level="INFO">POST Request : url=https://restful-booker.herokuapp.com/booking 
 path_url=/booking 
 headers={'User-Agent': 'python-requests/2.34.2', 'Accept-Encoding': 'gzip, deflate', 'Accept': '*/*', 'Connection': 'keep-alive', 'Content-Length': '194', 'Content-Type': 'application/json'} 
 body=b'{"firstname": "Robert\' OR \'1\'=\'1", "lastname": "Doe", "totalprice": 123, "depositpaid": true, "bookingdates": {"checkin": "2025-01-01", "checkout": "2025-01-05"}, "additionalneeds": "Breakfast"}' 
 </msg>
<msg time="2026-06-02T20:10:28.675236" level="INFO">POST Response : url=https://restful-booker.herokuapp.com/booking 
 status=200, reason=OK 
 headers={'Content-Length': '209', 'Content-Type': 'application/json; charset=utf-8', 'Date': 'Tue, 02 Jun 2026 23:10:28 GMT', 'Etag': 'W/"d1-qJDQ87/ktrgcvkxDCC7BMJCAatU"', 'Nel': '{"report_to":"heroku-nel","response_headers":["Via"],"max_age":3600,"success_fraction":0.01,"failure_fraction":0.1}', 'Report-To': '{"group":"heroku-nel","endpoints":[{"url":"https://nel.heroku.com/reports?s=LMiXjGogoUkmESckPjxnBZ3WMPXvO32XDkpeluSSasY%3D\\u0026sid=c46efe9b-d3d2-4a0c-8c76-bfafa16c5add\\u0026ts=1780441828"}],"max_age":3600}', 'Reporting-Endpoints': 'heroku-nel="https://nel.heroku.com/reports?s=LMiXjGogoUkmESckPjxnBZ3WMPXvO32XDkpeluSSasY%3D&amp;sid=c46efe9b-d3d2-4a0c-8c76-bfafa16c5add&amp;ts=1780441828"', 'Server': 'Heroku', 'Via': '1.1 heroku-router', 'X-Powered-By': 'Express'} 
 body={"bookingid":4517,"booking":{"firstname":"Robert' OR '1'='1","lastname":"Doe","totalprice":123,"depositpaid":true,"bookingdates":{"checkin":"2025-01-01","checkout":"2025-01-05"},"additionalneeds":"Breakfast"}} 
 </msg>
<msg time="2026-06-02T20:10:28.676234" level="INFO">C:\Users\Dione\AppData\Local\Programs\Python\Python312\Lib\site-packages\urllib3\connectionpool.py:1097: InsecureRequestWarning: Unverified HTTPS request is being made to host 'restful-booker.herokuapp.com'. Adding certificate verification is strongly advised. See: https://urllib3.readthedocs.io/en/latest/advanced-usage.html#tls-warnings
  warnings.warn(</msg>
<msg time="2026-06-02T20:10:28.676234" level="INFO">${response} = &lt;Response [200]&gt;</msg>
<var>${response}</var>
<arg>api</arg>
<arg>${AUTH_BOOKING}</arg>
<arg>json=${payload}</arg>
<doc>Sends a POST request on a previously created HTTP Session.</doc>
<status status="PASS" start="2026-06-02T20:10:28.154219" elapsed="0.522015"/>
</kw>
<kw name="Set Suite Variable" owner="BuiltIn">
<msg time="2026-06-02T20:10:28.677016" level="INFO">${LAST_RESPONSE} = &lt;Response [200]&gt;</msg>
<arg>${LAST_RESPONSE}</arg>
<arg>${response}</arg>
<doc>Makes a variable available everywhere within the scope of the current suite.</doc>
<status status="PASS" start="2026-06-02T20:10:28.677016" elapsed="0.000000"/>
</kw>
<status status="PASS" start="2026-06-02T20:10:28.154219" elapsed="0.522797"/>
</kw>
<kw name="Então a resposta não deve ser erro do servidor" owner="api_keywords">
<kw name="Should Be True" owner="BuiltIn">
<arg>${LAST_RESPONSE.status_code} &lt; 500</arg>
<doc>Fails if the given condition is not true.</doc>
<status status="PASS" start="2026-06-02T20:10:28.677016" elapsed="0.000000"/>
</kw>
<status status="PASS" start="2026-06-02T20:10:28.677016" elapsed="0.000000"/>
</kw>
<kw name="Capturar Resultado do Teste" owner="api_keywords" type="TEARDOWN">
<kw name="Run Keyword And Ignore Error" owner="BuiltIn">
<kw name="Capturar Screenshot da Resposta" owner="api_keywords">
<kw name="Get Current Date" owner="DateTime">
<msg time="2026-06-02T20:10:28.677016" level="INFO">${timestamp} = 20260602_201028_677016</msg>
<var>${timestamp}</var>
<arg>result_format=%Y%m%d_%H%M%S_%f</arg>
<doc>Returns current local or UTC time with an optional increment.</doc>
<status status="PASS" start="2026-06-02T20:10:28.677016" elapsed="0.000000"/>
</kw>
<kw name="Set Variable" owner="BuiltIn">
<msg time="2026-06-02T20:10:28.677016" level="INFO">${response_text} = {"bookingid":4517,"booking":{"firstname":"Robert' OR '1'='1","lastname":"Doe","totalprice":123,"depositpaid":true,"bookingdates":{"checkin":"2025-01-01","checkout":"2025-01-05"},"additionalneeds":"Bre...</msg>
<var>${response_text}</var>
<arg>${LAST_RESPONSE.text}</arg>
<doc>Returns the given values which can then be assigned to a variables.</doc>
<status status="PASS" start="2026-06-02T20:10:28.677016" elapsed="0.000000"/>
</kw>
<kw name="Set Variable" owner="BuiltIn">
<msg time="2026-06-02T20:10:28.677016" level="INFO">${response_status} = 200</msg>
<var>${response_status}</var>
<arg>${LAST_RESPONSE.status_code}</arg>
<doc>Returns the given values which can then be assigned to a variables.</doc>
<status status="PASS" start="2026-06-02T20:10:28.677016" elapsed="0.000000"/>
</kw>
<kw name="Set Variable" owner="BuiltIn">
<msg time="2026-06-02T20:10:28.677016" level="INFO">${screenshot_dir} = results/screenshots</msg>
<var>${screenshot_dir}</var>
<arg>results/screenshots</arg>
<doc>Returns the given values which can then be assigned to a variables.</doc>
<status status="PASS" start="2026-06-02T20:10:28.677016" elapsed="0.000000"/>
</kw>
<kw name="Create Directory" owner="OperatingSystem">
<msg time="2026-06-02T20:10:28.677016" level="INFO" html="true">Directory '&lt;a href="file://C:\Users\Dione\Desktop\Mentoria-QA\teste2\results\screenshots"&gt;C:\Users\Dione\Desktop\Mentoria-QA\teste2\results\screenshots&lt;/a&gt;' already exists.</msg>
<arg>${screenshot_dir}</arg>
<doc>Creates the specified directory.</doc>
<status status="PASS" start="2026-06-02T20:10:28.677016" elapsed="0.000000"/>
</kw>
<kw name="Set Variable" owner="BuiltIn">
<msg time="2026-06-02T20:10:28.677016" level="INFO">${filename} = results/screenshots/response_20260602_201028_677016_200.json</msg>
<var>${filename}</var>
<arg>${screenshot_dir}/response_${timestamp}_${response_status}.json</arg>
<doc>Returns the given values which can then be assigned to a variables.</doc>
<status status="PASS" start="2026-06-02T20:10:28.677016" elapsed="0.000000"/>
</kw>
<kw name="Create File" owner="OperatingSystem">
<msg time="2026-06-02T20:10:28.686914" level="INFO" html="true">Created file '&lt;a href="file://C:\Users\Dione\Desktop\Mentoria-QA\teste2\results\screenshots\response_20260602_201028_677016_200.json"&gt;C:\Users\Dione\Desktop\Mentoria-QA\teste2\results\screenshots\response_20260602_201028_677016_200.json&lt;/a&gt;'.</msg>
<arg>${filename}</arg>
<arg>${response_text}</arg>
<doc>Creates a file with the given content and encoding.</doc>
<status status="PASS" start="2026-06-02T20:10:28.677016" elapsed="0.009898"/>
</kw>
<doc>Salva a resposta da API como arquivo JSON para visualização</doc>
<status status="PASS" start="2026-06-02T20:10:28.677016" elapsed="0.009898"/>
</kw>
<arg>Capturar Screenshot da Resposta</arg>
<doc>Runs the given keyword with the given arguments and ignores possible error.</doc>
<status status="PASS" start="2026-06-02T20:10:28.677016" elapsed="0.009898"/>
</kw>
<doc>Captura screenshot de sucesso ou erro baseado no resultado do teste</doc>
<status status="PASS" start="2026-06-02T20:10:28.677016" elapsed="0.009898"/>
</kw>
<doc>Valida que payload com caracteres especiais não causa erro 500.</doc>
<tag>injeção</tag>
<tag>seguranca</tag>
<status status="PASS" start="2026-06-02T20:10:28.141618" elapsed="0.545296"/>
</test>
<kw name="Deleta sessão API" owner="api_keywords" type="TEARDOWN">
<kw name="Delete All Sessions" owner="RequestsLibrary">
<msg time="2026-06-02T20:10:28.686914" level="INFO">Deleting All Sessions</msg>
<doc>Removes all the session objects</doc>
<status status="PASS" start="2026-06-02T20:10:28.686914" elapsed="0.000000"/>
</kw>
<status status="PASS" start="2026-06-02T20:10:28.686914" elapsed="0.000000"/>
</kw>
<doc>Testes de segurança para a API Restful Booker.</doc>
<status status="PASS" start="2026-06-02T20:10:26.870515" elapsed="1.816399"/>
</suite>
<status status="PASS" start="2026-06-02T20:10:26.868515" elapsed="1.818399"/>
</suite>
<status status="PASS" start="2026-06-02T20:10:20.135436" elapsed="8.551478"/>
</suite>
<statistics>
<total>
<stat pass="11" fail="0" skip="0">All Tests</stat>
</total>
<tag>
<stat pass="1" fail="0" skip="0">atualizacao</stat>
<stat pass="1" fail="0" skip="0">autenticacao</stat>
<stat pass="2" fail="0" skip="0">auth</stat>
<stat pass="5" fail="0" skip="0">booking</stat>
<stat pass="1" fail="0" skip="0">campos-invalidos</stat>
<stat pass="1" fail="0" skip="0">exclusao</stat>
<stat pass="1" fail="0" skip="0">injeção</stat>
<stat pass="2" fail="0" skip="0">leitura</stat>
<stat pass="1" fail="0" skip="0">negativo</stat>
<stat pass="1" fail="0" skip="0">performance</stat>
<stat pass="2" fail="0" skip="0">positivo</stat>
<stat pass="3" fail="0" skip="0">seguranca</stat>
<stat pass="1" fail="0" skip="0">validacao</stat>
</tag>
<suite>
<stat pass="11" fail="0" skip="0" id="s1" name="Api">Api</stat>
<stat pass="2" fail="0" skip="0" id="s1-s1" name="Auth">Api.Auth</stat>
<stat pass="2" fail="0" skip="0" id="s1-s1-s1" name="Auth Suites">Api.Auth.Auth Suites</stat>
<stat pass="5" fail="0" skip="0" id="s1-s2" name="Booking">Api.Booking</stat>
<stat pass="5" fail="0" skip="0" id="s1-s2-s1" name="Booking Suites">Api.Booking.Booking Suites</stat>
<stat pass="1" fail="0" skip="0" id="s1-s3" name="Performance">Api.Performance</stat>
<stat pass="1" fail="0" skip="0" id="s1-s3-s1" name="Performance Suites">Api.Performance.Performance Suites</stat>
<stat pass="3" fail="0" skip="0" id="s1-s4" name="Security">Api.Security</stat>
<stat pass="3" fail="0" skip="0" id="s1-s4-s1" name="Security Suites">Api.Security.Security Suites</stat>
</suite>
</statistics>
<errors>
</errors>
</robot>
